INFO - 2025-07-12 20:34:40 --> Session: Class initialized using 'CodeIgniter\Session\Handlers\FileHandler' driver.
CRITICAL - 2025-07-12 20:34:51 --> CodeIgniter\Security\Exceptions\SecurityException: The action you requested is not allowed.
[Method: POST, Route: login/verificacionlogin]
in SYSTEMPATH\Security\Security.php on line 262.
 1 SYSTEMPATH\Security\Security.php(262): CodeIgniter\Security\Exceptions\SecurityException::forDisallowedAction()
 2 SYSTEMPATH\Filters\CSRF.php(52): CodeIgniter\Security\Security->verify(Object(CodeIgniter\HTTP\IncomingRequest))
 3 SYSTEMPATH\Filters\Filters.php(203): CodeIgniter\Filters\CSRF->before(Object(CodeIgniter\HTTP\IncomingRequest), null)
 4 SYSTEMPATH\Filters\Filters.php(184): CodeIgniter\Filters\Filters->runBefore([...])
 5 SYSTEMPATH\CodeIgniter.php(481): CodeIgniter\Filters\Filters->run('login/verificacionlogin', 'before')
 6 SYSTEMPATH\CodeIgniter.php(355): CodeIgniter\CodeIgniter->handleRequest(null, Object(Config\Cache), false)
 7 SYSTEMPATH\Boot.php(325): CodeIgniter\CodeIgniter->run()
 8 SYSTEMPATH\Boot.php(67): CodeIgniter\Boot::runCodeIgniter(Object(CodeIgniter\CodeIgniter))
 9 FCPATH\index.php(56): CodeIgniter\Boot::bootWeb(Object(Config\Paths))
CRITICAL - 2025-07-12 20:35:06 --> CodeIgniter\Security\Exceptions\SecurityException: The action you requested is not allowed.
[Method: POST, Route: login/verificacionlogin]
in SYSTEMPATH\Security\Security.php on line 262.
 1 SYSTEMPATH\Security\Security.php(262): CodeIgniter\Security\Exceptions\SecurityException::forDisallowedAction()
 2 SYSTEMPATH\Filters\CSRF.php(52): CodeIgniter\Security\Security->verify(Object(CodeIgniter\HTTP\IncomingRequest))
 3 SYSTEMPATH\Filters\Filters.php(203): CodeIgniter\Filters\CSRF->before(Object(CodeIgniter\HTTP\IncomingRequest), null)
 4 SYSTEMPATH\Filters\Filters.php(184): CodeIgniter\Filters\Filters->runBefore([...])
 5 SYSTEMPATH\CodeIgniter.php(481): CodeIgniter\Filters\Filters->run('login/verificacionlogin', 'before')
 6 SYSTEMPATH\CodeIgniter.php(355): CodeIgniter\CodeIgniter->handleRequest(null, Object(Config\Cache), false)
 7 SYSTEMPATH\Boot.php(325): CodeIgniter\CodeIgniter->run()
 8 SYSTEMPATH\Boot.php(67): CodeIgniter\Boot::runCodeIgniter(Object(CodeIgniter\CodeIgniter))
 9 FCPATH\index.php(56): CodeIgniter\Boot::bootWeb(Object(Config\Paths))
CRITICAL - 2025-07-12 20:41:36 --> CodeIgniter\Security\Exceptions\SecurityException: The action you requested is not allowed.
[Method: POST, Route: login/verificacionlogin]
in SYSTEMPATH\Security\Security.php on line 262.
 1 SYSTEMPATH\Security\Security.php(262): CodeIgniter\Security\Exceptions\SecurityException::forDisallowedAction()
 2 SYSTEMPATH\Filters\CSRF.php(52): CodeIgniter\Security\Security->verify(Object(CodeIgniter\HTTP\IncomingRequest))
 3 SYSTEMPATH\Filters\Filters.php(203): CodeIgniter\Filters\CSRF->before(Object(CodeIgniter\HTTP\IncomingRequest), null)
 4 SYSTEMPATH\Filters\Filters.php(184): CodeIgniter\Filters\Filters->runBefore([...])
 5 SYSTEMPATH\CodeIgniter.php(481): CodeIgniter\Filters\Filters->run('login/verificacionlogin', 'before')
 6 SYSTEMPATH\CodeIgniter.php(355): CodeIgniter\CodeIgniter->handleRequest(null, Object(Config\Cache), false)
 7 SYSTEMPATH\Boot.php(325): CodeIgniter\CodeIgniter->run()
 8 SYSTEMPATH\Boot.php(67): CodeIgniter\Boot::runCodeIgniter(Object(CodeIgniter\CodeIgniter))
 9 FCPATH\index.php(56): CodeIgniter\Boot::bootWeb(Object(Config\Paths))
INFO - 2025-07-12 20:41:38 --> Session: Class initialized using 'CodeIgniter\Session\Handlers\FileHandler' driver.
INFO - 2025-07-12 20:41:50 --> CSRF token verified.
WARNING - 2025-07-12 20:44:03 --> [DEPRECATED] json_decode(): Passing null to parameter #1 ($json) of type string is deprecated in APPPATH\Views\VistaSelectCasos.php on line 93.
 1 APPPATH\Views\VistaSelectCasos.php(93): json_decode(null, true)
 2 SYSTEMPATH\View\View.php(234): include('C:\\xampp\\htdocs\\SisOdontoMandy\\app\\Views\\VistaSelectCasos.php')
 3 SYSTEMPATH\View\View.php(237): CodeIgniter\View\View->CodeIgniter\View\{closure}()
 4 SYSTEMPATH\Common.php(1171): CodeIgniter\View\View->render('VistaSelectCasos', [], true)
 5 APPPATH\Controllers\CCasos.php(57): view('VistaSelectCasos', [...])
 6 SYSTEMPATH\CodeIgniter.php(933): App\Controllers\CCasos->SelectCasosFC()
 7 SYSTEMPATH\CodeIgniter.php(509): CodeIgniter\CodeIgniter->runController(Object(App\Controllers\CCasos))
 8 SYSTEMPATH\CodeIgniter.php(355): CodeIgniter\CodeIgniter->handleRequest(null, Object(Config\Cache), false)
 9 SYSTEMPATH\Boot.php(325): CodeIgniter\CodeIgniter->run()
10 SYSTEMPATH\Boot.php(67): CodeIgniter\Boot::runCodeIgniter(Object(CodeIgniter\CodeIgniter))
11 FCPATH\index.php(56): CodeIgniter\Boot::bootWeb(Object(Config\Paths))
WARNING - 2025-07-12 20:44:03 --> [DEPRECATED] json_decode(): Passing null to parameter #1 ($json) of type string is deprecated in APPPATH\Views\VistaSelectCasos.php on line 93.
 1 APPPATH\Views\VistaSelectCasos.php(93): json_decode(null, true)
 2 SYSTEMPATH\View\View.php(234): include('C:\\xampp\\htdocs\\SisOdontoMandy\\app\\Views\\VistaSelectCasos.php')
 3 SYSTEMPATH\View\View.php(237): CodeIgniter\View\View->CodeIgniter\View\{closure}()
 4 SYSTEMPATH\Common.php(1171): CodeIgniter\View\View->render('VistaSelectCasos', [], true)
 5 APPPATH\Controllers\CCasos.php(57): view('VistaSelectCasos', [...])
 6 SYSTEMPATH\CodeIgniter.php(933): App\Controllers\CCasos->SelectCasosFC()
 7 SYSTEMPATH\CodeIgniter.php(509): CodeIgniter\CodeIgniter->runController(Object(App\Controllers\CCasos))
 8 SYSTEMPATH\CodeIgniter.php(355): CodeIgniter\CodeIgniter->handleRequest(null, Object(Config\Cache), false)
 9 SYSTEMPATH\Boot.php(325): CodeIgniter\CodeIgniter->run()
10 SYSTEMPATH\Boot.php(67): CodeIgniter\Boot::runCodeIgniter(Object(CodeIgniter\CodeIgniter))
11 FCPATH\index.php(56): CodeIgniter\Boot::bootWeb(Object(Config\Paths))
WARNING - 2025-07-12 20:44:03 --> [DEPRECATED] json_decode(): Passing null to parameter #1 ($json) of type string is deprecated in APPPATH\Views\VistaSelectCasos.php on line 93.
 1 APPPATH\Views\VistaSelectCasos.php(93): json_decode(null, true)
 2 SYSTEMPATH\View\View.php(234): include('C:\\xampp\\htdocs\\SisOdontoMandy\\app\\Views\\VistaSelectCasos.php')
 3 SYSTEMPATH\View\View.php(237): CodeIgniter\View\View->CodeIgniter\View\{closure}()
 4 SYSTEMPATH\Common.php(1171): CodeIgniter\View\View->render('VistaSelectCasos', [], true)
 5 APPPATH\Controllers\CCasos.php(57): view('VistaSelectCasos', [...])
 6 SYSTEMPATH\CodeIgniter.php(933): App\Controllers\CCasos->SelectCasosFC()
 7 SYSTEMPATH\CodeIgniter.php(509): CodeIgniter\CodeIgniter->runController(Object(App\Controllers\CCasos))
 8 SYSTEMPATH\CodeIgniter.php(355): CodeIgniter\CodeIgniter->handleRequest(null, Object(Config\Cache), false)
 9 SYSTEMPATH\Boot.php(325): CodeIgniter\CodeIgniter->run()
10 SYSTEMPATH\Boot.php(67): CodeIgniter\Boot::runCodeIgniter(Object(CodeIgniter\CodeIgniter))
11 FCPATH\index.php(56): CodeIgniter\Boot::bootWeb(Object(Config\Paths))
WARNING - 2025-07-12 20:44:03 --> [DEPRECATED] json_decode(): Passing null to parameter #1 ($json) of type string is deprecated in APPPATH\Views\VistaSelectCasos.php on line 93.
 1 APPPATH\Views\VistaSelectCasos.php(93): json_decode(null, true)
 2 SYSTEMPATH\View\View.php(234): include('C:\\xampp\\htdocs\\SisOdontoMandy\\app\\Views\\VistaSelectCasos.php')
 3 SYSTEMPATH\View\View.php(237): CodeIgniter\View\View->CodeIgniter\View\{closure}()
 4 SYSTEMPATH\Common.php(1171): CodeIgniter\View\View->render('VistaSelectCasos', [], true)
 5 APPPATH\Controllers\CCasos.php(57): view('VistaSelectCasos', [...])
 6 SYSTEMPATH\CodeIgniter.php(933): App\Controllers\CCasos->SelectCasosFC()
 7 SYSTEMPATH\CodeIgniter.php(509): CodeIgniter\CodeIgniter->runController(Object(App\Controllers\CCasos))
 8 SYSTEMPATH\CodeIgniter.php(355): CodeIgniter\CodeIgniter->handleRequest(null, Object(Config\Cache), false)
 9 SYSTEMPATH\Boot.php(325): CodeIgniter\CodeIgniter->run()
10 SYSTEMPATH\Boot.php(67): CodeIgniter\Boot::runCodeIgniter(Object(CodeIgniter\CodeIgniter))
11 FCPATH\index.php(56): CodeIgniter\Boot::bootWeb(Object(Config\Paths))
WARNING - 2025-07-12 20:44:03 --> [DEPRECATED] json_decode(): Passing null to parameter #1 ($json) of type string is deprecated in APPPATH\Views\VistaSelectCasos.php on line 93.
 1 APPPATH\Views\VistaSelectCasos.php(93): json_decode(null, true)
 2 SYSTEMPATH\View\View.php(234): include('C:\\xampp\\htdocs\\SisOdontoMandy\\app\\Views\\VistaSelectCasos.php')
 3 SYSTEMPATH\View\View.php(237): CodeIgniter\View\View->CodeIgniter\View\{closure}()
 4 SYSTEMPATH\Common.php(1171): CodeIgniter\View\View->render('VistaSelectCasos', [], true)
 5 APPPATH\Controllers\CCasos.php(57): view('VistaSelectCasos', [...])
 6 SYSTEMPATH\CodeIgniter.php(933): App\Controllers\CCasos->SelectCasosFC()
 7 SYSTEMPATH\CodeIgniter.php(509): CodeIgniter\CodeIgniter->runController(Object(App\Controllers\CCasos))
 8 SYSTEMPATH\CodeIgniter.php(355): CodeIgniter\CodeIgniter->handleRequest(null, Object(Config\Cache), false)
 9 SYSTEMPATH\Boot.php(325): CodeIgniter\CodeIgniter->run()
10 SYSTEMPATH\Boot.php(67): CodeIgniter\Boot::runCodeIgniter(Object(CodeIgniter\CodeIgniter))
11 FCPATH\index.php(56): CodeIgniter\Boot::bootWeb(Object(Config\Paths))
WARNING - 2025-07-12 20:45:27 --> [DEPRECATED] json_decode(): Passing null to parameter #1 ($json) of type string is deprecated in APPPATH\Views\VistaSelectCasos.php on line 93.
 1 APPPATH\Views\VistaSelectCasos.php(93): json_decode(null, true)
 2 SYSTEMPATH\View\View.php(234): include('C:\\xampp\\htdocs\\SisOdontoMandy\\app\\Views\\VistaSelectCasos.php')
 3 SYSTEMPATH\View\View.php(237): CodeIgniter\View\View->CodeIgniter\View\{closure}()
 4 SYSTEMPATH\Common.php(1171): CodeIgniter\View\View->render('VistaSelectCasos', [], true)
 5 APPPATH\Controllers\CCasos.php(57): view('VistaSelectCasos', [...])
 6 SYSTEMPATH\CodeIgniter.php(933): App\Controllers\CCasos->SelectCasosFC()
 7 SYSTEMPATH\CodeIgniter.php(509): CodeIgniter\CodeIgniter->runController(Object(App\Controllers\CCasos))
 8 SYSTEMPATH\CodeIgniter.php(355): CodeIgniter\CodeIgniter->handleRequest(null, Object(Config\Cache), false)
 9 SYSTEMPATH\Boot.php(325): CodeIgniter\CodeIgniter->run()
10 SYSTEMPATH\Boot.php(67): CodeIgniter\Boot::runCodeIgniter(Object(CodeIgniter\CodeIgniter))
11 FCPATH\index.php(56): CodeIgniter\Boot::bootWeb(Object(Config\Paths))
WARNING - 2025-07-12 20:45:27 --> [DEPRECATED] json_decode(): Passing null to parameter #1 ($json) of type string is deprecated in APPPATH\Views\VistaSelectCasos.php on line 93.
 1 APPPATH\Views\VistaSelectCasos.php(93): json_decode(null, true)
 2 SYSTEMPATH\View\View.php(234): include('C:\\xampp\\htdocs\\SisOdontoMandy\\app\\Views\\VistaSelectCasos.php')
 3 SYSTEMPATH\View\View.php(237): CodeIgniter\View\View->CodeIgniter\View\{closure}()
 4 SYSTEMPATH\Common.php(1171): CodeIgniter\View\View->render('VistaSelectCasos', [], true)
 5 APPPATH\Controllers\CCasos.php(57): view('VistaSelectCasos', [...])
 6 SYSTEMPATH\CodeIgniter.php(933): App\Controllers\CCasos->SelectCasosFC()
 7 SYSTEMPATH\CodeIgniter.php(509): CodeIgniter\CodeIgniter->runController(Object(App\Controllers\CCasos))
 8 SYSTEMPATH\CodeIgniter.php(355): CodeIgniter\CodeIgniter->handleRequest(null, Object(Config\Cache), false)
 9 SYSTEMPATH\Boot.php(325): CodeIgniter\CodeIgniter->run()
10 SYSTEMPATH\Boot.php(67): CodeIgniter\Boot::runCodeIgniter(Object(CodeIgniter\CodeIgniter))
11 FCPATH\index.php(56): CodeIgniter\Boot::bootWeb(Object(Config\Paths))
WARNING - 2025-07-12 20:45:27 --> [DEPRECATED] json_decode(): Passing null to parameter #1 ($json) of type string is deprecated in APPPATH\Views\VistaSelectCasos.php on line 93.
 1 APPPATH\Views\VistaSelectCasos.php(93): json_decode(null, true)
 2 SYSTEMPATH\View\View.php(234): include('C:\\xampp\\htdocs\\SisOdontoMandy\\app\\Views\\VistaSelectCasos.php')
 3 SYSTEMPATH\View\View.php(237): CodeIgniter\View\View->CodeIgniter\View\{closure}()
 4 SYSTEMPATH\Common.php(1171): CodeIgniter\View\View->render('VistaSelectCasos', [], true)
 5 APPPATH\Controllers\CCasos.php(57): view('VistaSelectCasos', [...])
 6 SYSTEMPATH\CodeIgniter.php(933): App\Controllers\CCasos->SelectCasosFC()
 7 SYSTEMPATH\CodeIgniter.php(509): CodeIgniter\CodeIgniter->runController(Object(App\Controllers\CCasos))
 8 SYSTEMPATH\CodeIgniter.php(355): CodeIgniter\CodeIgniter->handleRequest(null, Object(Config\Cache), false)
 9 SYSTEMPATH\Boot.php(325): CodeIgniter\CodeIgniter->run()
10 SYSTEMPATH\Boot.php(67): CodeIgniter\Boot::runCodeIgniter(Object(CodeIgniter\CodeIgniter))
11 FCPATH\index.php(56): CodeIgniter\Boot::bootWeb(Object(Config\Paths))
WARNING - 2025-07-12 20:45:27 --> [DEPRECATED] json_decode(): Passing null to parameter #1 ($json) of type string is deprecated in APPPATH\Views\VistaSelectCasos.php on line 93.
 1 APPPATH\Views\VistaSelectCasos.php(93): json_decode(null, true)
 2 SYSTEMPATH\View\View.php(234): include('C:\\xampp\\htdocs\\SisOdontoMandy\\app\\Views\\VistaSelectCasos.php')
 3 SYSTEMPATH\View\View.php(237): CodeIgniter\View\View->CodeIgniter\View\{closure}()
 4 SYSTEMPATH\Common.php(1171): CodeIgniter\View\View->render('VistaSelectCasos', [], true)
 5 APPPATH\Controllers\CCasos.php(57): view('VistaSelectCasos', [...])
 6 SYSTEMPATH\CodeIgniter.php(933): App\Controllers\CCasos->SelectCasosFC()
 7 SYSTEMPATH\CodeIgniter.php(509): CodeIgniter\CodeIgniter->runController(Object(App\Controllers\CCasos))
 8 SYSTEMPATH\CodeIgniter.php(355): CodeIgniter\CodeIgniter->handleRequest(null, Object(Config\Cache), false)
 9 SYSTEMPATH\Boot.php(325): CodeIgniter\CodeIgniter->run()
10 SYSTEMPATH\Boot.php(67): CodeIgniter\Boot::runCodeIgniter(Object(CodeIgniter\CodeIgniter))
11 FCPATH\index.php(56): CodeIgniter\Boot::bootWeb(Object(Config\Paths))
WARNING - 2025-07-12 20:45:27 --> [DEPRECATED] json_decode(): Passing null to parameter #1 ($json) of type string is deprecated in APPPATH\Views\VistaSelectCasos.php on line 93.
 1 APPPATH\Views\VistaSelectCasos.php(93): json_decode(null, true)
 2 SYSTEMPATH\View\View.php(234): include('C:\\xampp\\htdocs\\SisOdontoMandy\\app\\Views\\VistaSelectCasos.php')
 3 SYSTEMPATH\View\View.php(237): CodeIgniter\View\View->CodeIgniter\View\{closure}()
 4 SYSTEMPATH\Common.php(1171): CodeIgniter\View\View->render('VistaSelectCasos', [], true)
 5 APPPATH\Controllers\CCasos.php(57): view('VistaSelectCasos', [...])
 6 SYSTEMPATH\CodeIgniter.php(933): App\Controllers\CCasos->SelectCasosFC()
 7 SYSTEMPATH\CodeIgniter.php(509): CodeIgniter\CodeIgniter->runController(Object(App\Controllers\CCasos))
 8 SYSTEMPATH\CodeIgniter.php(355): CodeIgniter\CodeIgniter->handleRequest(null, Object(Config\Cache), false)
 9 SYSTEMPATH\Boot.php(325): CodeIgniter\CodeIgniter->run()
10 SYSTEMPATH\Boot.php(67): CodeIgniter\Boot::runCodeIgniter(Object(CodeIgniter\CodeIgniter))
11 FCPATH\index.php(56): CodeIgniter\Boot::bootWeb(Object(Config\Paths))
WARNING - 2025-07-12 20:46:32 --> [DEPRECATED] json_decode(): Passing null to parameter #1 ($json) of type string is deprecated in APPPATH\Views\VistaSelectCasos.php on line 93.
 1 APPPATH\Views\VistaSelectCasos.php(93): json_decode(null, true)
 2 SYSTEMPATH\View\View.php(234): include('C:\\xampp\\htdocs\\SisOdontoMandy\\app\\Views\\VistaSelectCasos.php')
 3 SYSTEMPATH\View\View.php(237): CodeIgniter\View\View->CodeIgniter\View\{closure}()
 4 SYSTEMPATH\Common.php(1171): CodeIgniter\View\View->render('VistaSelectCasos', [], true)
 5 APPPATH\Controllers\CCasos.php(57): view('VistaSelectCasos', [...])
 6 SYSTEMPATH\CodeIgniter.php(933): App\Controllers\CCasos->SelectCasosFC()
 7 SYSTEMPATH\CodeIgniter.php(509): CodeIgniter\CodeIgniter->runController(Object(App\Controllers\CCasos))
 8 SYSTEMPATH\CodeIgniter.php(355): CodeIgniter\CodeIgniter->handleRequest(null, Object(Config\Cache), false)
 9 SYSTEMPATH\Boot.php(325): CodeIgniter\CodeIgniter->run()
10 SYSTEMPATH\Boot.php(67): CodeIgniter\Boot::runCodeIgniter(Object(CodeIgniter\CodeIgniter))
11 FCPATH\index.php(56): CodeIgniter\Boot::bootWeb(Object(Config\Paths))
WARNING - 2025-07-12 20:46:32 --> [DEPRECATED] json_decode(): Passing null to parameter #1 ($json) of type string is deprecated in APPPATH\Views\VistaSelectCasos.php on line 93.
 1 APPPATH\Views\VistaSelectCasos.php(93): json_decode(null, true)
 2 SYSTEMPATH\View\View.php(234): include('C:\\xampp\\htdocs\\SisOdontoMandy\\app\\Views\\VistaSelectCasos.php')
 3 SYSTEMPATH\View\View.php(237): CodeIgniter\View\View->CodeIgniter\View\{closure}()
 4 SYSTEMPATH\Common.php(1171): CodeIgniter\View\View->render('VistaSelectCasos', [], true)
 5 APPPATH\Controllers\CCasos.php(57): view('VistaSelectCasos', [...])
 6 SYSTEMPATH\CodeIgniter.php(933): App\Controllers\CCasos->SelectCasosFC()
 7 SYSTEMPATH\CodeIgniter.php(509): CodeIgniter\CodeIgniter->runController(Object(App\Controllers\CCasos))
 8 SYSTEMPATH\CodeIgniter.php(355): CodeIgniter\CodeIgniter->handleRequest(null, Object(Config\Cache), false)
 9 SYSTEMPATH\Boot.php(325): CodeIgniter\CodeIgniter->run()
10 SYSTEMPATH\Boot.php(67): CodeIgniter\Boot::runCodeIgniter(Object(CodeIgniter\CodeIgniter))
11 FCPATH\index.php(56): CodeIgniter\Boot::bootWeb(Object(Config\Paths))
WARNING - 2025-07-12 20:46:32 --> [DEPRECATED] json_decode(): Passing null to parameter #1 ($json) of type string is deprecated in APPPATH\Views\VistaSelectCasos.php on line 93.
 1 APPPATH\Views\VistaSelectCasos.php(93): json_decode(null, true)
 2 SYSTEMPATH\View\View.php(234): include('C:\\xampp\\htdocs\\SisOdontoMandy\\app\\Views\\VistaSelectCasos.php')
 3 SYSTEMPATH\View\View.php(237): CodeIgniter\View\View->CodeIgniter\View\{closure}()
 4 SYSTEMPATH\Common.php(1171): CodeIgniter\View\View->render('VistaSelectCasos', [], true)
 5 APPPATH\Controllers\CCasos.php(57): view('VistaSelectCasos', [...])
 6 SYSTEMPATH\CodeIgniter.php(933): App\Controllers\CCasos->SelectCasosFC()
 7 SYSTEMPATH\CodeIgniter.php(509): CodeIgniter\CodeIgniter->runController(Object(App\Controllers\CCasos))
 8 SYSTEMPATH\CodeIgniter.php(355): CodeIgniter\CodeIgniter->handleRequest(null, Object(Config\Cache), false)
 9 SYSTEMPATH\Boot.php(325): CodeIgniter\CodeIgniter->run()
10 SYSTEMPATH\Boot.php(67): CodeIgniter\Boot::runCodeIgniter(Object(CodeIgniter\CodeIgniter))
11 FCPATH\index.php(56): CodeIgniter\Boot::bootWeb(Object(Config\Paths))
WARNING - 2025-07-12 20:46:32 --> [DEPRECATED] json_decode(): Passing null to parameter #1 ($json) of type string is deprecated in APPPATH\Views\VistaSelectCasos.php on line 93.
 1 APPPATH\Views\VistaSelectCasos.php(93): json_decode(null, true)
 2 SYSTEMPATH\View\View.php(234): include('C:\\xampp\\htdocs\\SisOdontoMandy\\app\\Views\\VistaSelectCasos.php')
 3 SYSTEMPATH\View\View.php(237): CodeIgniter\View\View->CodeIgniter\View\{closure}()
 4 SYSTEMPATH\Common.php(1171): CodeIgniter\View\View->render('VistaSelectCasos', [], true)
 5 APPPATH\Controllers\CCasos.php(57): view('VistaSelectCasos', [...])
 6 SYSTEMPATH\CodeIgniter.php(933): App\Controllers\CCasos->SelectCasosFC()
 7 SYSTEMPATH\CodeIgniter.php(509): CodeIgniter\CodeIgniter->runController(Object(App\Controllers\CCasos))
 8 SYSTEMPATH\CodeIgniter.php(355): CodeIgniter\CodeIgniter->handleRequest(null, Object(Config\Cache), false)
 9 SYSTEMPATH\Boot.php(325): CodeIgniter\CodeIgniter->run()
10 SYSTEMPATH\Boot.php(67): CodeIgniter\Boot::runCodeIgniter(Object(CodeIgniter\CodeIgniter))
11 FCPATH\index.php(56): CodeIgniter\Boot::bootWeb(Object(Config\Paths))
WARNING - 2025-07-12 20:46:32 --> [DEPRECATED] json_decode(): Passing null to parameter #1 ($json) of type string is deprecated in APPPATH\Views\VistaSelectCasos.php on line 93.
 1 APPPATH\Views\VistaSelectCasos.php(93): json_decode(null, true)
 2 SYSTEMPATH\View\View.php(234): include('C:\\xampp\\htdocs\\SisOdontoMandy\\app\\Views\\VistaSelectCasos.php')
 3 SYSTEMPATH\View\View.php(237): CodeIgniter\View\View->CodeIgniter\View\{closure}()
 4 SYSTEMPATH\Common.php(1171): CodeIgniter\View\View->render('VistaSelectCasos', [], true)
 5 APPPATH\Controllers\CCasos.php(57): view('VistaSelectCasos', [...])
 6 SYSTEMPATH\CodeIgniter.php(933): App\Controllers\CCasos->SelectCasosFC()
 7 SYSTEMPATH\CodeIgniter.php(509): CodeIgniter\CodeIgniter->runController(Object(App\Controllers\CCasos))
 8 SYSTEMPATH\CodeIgniter.php(355): CodeIgniter\CodeIgniter->handleRequest(null, Object(Config\Cache), false)
 9 SYSTEMPATH\Boot.php(325): CodeIgniter\CodeIgniter->run()
10 SYSTEMPATH\Boot.php(67): CodeIgniter\Boot::runCodeIgniter(Object(CodeIgniter\CodeIgniter))
11 FCPATH\index.php(56): CodeIgniter\Boot::bootWeb(Object(Config\Paths))
INFO - 2025-07-12 20:48:04 --> Session: Class initialized using 'CodeIgniter\Session\Handlers\FileHandler' driver.
INFO - 2025-07-12 20:48:15 --> CSRF token verified.
WARNING - 2025-07-12 20:48:30 --> [DEPRECATED] json_decode(): Passing null to parameter #1 ($json) of type string is deprecated in APPPATH\Views\VistaSelectCasos.php on line 93.
 1 APPPATH\Views\VistaSelectCasos.php(93): json_decode(null, true)
 2 SYSTEMPATH\View\View.php(234): include('C:\\xampp\\htdocs\\SisOdontoMandy\\app\\Views\\VistaSelectCasos.php')
 3 SYSTEMPATH\View\View.php(237): CodeIgniter\View\View->CodeIgniter\View\{closure}()
 4 SYSTEMPATH\Common.php(1171): CodeIgniter\View\View->render('VistaSelectCasos', [], true)
 5 APPPATH\Controllers\CCasos.php(57): view('VistaSelectCasos', [...])
 6 SYSTEMPATH\CodeIgniter.php(933): App\Controllers\CCasos->SelectCasosFC()
 7 SYSTEMPATH\CodeIgniter.php(509): CodeIgniter\CodeIgniter->runController(Object(App\Controllers\CCasos))
 8 SYSTEMPATH\CodeIgniter.php(355): CodeIgniter\CodeIgniter->handleRequest(null, Object(Config\Cache), false)
 9 SYSTEMPATH\Boot.php(325): CodeIgniter\CodeIgniter->run()
10 SYSTEMPATH\Boot.php(67): CodeIgniter\Boot::runCodeIgniter(Object(CodeIgniter\CodeIgniter))
11 FCPATH\index.php(56): CodeIgniter\Boot::bootWeb(Object(Config\Paths))
WARNING - 2025-07-12 20:48:30 --> [DEPRECATED] json_decode(): Passing null to parameter #1 ($json) of type string is deprecated in APPPATH\Views\VistaSelectCasos.php on line 93.
 1 APPPATH\Views\VistaSelectCasos.php(93): json_decode(null, true)
 2 SYSTEMPATH\View\View.php(234): include('C:\\xampp\\htdocs\\SisOdontoMandy\\app\\Views\\VistaSelectCasos.php')
 3 SYSTEMPATH\View\View.php(237): CodeIgniter\View\View->CodeIgniter\View\{closure}()
 4 SYSTEMPATH\Common.php(1171): CodeIgniter\View\View->render('VistaSelectCasos', [], true)
 5 APPPATH\Controllers\CCasos.php(57): view('VistaSelectCasos', [...])
 6 SYSTEMPATH\CodeIgniter.php(933): App\Controllers\CCasos->SelectCasosFC()
 7 SYSTEMPATH\CodeIgniter.php(509): CodeIgniter\CodeIgniter->runController(Object(App\Controllers\CCasos))
 8 SYSTEMPATH\CodeIgniter.php(355): CodeIgniter\CodeIgniter->handleRequest(null, Object(Config\Cache), false)
 9 SYSTEMPATH\Boot.php(325): CodeIgniter\CodeIgniter->run()
10 SYSTEMPATH\Boot.php(67): CodeIgniter\Boot::runCodeIgniter(Object(CodeIgniter\CodeIgniter))
11 FCPATH\index.php(56): CodeIgniter\Boot::bootWeb(Object(Config\Paths))
WARNING - 2025-07-12 20:48:30 --> [DEPRECATED] json_decode(): Passing null to parameter #1 ($json) of type string is deprecated in APPPATH\Views\VistaSelectCasos.php on line 93.
 1 APPPATH\Views\VistaSelectCasos.php(93): json_decode(null, true)
 2 SYSTEMPATH\View\View.php(234): include('C:\\xampp\\htdocs\\SisOdontoMandy\\app\\Views\\VistaSelectCasos.php')
 3 SYSTEMPATH\View\View.php(237): CodeIgniter\View\View->CodeIgniter\View\{closure}()
 4 SYSTEMPATH\Common.php(1171): CodeIgniter\View\View->render('VistaSelectCasos', [], true)
 5 APPPATH\Controllers\CCasos.php(57): view('VistaSelectCasos', [...])
 6 SYSTEMPATH\CodeIgniter.php(933): App\Controllers\CCasos->SelectCasosFC()
 7 SYSTEMPATH\CodeIgniter.php(509): CodeIgniter\CodeIgniter->runController(Object(App\Controllers\CCasos))
 8 SYSTEMPATH\CodeIgniter.php(355): CodeIgniter\CodeIgniter->handleRequest(null, Object(Config\Cache), false)
 9 SYSTEMPATH\Boot.php(325): CodeIgniter\CodeIgniter->run()
10 SYSTEMPATH\Boot.php(67): CodeIgniter\Boot::runCodeIgniter(Object(CodeIgniter\CodeIgniter))
11 FCPATH\index.php(56): CodeIgniter\Boot::bootWeb(Object(Config\Paths))
WARNING - 2025-07-12 20:48:30 --> [DEPRECATED] json_decode(): Passing null to parameter #1 ($json) of type string is deprecated in APPPATH\Views\VistaSelectCasos.php on line 93.
 1 APPPATH\Views\VistaSelectCasos.php(93): json_decode(null, true)
 2 SYSTEMPATH\View\View.php(234): include('C:\\xampp\\htdocs\\SisOdontoMandy\\app\\Views\\VistaSelectCasos.php')
 3 SYSTEMPATH\View\View.php(237): CodeIgniter\View\View->CodeIgniter\View\{closure}()
 4 SYSTEMPATH\Common.php(1171): CodeIgniter\View\View->render('VistaSelectCasos', [], true)
 5 APPPATH\Controllers\CCasos.php(57): view('VistaSelectCasos', [...])
 6 SYSTEMPATH\CodeIgniter.php(933): App\Controllers\CCasos->SelectCasosFC()
 7 SYSTEMPATH\CodeIgniter.php(509): CodeIgniter\CodeIgniter->runController(Object(App\Controllers\CCasos))
 8 SYSTEMPATH\CodeIgniter.php(355): CodeIgniter\CodeIgniter->handleRequest(null, Object(Config\Cache), false)
 9 SYSTEMPATH\Boot.php(325): CodeIgniter\CodeIgniter->run()
10 SYSTEMPATH\Boot.php(67): CodeIgniter\Boot::runCodeIgniter(Object(CodeIgniter\CodeIgniter))
11 FCPATH\index.php(56): CodeIgniter\Boot::bootWeb(Object(Config\Paths))
WARNING - 2025-07-12 20:48:30 --> [DEPRECATED] json_decode(): Passing null to parameter #1 ($json) of type string is deprecated in APPPATH\Views\VistaSelectCasos.php on line 93.
 1 APPPATH\Views\VistaSelectCasos.php(93): json_decode(null, true)
 2 SYSTEMPATH\View\View.php(234): include('C:\\xampp\\htdocs\\SisOdontoMandy\\app\\Views\\VistaSelectCasos.php')
 3 SYSTEMPATH\View\View.php(237): CodeIgniter\View\View->CodeIgniter\View\{closure}()
 4 SYSTEMPATH\Common.php(1171): CodeIgniter\View\View->render('VistaSelectCasos', [], true)
 5 APPPATH\Controllers\CCasos.php(57): view('VistaSelectCasos', [...])
 6 SYSTEMPATH\CodeIgniter.php(933): App\Controllers\CCasos->SelectCasosFC()
 7 SYSTEMPATH\CodeIgniter.php(509): CodeIgniter\CodeIgniter->runController(Object(App\Controllers\CCasos))
 8 SYSTEMPATH\CodeIgniter.php(355): CodeIgniter\CodeIgniter->handleRequest(null, Object(Config\Cache), false)
 9 SYSTEMPATH\Boot.php(325): CodeIgniter\CodeIgniter->run()
10 SYSTEMPATH\Boot.php(67): CodeIgniter\Boot::runCodeIgniter(Object(CodeIgniter\CodeIgniter))
11 FCPATH\index.php(56): CodeIgniter\Boot::bootWeb(Object(Config\Paths))
INFO - 2025-07-12 20:50:05 --> CSRF token verified.
INFO - 2025-07-12 20:50:29 --> CSRF token verified.
WARNING - 2025-07-12 20:50:29 --> [DEPRECATED] json_decode(): Passing null to parameter #1 ($json) of type string is deprecated in APPPATH\Views\VistaSelectCasos.php on line 93.
 1 APPPATH\Views\VistaSelectCasos.php(93): json_decode(null, true)
 2 SYSTEMPATH\View\View.php(234): include('C:\\xampp\\htdocs\\SisOdontoMandy\\app\\Views\\VistaSelectCasos.php')
 3 SYSTEMPATH\View\View.php(237): CodeIgniter\View\View->CodeIgniter\View\{closure}()
 4 SYSTEMPATH\Common.php(1171): CodeIgniter\View\View->render('VistaSelectCasos', [], true)
 5 APPPATH\Controllers\CCasos.php(57): view('VistaSelectCasos', [...])
 6 SYSTEMPATH\CodeIgniter.php(933): App\Controllers\CCasos->SelectCasosFC()
 7 SYSTEMPATH\CodeIgniter.php(509): CodeIgniter\CodeIgniter->runController(Object(App\Controllers\CCasos))
 8 SYSTEMPATH\CodeIgniter.php(355): CodeIgniter\CodeIgniter->handleRequest(null, Object(Config\Cache), false)
 9 SYSTEMPATH\Boot.php(325): CodeIgniter\CodeIgniter->run()
10 SYSTEMPATH\Boot.php(67): CodeIgniter\Boot::runCodeIgniter(Object(CodeIgniter\CodeIgniter))
11 FCPATH\index.php(56): CodeIgniter\Boot::bootWeb(Object(Config\Paths))
WARNING - 2025-07-12 20:50:29 --> [DEPRECATED] json_decode(): Passing null to parameter #1 ($json) of type string is deprecated in APPPATH\Views\VistaSelectCasos.php on line 93.
 1 APPPATH\Views\VistaSelectCasos.php(93): json_decode(null, true)
 2 SYSTEMPATH\View\View.php(234): include('C:\\xampp\\htdocs\\SisOdontoMandy\\app\\Views\\VistaSelectCasos.php')
 3 SYSTEMPATH\View\View.php(237): CodeIgniter\View\View->CodeIgniter\View\{closure}()
 4 SYSTEMPATH\Common.php(1171): CodeIgniter\View\View->render('VistaSelectCasos', [], true)
 5 APPPATH\Controllers\CCasos.php(57): view('VistaSelectCasos', [...])
 6 SYSTEMPATH\CodeIgniter.php(933): App\Controllers\CCasos->SelectCasosFC()
 7 SYSTEMPATH\CodeIgniter.php(509): CodeIgniter\CodeIgniter->runController(Object(App\Controllers\CCasos))
 8 SYSTEMPATH\CodeIgniter.php(355): CodeIgniter\CodeIgniter->handleRequest(null, Object(Config\Cache), false)
 9 SYSTEMPATH\Boot.php(325): CodeIgniter\CodeIgniter->run()
10 SYSTEMPATH\Boot.php(67): CodeIgniter\Boot::runCodeIgniter(Object(CodeIgniter\CodeIgniter))
11 FCPATH\index.php(56): CodeIgniter\Boot::bootWeb(Object(Config\Paths))
WARNING - 2025-07-12 20:50:29 --> [DEPRECATED] json_decode(): Passing null to parameter #1 ($json) of type string is deprecated in APPPATH\Views\VistaSelectCasos.php on line 93.
 1 APPPATH\Views\VistaSelectCasos.php(93): json_decode(null, true)
 2 SYSTEMPATH\View\View.php(234): include('C:\\xampp\\htdocs\\SisOdontoMandy\\app\\Views\\VistaSelectCasos.php')
 3 SYSTEMPATH\View\View.php(237): CodeIgniter\View\View->CodeIgniter\View\{closure}()
 4 SYSTEMPATH\Common.php(1171): CodeIgniter\View\View->render('VistaSelectCasos', [], true)
 5 APPPATH\Controllers\CCasos.php(57): view('VistaSelectCasos', [...])
 6 SYSTEMPATH\CodeIgniter.php(933): App\Controllers\CCasos->SelectCasosFC()
 7 SYSTEMPATH\CodeIgniter.php(509): CodeIgniter\CodeIgniter->runController(Object(App\Controllers\CCasos))
 8 SYSTEMPATH\CodeIgniter.php(355): CodeIgniter\CodeIgniter->handleRequest(null, Object(Config\Cache), false)
 9 SYSTEMPATH\Boot.php(325): CodeIgniter\CodeIgniter->run()
10 SYSTEMPATH\Boot.php(67): CodeIgniter\Boot::runCodeIgniter(Object(CodeIgniter\CodeIgniter))
11 FCPATH\index.php(56): CodeIgniter\Boot::bootWeb(Object(Config\Paths))
WARNING - 2025-07-12 20:50:29 --> [DEPRECATED] json_decode(): Passing null to parameter #1 ($json) of type string is deprecated in APPPATH\Views\VistaSelectCasos.php on line 93.
 1 APPPATH\Views\VistaSelectCasos.php(93): json_decode(null, true)
 2 SYSTEMPATH\View\View.php(234): include('C:\\xampp\\htdocs\\SisOdontoMandy\\app\\Views\\VistaSelectCasos.php')
 3 SYSTEMPATH\View\View.php(237): CodeIgniter\View\View->CodeIgniter\View\{closure}()
 4 SYSTEMPATH\Common.php(1171): CodeIgniter\View\View->render('VistaSelectCasos', [], true)
 5 APPPATH\Controllers\CCasos.php(57): view('VistaSelectCasos', [...])
 6 SYSTEMPATH\CodeIgniter.php(933): App\Controllers\CCasos->SelectCasosFC()
 7 SYSTEMPATH\CodeIgniter.php(509): CodeIgniter\CodeIgniter->runController(Object(App\Controllers\CCasos))
 8 SYSTEMPATH\CodeIgniter.php(355): CodeIgniter\CodeIgniter->handleRequest(null, Object(Config\Cache), false)
 9 SYSTEMPATH\Boot.php(325): CodeIgniter\CodeIgniter->run()
10 SYSTEMPATH\Boot.php(67): CodeIgniter\Boot::runCodeIgniter(Object(CodeIgniter\CodeIgniter))
11 FCPATH\index.php(56): CodeIgniter\Boot::bootWeb(Object(Config\Paths))
WARNING - 2025-07-12 20:50:29 --> [DEPRECATED] json_decode(): Passing null to parameter #1 ($json) of type string is deprecated in APPPATH\Views\VistaSelectCasos.php on line 93.
 1 APPPATH\Views\VistaSelectCasos.php(93): json_decode(null, true)
 2 SYSTEMPATH\View\View.php(234): include('C:\\xampp\\htdocs\\SisOdontoMandy\\app\\Views\\VistaSelectCasos.php')
 3 SYSTEMPATH\View\View.php(237): CodeIgniter\View\View->CodeIgniter\View\{closure}()
 4 SYSTEMPATH\Common.php(1171): CodeIgniter\View\View->render('VistaSelectCasos', [], true)
 5 APPPATH\Controllers\CCasos.php(57): view('VistaSelectCasos', [...])
 6 SYSTEMPATH\CodeIgniter.php(933): App\Controllers\CCasos->SelectCasosFC()
 7 SYSTEMPATH\CodeIgniter.php(509): CodeIgniter\CodeIgniter->runController(Object(App\Controllers\CCasos))
 8 SYSTEMPATH\CodeIgniter.php(355): CodeIgniter\CodeIgniter->handleRequest(null, Object(Config\Cache), false)
 9 SYSTEMPATH\Boot.php(325): CodeIgniter\CodeIgniter->run()
10 SYSTEMPATH\Boot.php(67): CodeIgniter\Boot::runCodeIgniter(Object(CodeIgniter\CodeIgniter))
11 FCPATH\index.php(56): CodeIgniter\Boot::bootWeb(Object(Config\Paths))
CRITICAL - 2025-07-12 21:04:43 --> BadMethodCallException: Call to undefined method App\Models\ModeloGeneral::EliminarCasoFM
[Method: GET, Route: EliminarCasos/35]
in SYSTEMPATH\Model.php on line 932.
 1 APPPATH\Controllers\CCasos.php(75): CodeIgniter\Model->__call('EliminarCasoFM', [...])
 2 SYSTEMPATH\CodeIgniter.php(933): App\Controllers\CCasos->EliminarCasoFC('35')
 3 SYSTEMPATH\CodeIgniter.php(509): CodeIgniter\CodeIgniter->runController(Object(App\Controllers\CCasos))
 4 SYSTEMPATH\CodeIgniter.php(355): CodeIgniter\CodeIgniter->handleRequest(null, Object(Config\Cache), false)
 5 SYSTEMPATH\Boot.php(325): CodeIgniter\CodeIgniter->run()
 6 SYSTEMPATH\Boot.php(67): CodeIgniter\Boot::runCodeIgniter(Object(CodeIgniter\CodeIgniter))
 7 FCPATH\index.php(56): CodeIgniter\Boot::bootWeb(Object(Config\Paths))
CRITICAL - 2025-07-12 21:04:49 --> ErrorException: Undefined property: stdClass::$id_casos
[Method: GET, Route: ActualizarCaso/35]
in APPPATH\Views\VistaActualizarCaso.php on line 107.
 1 APPPATH\Views\VistaActualizarCaso.php(107): CodeIgniter\Debug\Exceptions->errorHandler(2, 'Undefined property: stdClass::$id_casos', 'C:\\xampp\\htdocs\\SisOdontoMandy\\app\\Views\\VistaActualizarCaso.php', 107)
 2 SYSTEMPATH\View\View.php(234): include('C:\\xampp\\htdocs\\SisOdontoMandy\\app\\Views\\VistaActualizarCaso.php')
 3 SYSTEMPATH\View\View.php(237): CodeIgniter\View\View->CodeIgniter\View\{closure}()
 4 SYSTEMPATH\Common.php(1171): CodeIgniter\View\View->render('VistaActualizarCaso', [], true)
 5 APPPATH\Controllers\CCasos.php(69): view('VistaActualizarCaso', [...])
 6 SYSTEMPATH\CodeIgniter.php(933): App\Controllers\CCasos->ExtraerSelectCasoFC('35')
 7 SYSTEMPATH\CodeIgniter.php(509): CodeIgniter\CodeIgniter->runController(Object(App\Controllers\CCasos))
 8 SYSTEMPATH\CodeIgniter.php(355): CodeIgniter\CodeIgniter->handleRequest(null, Object(Config\Cache), false)
 9 SYSTEMPATH\Boot.php(325): CodeIgniter\CodeIgniter->run()
10 SYSTEMPATH\Boot.php(67): CodeIgniter\Boot::runCodeIgniter(Object(CodeIgniter\CodeIgniter))
11 FCPATH\index.php(56): CodeIgniter\Boot::bootWeb(Object(Config\Paths))
