INFO - 2025-06-06 03:19:43 --> Session: Class initialized using 'CodeIgniter\Session\Handlers\FileHandler' driver.
INFO - 2025-06-06 03:20:41 --> Session: Class initialized using 'CodeIgniter\Session\Handlers\FileHandler' driver.
INFO - 2025-06-06 03:25:53 --> Session: Class initialized using 'CodeIgniter\Session\Handlers\FileHandler' driver.
INFO - 2025-06-06 03:25:59 --> Session: Class initialized using 'CodeIgniter\Session\Handlers\FileHandler' driver.
INFO - 2025-06-06 03:26:05 --> Session: Class initialized using 'CodeIgniter\Session\Handlers\FileHandler' driver.
INFO - 2025-06-06 03:27:02 --> Session: Class initialized using 'CodeIgniter\Session\Handlers\FileHandler' driver.
INFO - 2025-06-06 03:27:20 --> Session: Class initialized using 'CodeIgniter\Session\Handlers\FileHandler' driver.
INFO - 2025-06-06 03:27:23 --> Session: Class initialized using 'CodeIgniter\Session\Handlers\FileHandler' driver.
INFO - 2025-06-06 03:30:43 --> Session: Class initialized using 'CodeIgniter\Session\Handlers\FileHandler' driver.
INFO - 2025-06-06 03:31:30 --> Session: Class initialized using 'CodeIgniter\Session\Handlers\FileHandler' driver.
INFO - 2025-06-06 03:31:35 --> Session: Class initialized using 'CodeIgniter\Session\Handlers\FileHandler' driver.
INFO - 2025-06-06 03:31:51 --> Session: Class initialized using 'CodeIgniter\Session\Handlers\FileHandler' driver.
INFO - 2025-06-06 04:42:44 --> Session: Class initialized using 'CodeIgniter\Session\Handlers\FileHandler' driver.
INFO - 2025-06-06 04:42:54 --> Session: Class initialized using 'CodeIgniter\Session\Handlers\FileHandler' driver.
INFO - 2025-06-06 04:43:14 --> Session: Class initialized using 'CodeIgniter\Session\Handlers\FileHandler' driver.
INFO - 2025-06-06 04:43:29 --> Session: Class initialized using 'CodeIgniter\Session\Handlers\FileHandler' driver.
INFO - 2025-06-06 04:43:35 --> Session: Class initialized using 'CodeIgniter\Session\Handlers\FileHandler' driver.
INFO - 2025-06-06 04:45:12 --> Session: Class initialized using 'CodeIgniter\Session\Handlers\FileHandler' driver.
INFO - 2025-06-06 04:45:24 --> Session: Class initialized using 'CodeIgniter\Session\Handlers\FileHandler' driver.
INFO - 2025-06-06 04:45:29 --> Session: Class initialized using 'CodeIgniter\Session\Handlers\FileHandler' driver.
INFO - 2025-06-06 04:46:34 --> Session: Class initialized using 'CodeIgniter\Session\Handlers\FileHandler' driver.
INFO - 2025-06-06 04:46:43 --> Session: Class initialized using 'CodeIgniter\Session\Handlers\FileHandler' driver.
CRITICAL - 2025-06-06 05:17:08 --> CodeIgniter\HTTP\Exceptions\BadRequestException: The URI you submitted has disallowed characters: "'"
[Method: GET, Route: %27]
in SYSTEMPATH\Router\Router.php on line 737.
 1 SYSTEMPATH\Router\Router.php(204): CodeIgniter\Router\Router->checkDisallowedChars('\'')
 2 SYSTEMPATH\CodeIgniter.php(834): CodeIgniter\Router\Router->handle('\'')
 3 SYSTEMPATH\CodeIgniter.php(457): CodeIgniter\CodeIgniter->tryToRouteIt(Object(CodeIgniter\Router\RouteCollection))
 4 SYSTEMPATH\CodeIgniter.php(355): CodeIgniter\CodeIgniter->handleRequest(null, Object(Config\Cache), false)
 5 SYSTEMPATH\Boot.php(325): CodeIgniter\CodeIgniter->run()
 6 SYSTEMPATH\Boot.php(67): CodeIgniter\Boot::runCodeIgniter(Object(CodeIgniter\CodeIgniter))
 7 FCPATH\index.php(56): CodeIgniter\Boot::bootWeb(Object(Config\Paths))
INFO - 2025-06-06 05:17:14 --> Session: Class initialized using 'CodeIgniter\Session\Handlers\FileHandler' driver.
ERROR - 2025-06-06 05:17:25 --> mysqli_sql_exception: Table 'odontomandy_db.tbl_usuarios' doesn't exist in C:\xampp\htdocs\SisOdontoMandy\system\Database\MySQLi\Connection.php:312
Stack trace:
#0 C:\xampp\htdocs\SisOdontoMandy\system\Database\MySQLi\Connection.php(312): mysqli->query('SELECT *\nFROM `...', 0)
#1 C:\xampp\htdocs\SisOdontoMandy\system\Database\BaseConnection.php(734): CodeIgniter\Database\MySQLi\Connection->execute('SELECT *\nFROM `...')
#2 C:\xampp\htdocs\SisOdontoMandy\system\Database\BaseConnection.php(648): CodeIgniter\Database\BaseConnection->simpleQuery('SELECT *\nFROM `...')
#3 C:\xampp\htdocs\SisOdontoMandy\system\Database\BaseBuilder.php(1644): CodeIgniter\Database\BaseConnection->query('SELECT *\nFROM `...', Array, false)
#4 C:\xampp\htdocs\SisOdontoMandy\app\Models\ModeloGeneral.php(18): CodeIgniter\Database\BaseBuilder->get()
#5 C:\xampp\htdocs\SisOdontoMandy\app\Controllers\Home.php(114): App\Models\ModeloGeneral->obtenerUsuarioPorCorreo('lxmoreno@pucesi...')
#6 C:\xampp\htdocs\SisOdontoMandy\system\CodeIgniter.php(933): App\Controllers\Home->verificacionlogin()
#7 C:\xampp\htdocs\SisOdontoMandy\system\CodeIgniter.php(509): CodeIgniter\CodeIgniter->runController(Object(App\Controllers\Home))
#8 C:\xampp\htdocs\SisOdontoMandy\system\CodeIgniter.php(355): CodeIgniter\CodeIgniter->handleRequest(NULL, Object(Config\Cache), false)
#9 C:\xampp\htdocs\SisOdontoMandy\system\Boot.php(325): CodeIgniter\CodeIgniter->run()
#10 C:\xampp\htdocs\SisOdontoMandy\system\Boot.php(67): CodeIgniter\Boot::runCodeIgniter(Object(CodeIgniter\CodeIgniter))
#11 C:\xampp\htdocs\SisOdontoMandy\index.php(56): CodeIgniter\Boot::bootWeb(Object(Config\Paths))
#12 {main}
CRITICAL - 2025-06-06 05:17:25 --> CodeIgniter\Database\Exceptions\DatabaseException: Table 'odontomandy_db.tbl_usuarios' doesn't exist
[Method: POST, Route: login/verificacionlogin]
in SYSTEMPATH\Database\BaseConnection.php on line 688.
 1 SYSTEMPATH\Database\BaseBuilder.php(1644): CodeIgniter\Database\BaseConnection->query('SELECT *
FROM `tbl_usuarios`
WHERE `correo_electronico` = :correo_electronico:', [...], false)
 2 APPPATH\Models\ModeloGeneral.php(18): CodeIgniter\Database\BaseBuilder->get()
 3 APPPATH\Controllers\Home.php(114): App\Models\ModeloGeneral->obtenerUsuarioPorCorreo('lxmoreno@pucesi.edu.ec')
 4 SYSTEMPATH\CodeIgniter.php(933): App\Controllers\Home->verificacionlogin()
 5 SYSTEMPATH\CodeIgniter.php(509): CodeIgniter\CodeIgniter->runController(Object(App\Controllers\Home))
 6 SYSTEMPATH\CodeIgniter.php(355): CodeIgniter\CodeIgniter->handleRequest(null, Object(Config\Cache), false)
 7 SYSTEMPATH\Boot.php(325): CodeIgniter\CodeIgniter->run()
 8 SYSTEMPATH\Boot.php(67): CodeIgniter\Boot::runCodeIgniter(Object(CodeIgniter\CodeIgniter))
 9 FCPATH\index.php(56): CodeIgniter\Boot::bootWeb(Object(Config\Paths))
CRITICAL - 2025-06-06 05:17:25 --> [Caused by] CodeIgniter\Database\Exceptions\DatabaseException: Table 'odontomandy_db.tbl_usuarios' doesn't exist
in SYSTEMPATH\Database\MySQLi\Connection.php on line 317.
 1 SYSTEMPATH\Database\BaseConnection.php(734): CodeIgniter\Database\MySQLi\Connection->execute('SELECT *
FROM `tbl_usuarios`
WHERE `correo_electronico` = \'lxmoreno@pucesi.edu.ec\'')
 2 SYSTEMPATH\Database\BaseConnection.php(648): CodeIgniter\Database\BaseConnection->simpleQuery('SELECT *
FROM `tbl_usuarios`
WHERE `correo_electronico` = \'lxmoreno@pucesi.edu.ec\'')
 3 SYSTEMPATH\Database\BaseBuilder.php(1644): CodeIgniter\Database\BaseConnection->query('SELECT *
FROM `tbl_usuarios`
WHERE `correo_electronico` = :correo_electronico:', [...], false)
 4 APPPATH\Models\ModeloGeneral.php(18): CodeIgniter\Database\BaseBuilder->get()
 5 APPPATH\Controllers\Home.php(114): App\Models\ModeloGeneral->obtenerUsuarioPorCorreo('lxmoreno@pucesi.edu.ec')
 6 SYSTEMPATH\CodeIgniter.php(933): App\Controllers\Home->verificacionlogin()
 7 SYSTEMPATH\CodeIgniter.php(509): CodeIgniter\CodeIgniter->runController(Object(App\Controllers\Home))
 8 SYSTEMPATH\CodeIgniter.php(355): CodeIgniter\CodeIgniter->handleRequest(null, Object(Config\Cache), false)
 9 SYSTEMPATH\Boot.php(325): CodeIgniter\CodeIgniter->run()
10 SYSTEMPATH\Boot.php(67): CodeIgniter\Boot::runCodeIgniter(Object(CodeIgniter\CodeIgniter))
11 FCPATH\index.php(56): CodeIgniter\Boot::bootWeb(Object(Config\Paths))
CRITICAL - 2025-06-06 05:17:25 --> [Caused by] mysqli_sql_exception: Table 'odontomandy_db.tbl_usuarios' doesn't exist
in SYSTEMPATH\Database\MySQLi\Connection.php on line 312.
 1 SYSTEMPATH\Database\MySQLi\Connection.php(312): mysqli->query('SELECT *
FROM `tbl_usuarios`
WHERE `correo_electronico` = \'lxmoreno@pucesi.edu.ec\'', 0)
 2 SYSTEMPATH\Database\BaseConnection.php(734): CodeIgniter\Database\MySQLi\Connection->execute('SELECT *
FROM `tbl_usuarios`
WHERE `correo_electronico` = \'lxmoreno@pucesi.edu.ec\'')
 3 SYSTEMPATH\Database\BaseConnection.php(648): CodeIgniter\Database\BaseConnection->simpleQuery('SELECT *
FROM `tbl_usuarios`
WHERE `correo_electronico` = \'lxmoreno@pucesi.edu.ec\'')
 4 SYSTEMPATH\Database\BaseBuilder.php(1644): CodeIgniter\Database\BaseConnection->query('SELECT *
FROM `tbl_usuarios`
WHERE `correo_electronico` = :correo_electronico:', [...], false)
 5 APPPATH\Models\ModeloGeneral.php(18): CodeIgniter\Database\BaseBuilder->get()
 6 APPPATH\Controllers\Home.php(114): App\Models\ModeloGeneral->obtenerUsuarioPorCorreo('lxmoreno@pucesi.edu.ec')
 7 SYSTEMPATH\CodeIgniter.php(933): App\Controllers\Home->verificacionlogin()
 8 SYSTEMPATH\CodeIgniter.php(509): CodeIgniter\CodeIgniter->runController(Object(App\Controllers\Home))
 9 SYSTEMPATH\CodeIgniter.php(355): CodeIgniter\CodeIgniter->handleRequest(null, Object(Config\Cache), false)
10 SYSTEMPATH\Boot.php(325): CodeIgniter\CodeIgniter->run()
11 SYSTEMPATH\Boot.php(67): CodeIgniter\Boot::runCodeIgniter(Object(CodeIgniter\CodeIgniter))
12 FCPATH\index.php(56): CodeIgniter\Boot::bootWeb(Object(Config\Paths))
ERROR - 2025-06-06 05:23:05 --> mysqli_sql_exception: Table 'odontomandy_db.tbl_usuarios' doesn't exist in C:\xampp\htdocs\SisOdontoMandy\system\Database\MySQLi\Connection.php:312
Stack trace:
#0 C:\xampp\htdocs\SisOdontoMandy\system\Database\MySQLi\Connection.php(312): mysqli->query('SELECT *\nFROM `...', 0)
#1 C:\xampp\htdocs\SisOdontoMandy\system\Database\BaseConnection.php(734): CodeIgniter\Database\MySQLi\Connection->execute('SELECT *\nFROM `...')
#2 C:\xampp\htdocs\SisOdontoMandy\system\Database\BaseConnection.php(648): CodeIgniter\Database\BaseConnection->simpleQuery('SELECT *\nFROM `...')
#3 C:\xampp\htdocs\SisOdontoMandy\system\Database\BaseBuilder.php(1644): CodeIgniter\Database\BaseConnection->query('SELECT *\nFROM `...', Array, false)
#4 C:\xampp\htdocs\SisOdontoMandy\app\Models\ModeloGeneral.php(18): CodeIgniter\Database\BaseBuilder->get()
#5 C:\xampp\htdocs\SisOdontoMandy\app\Controllers\Home.php(114): App\Models\ModeloGeneral->obtenerUsuarioPorCorreo('lxmoreno@pucesi...')
#6 C:\xampp\htdocs\SisOdontoMandy\system\CodeIgniter.php(933): App\Controllers\Home->verificacionlogin()
#7 C:\xampp\htdocs\SisOdontoMandy\system\CodeIgniter.php(509): CodeIgniter\CodeIgniter->runController(Object(App\Controllers\Home))
#8 C:\xampp\htdocs\SisOdontoMandy\system\CodeIgniter.php(355): CodeIgniter\CodeIgniter->handleRequest(NULL, Object(Config\Cache), false)
#9 C:\xampp\htdocs\SisOdontoMandy\system\Boot.php(325): CodeIgniter\CodeIgniter->run()
#10 C:\xampp\htdocs\SisOdontoMandy\system\Boot.php(67): CodeIgniter\Boot::runCodeIgniter(Object(CodeIgniter\CodeIgniter))
#11 C:\xampp\htdocs\SisOdontoMandy\index.php(56): CodeIgniter\Boot::bootWeb(Object(Config\Paths))
#12 {main}
CRITICAL - 2025-06-06 05:23:05 --> CodeIgniter\Database\Exceptions\DatabaseException: Table 'odontomandy_db.tbl_usuarios' doesn't exist
[Method: POST, Route: login/verificacionlogin]
in SYSTEMPATH\Database\BaseConnection.php on line 688.
 1 SYSTEMPATH\Database\BaseBuilder.php(1644): CodeIgniter\Database\BaseConnection->query('SELECT *
FROM `tbl_usuarios`
WHERE `correo_electronico` = :correo_electronico:', [...], false)
 2 APPPATH\Models\ModeloGeneral.php(18): CodeIgniter\Database\BaseBuilder->get()
 3 APPPATH\Controllers\Home.php(114): App\Models\ModeloGeneral->obtenerUsuarioPorCorreo('lxmoreno@pucesi.edu.ec')
 4 SYSTEMPATH\CodeIgniter.php(933): App\Controllers\Home->verificacionlogin()
 5 SYSTEMPATH\CodeIgniter.php(509): CodeIgniter\CodeIgniter->runController(Object(App\Controllers\Home))
 6 SYSTEMPATH\CodeIgniter.php(355): CodeIgniter\CodeIgniter->handleRequest(null, Object(Config\Cache), false)
 7 SYSTEMPATH\Boot.php(325): CodeIgniter\CodeIgniter->run()
 8 SYSTEMPATH\Boot.php(67): CodeIgniter\Boot::runCodeIgniter(Object(CodeIgniter\CodeIgniter))
 9 FCPATH\index.php(56): CodeIgniter\Boot::bootWeb(Object(Config\Paths))
CRITICAL - 2025-06-06 05:23:05 --> [Caused by] CodeIgniter\Database\Exceptions\DatabaseException: Table 'odontomandy_db.tbl_usuarios' doesn't exist
in SYSTEMPATH\Database\MySQLi\Connection.php on line 317.
 1 SYSTEMPATH\Database\BaseConnection.php(734): CodeIgniter\Database\MySQLi\Connection->execute('SELECT *
FROM `tbl_usuarios`
WHERE `correo_electronico` = \'lxmoreno@pucesi.edu.ec\'')
 2 SYSTEMPATH\Database\BaseConnection.php(648): CodeIgniter\Database\BaseConnection->simpleQuery('SELECT *
FROM `tbl_usuarios`
WHERE `correo_electronico` = \'lxmoreno@pucesi.edu.ec\'')
 3 SYSTEMPATH\Database\BaseBuilder.php(1644): CodeIgniter\Database\BaseConnection->query('SELECT *
FROM `tbl_usuarios`
WHERE `correo_electronico` = :correo_electronico:', [...], false)
 4 APPPATH\Models\ModeloGeneral.php(18): CodeIgniter\Database\BaseBuilder->get()
 5 APPPATH\Controllers\Home.php(114): App\Models\ModeloGeneral->obtenerUsuarioPorCorreo('lxmoreno@pucesi.edu.ec')
 6 SYSTEMPATH\CodeIgniter.php(933): App\Controllers\Home->verificacionlogin()
 7 SYSTEMPATH\CodeIgniter.php(509): CodeIgniter\CodeIgniter->runController(Object(App\Controllers\Home))
 8 SYSTEMPATH\CodeIgniter.php(355): CodeIgniter\CodeIgniter->handleRequest(null, Object(Config\Cache), false)
 9 SYSTEMPATH\Boot.php(325): CodeIgniter\CodeIgniter->run()
10 SYSTEMPATH\Boot.php(67): CodeIgniter\Boot::runCodeIgniter(Object(CodeIgniter\CodeIgniter))
11 FCPATH\index.php(56): CodeIgniter\Boot::bootWeb(Object(Config\Paths))
CRITICAL - 2025-06-06 05:23:05 --> [Caused by] mysqli_sql_exception: Table 'odontomandy_db.tbl_usuarios' doesn't exist
in SYSTEMPATH\Database\MySQLi\Connection.php on line 312.
 1 SYSTEMPATH\Database\MySQLi\Connection.php(312): mysqli->query('SELECT *
FROM `tbl_usuarios`
WHERE `correo_electronico` = \'lxmoreno@pucesi.edu.ec\'', 0)
 2 SYSTEMPATH\Database\BaseConnection.php(734): CodeIgniter\Database\MySQLi\Connection->execute('SELECT *
FROM `tbl_usuarios`
WHERE `correo_electronico` = \'lxmoreno@pucesi.edu.ec\'')
 3 SYSTEMPATH\Database\BaseConnection.php(648): CodeIgniter\Database\BaseConnection->simpleQuery('SELECT *
FROM `tbl_usuarios`
WHERE `correo_electronico` = \'lxmoreno@pucesi.edu.ec\'')
 4 SYSTEMPATH\Database\BaseBuilder.php(1644): CodeIgniter\Database\BaseConnection->query('SELECT *
FROM `tbl_usuarios`
WHERE `correo_electronico` = :correo_electronico:', [...], false)
 5 APPPATH\Models\ModeloGeneral.php(18): CodeIgniter\Database\BaseBuilder->get()
 6 APPPATH\Controllers\Home.php(114): App\Models\ModeloGeneral->obtenerUsuarioPorCorreo('lxmoreno@pucesi.edu.ec')
 7 SYSTEMPATH\CodeIgniter.php(933): App\Controllers\Home->verificacionlogin()
 8 SYSTEMPATH\CodeIgniter.php(509): CodeIgniter\CodeIgniter->runController(Object(App\Controllers\Home))
 9 SYSTEMPATH\CodeIgniter.php(355): CodeIgniter\CodeIgniter->handleRequest(null, Object(Config\Cache), false)
10 SYSTEMPATH\Boot.php(325): CodeIgniter\CodeIgniter->run()
11 SYSTEMPATH\Boot.php(67): CodeIgniter\Boot::runCodeIgniter(Object(CodeIgniter\CodeIgniter))
12 FCPATH\index.php(56): CodeIgniter\Boot::bootWeb(Object(Config\Paths))
INFO - 2025-06-06 05:29:40 --> Session: Class initialized using 'CodeIgniter\Session\Handlers\FileHandler' driver.
ERROR - 2025-06-06 05:29:45 --> mysqli_sql_exception: PROCEDURE odontomandy_db.SP_SELECT_USUARIO does not exist in C:\xampp\htdocs\SisOdontoMandy\system\Database\MySQLi\Connection.php:312
Stack trace:
#0 C:\xampp\htdocs\SisOdontoMandy\system\Database\MySQLi\Connection.php(312): mysqli->query('CALL SP_SELECT_...', 0)
#1 C:\xampp\htdocs\SisOdontoMandy\system\Database\BaseConnection.php(734): CodeIgniter\Database\MySQLi\Connection->execute('CALL SP_SELECT_...')
#2 C:\xampp\htdocs\SisOdontoMandy\system\Database\BaseConnection.php(648): CodeIgniter\Database\BaseConnection->simpleQuery('CALL SP_SELECT_...')
#3 C:\xampp\htdocs\SisOdontoMandy\app\Models\ModeloGeneral.php(63): CodeIgniter\Database\BaseConnection->query('CALL SP_SELECT_...')
#4 C:\xampp\htdocs\SisOdontoMandy\app\Controllers\Home.php(159): App\Models\ModeloGeneral->SelectUsuarioFM()
#5 C:\xampp\htdocs\SisOdontoMandy\system\CodeIgniter.php(933): App\Controllers\Home->MostrarDashboard()
#6 C:\xampp\htdocs\SisOdontoMandy\system\CodeIgniter.php(509): CodeIgniter\CodeIgniter->runController(Object(App\Controllers\Home))
#7 C:\xampp\htdocs\SisOdontoMandy\system\CodeIgniter.php(355): CodeIgniter\CodeIgniter->handleRequest(NULL, Object(Config\Cache), false)
#8 C:\xampp\htdocs\SisOdontoMandy\system\Boot.php(325): CodeIgniter\CodeIgniter->run()
#9 C:\xampp\htdocs\SisOdontoMandy\system\Boot.php(67): CodeIgniter\Boot::runCodeIgniter(Object(CodeIgniter\CodeIgniter))
#10 C:\xampp\htdocs\SisOdontoMandy\index.php(56): CodeIgniter\Boot::bootWeb(Object(Config\Paths))
#11 {main}
CRITICAL - 2025-06-06 05:29:45 --> CodeIgniter\Database\Exceptions\DatabaseException: PROCEDURE odontomandy_db.SP_SELECT_USUARIO does not exist
[Method: GET, Route: Inicio]
in SYSTEMPATH\Database\BaseConnection.php on line 688.
 1 APPPATH\Models\ModeloGeneral.php(63): CodeIgniter\Database\BaseConnection->query('CALL SP_SELECT_USUARIO')
 2 APPPATH\Controllers\Home.php(159): App\Models\ModeloGeneral->SelectUsuarioFM()
 3 SYSTEMPATH\CodeIgniter.php(933): App\Controllers\Home->MostrarDashboard()
 4 SYSTEMPATH\CodeIgniter.php(509): CodeIgniter\CodeIgniter->runController(Object(App\Controllers\Home))
 5 SYSTEMPATH\CodeIgniter.php(355): CodeIgniter\CodeIgniter->handleRequest(null, Object(Config\Cache), false)
 6 SYSTEMPATH\Boot.php(325): CodeIgniter\CodeIgniter->run()
 7 SYSTEMPATH\Boot.php(67): CodeIgniter\Boot::runCodeIgniter(Object(CodeIgniter\CodeIgniter))
 8 FCPATH\index.php(56): CodeIgniter\Boot::bootWeb(Object(Config\Paths))
CRITICAL - 2025-06-06 05:29:45 --> [Caused by] CodeIgniter\Database\Exceptions\DatabaseException: PROCEDURE odontomandy_db.SP_SELECT_USUARIO does not exist
in SYSTEMPATH\Database\MySQLi\Connection.php on line 317.
 1 SYSTEMPATH\Database\BaseConnection.php(734): CodeIgniter\Database\MySQLi\Connection->execute('CALL SP_SELECT_USUARIO')
 2 SYSTEMPATH\Database\BaseConnection.php(648): CodeIgniter\Database\BaseConnection->simpleQuery('CALL SP_SELECT_USUARIO')
 3 APPPATH\Models\ModeloGeneral.php(63): CodeIgniter\Database\BaseConnection->query('CALL SP_SELECT_USUARIO')
 4 APPPATH\Controllers\Home.php(159): App\Models\ModeloGeneral->SelectUsuarioFM()
 5 SYSTEMPATH\CodeIgniter.php(933): App\Controllers\Home->MostrarDashboard()
 6 SYSTEMPATH\CodeIgniter.php(509): CodeIgniter\CodeIgniter->runController(Object(App\Controllers\Home))
 7 SYSTEMPATH\CodeIgniter.php(355): CodeIgniter\CodeIgniter->handleRequest(null, Object(Config\Cache), false)
 8 SYSTEMPATH\Boot.php(325): CodeIgniter\CodeIgniter->run()
 9 SYSTEMPATH\Boot.php(67): CodeIgniter\Boot::runCodeIgniter(Object(CodeIgniter\CodeIgniter))
10 FCPATH\index.php(56): CodeIgniter\Boot::bootWeb(Object(Config\Paths))
CRITICAL - 2025-06-06 05:29:45 --> [Caused by] mysqli_sql_exception: PROCEDURE odontomandy_db.SP_SELECT_USUARIO does not exist
in SYSTEMPATH\Database\MySQLi\Connection.php on line 312.
 1 SYSTEMPATH\Database\MySQLi\Connection.php(312): mysqli->query('CALL SP_SELECT_USUARIO', 0)
 2 SYSTEMPATH\Database\BaseConnection.php(734): CodeIgniter\Database\MySQLi\Connection->execute('CALL SP_SELECT_USUARIO')
 3 SYSTEMPATH\Database\BaseConnection.php(648): CodeIgniter\Database\BaseConnection->simpleQuery('CALL SP_SELECT_USUARIO')
 4 APPPATH\Models\ModeloGeneral.php(63): CodeIgniter\Database\BaseConnection->query('CALL SP_SELECT_USUARIO')
 5 APPPATH\Controllers\Home.php(159): App\Models\ModeloGeneral->SelectUsuarioFM()
 6 SYSTEMPATH\CodeIgniter.php(933): App\Controllers\Home->MostrarDashboard()
 7 SYSTEMPATH\CodeIgniter.php(509): CodeIgniter\CodeIgniter->runController(Object(App\Controllers\Home))
 8 SYSTEMPATH\CodeIgniter.php(355): CodeIgniter\CodeIgniter->handleRequest(null, Object(Config\Cache), false)
 9 SYSTEMPATH\Boot.php(325): CodeIgniter\CodeIgniter->run()
10 SYSTEMPATH\Boot.php(67): CodeIgniter\Boot::runCodeIgniter(Object(CodeIgniter\CodeIgniter))
11 FCPATH\index.php(56): CodeIgniter\Boot::bootWeb(Object(Config\Paths))
