ERROR - 2025-07-05 03:01:15 --> mysqli_sql_exception: You have an error in your SQL syntax; check the manual that corresponds to your MariaDB server version for the right syntax to use near 'sp_insertar_historial_clinico_detalle('2','Nada','Nada','Nada')' at line 1 in C:\xampp\htdocs\SisOdontoMandy\system\Database\MySQLi\Connection.php:312
Stack trace:
#0 C:\xampp\htdocs\SisOdontoMandy\system\Database\MySQLi\Connection.php(312): mysqli->query('sp_insertar_his...', 0)
#1 C:\xampp\htdocs\SisOdontoMandy\system\Database\BaseConnection.php(734): CodeIgniter\Database\MySQLi\Connection->execute('sp_insertar_his...')
#2 C:\xampp\htdocs\SisOdontoMandy\system\Database\BaseConnection.php(648): CodeIgniter\Database\BaseConnection->simpleQuery('sp_insertar_his...')
#3 C:\xampp\htdocs\SisOdontoMandy\app\Models\ModeloGeneral.php(189): CodeIgniter\Database\BaseConnection->query('sp_insertar_his...', Array)
#4 C:\xampp\htdocs\SisOdontoMandy\app\Controllers\CCasos.php(97): App\Models\ModeloGeneral->MetodoModeloInsertCasoDetallado(Array)
#5 C:\xampp\htdocs\SisOdontoMandy\system\CodeIgniter.php(933): App\Controllers\CCasos->MetodoInsertarCasoDetallado()
#6 C:\xampp\htdocs\SisOdontoMandy\system\CodeIgniter.php(509): CodeIgniter\CodeIgniter->runController(Object(App\Controllers\CCasos))
#7 C:\xampp\htdocs\SisOdontoMandy\system\CodeIgniter.php(355): CodeIgniter\CodeIgniter->handleRequest(NULL, Object(Config\Cache), false)
#8 C:\xampp\htdocs\SisOdontoMandy\system\Boot.php(325): CodeIgniter\CodeIgniter->run()
#9 C:\xampp\htdocs\SisOdontoMandy\system\Boot.php(67): CodeIgniter\Boot::runCodeIgniter(Object(CodeIgniter\CodeIgniter))
#10 C:\xampp\htdocs\SisOdontoMandy\index.php(56): CodeIgniter\Boot::bootWeb(Object(Config\Paths))
#11 {main}
ERROR - 2025-07-05 03:03:23 --> mysqli_sql_exception: You have an error in your SQL syntax; check the manual that corresponds to your MariaDB server version for the right syntax to use near 'sp_insertar_historial_clinico_detalle('2','Nada','Nada','Nada')' at line 1 in C:\xampp\htdocs\SisOdontoMandy\system\Database\MySQLi\Connection.php:312
Stack trace:
#0 C:\xampp\htdocs\SisOdontoMandy\system\Database\MySQLi\Connection.php(312): mysqli->query('sp_insertar_his...', 0)
#1 C:\xampp\htdocs\SisOdontoMandy\system\Database\BaseConnection.php(734): CodeIgniter\Database\MySQLi\Connection->execute('sp_insertar_his...')
#2 C:\xampp\htdocs\SisOdontoMandy\system\Database\BaseConnection.php(648): CodeIgniter\Database\BaseConnection->simpleQuery('sp_insertar_his...')
#3 C:\xampp\htdocs\SisOdontoMandy\app\Models\ModeloGeneral.php(189): CodeIgniter\Database\BaseConnection->query('sp_insertar_his...', Array)
#4 C:\xampp\htdocs\SisOdontoMandy\app\Controllers\CCasos.php(97): App\Models\ModeloGeneral->MetodoModeloInsertCasoDetallado(Array)
#5 C:\xampp\htdocs\SisOdontoMandy\system\CodeIgniter.php(933): App\Controllers\CCasos->MetodoInsertarCasoDetallado()
#6 C:\xampp\htdocs\SisOdontoMandy\system\CodeIgniter.php(509): CodeIgniter\CodeIgniter->runController(Object(App\Controllers\CCasos))
#7 C:\xampp\htdocs\SisOdontoMandy\system\CodeIgniter.php(355): CodeIgniter\CodeIgniter->handleRequest(NULL, Object(Config\Cache), false)
#8 C:\xampp\htdocs\SisOdontoMandy\system\Boot.php(325): CodeIgniter\CodeIgniter->run()
#9 C:\xampp\htdocs\SisOdontoMandy\system\Boot.php(67): CodeIgniter\Boot::runCodeIgniter(Object(CodeIgniter\CodeIgniter))
#10 C:\xampp\htdocs\SisOdontoMandy\index.php(56): CodeIgniter\Boot::bootWeb(Object(Config\Paths))
#11 {main}
ERROR - 2025-07-05 03:04:03 --> mysqli_sql_exception: You have an error in your SQL syntax; check the manual that corresponds to your MariaDB server version for the right syntax to use near 'sp_insertar_historial_clinico_detalle('2','nada','nada','nada')' at line 1 in C:\xampp\htdocs\SisOdontoMandy\system\Database\MySQLi\Connection.php:312
Stack trace:
#0 C:\xampp\htdocs\SisOdontoMandy\system\Database\MySQLi\Connection.php(312): mysqli->query('sp_insertar_his...', 0)
#1 C:\xampp\htdocs\SisOdontoMandy\system\Database\BaseConnection.php(734): CodeIgniter\Database\MySQLi\Connection->execute('sp_insertar_his...')
#2 C:\xampp\htdocs\SisOdontoMandy\system\Database\BaseConnection.php(648): CodeIgniter\Database\BaseConnection->simpleQuery('sp_insertar_his...')
#3 C:\xampp\htdocs\SisOdontoMandy\app\Models\ModeloGeneral.php(189): CodeIgniter\Database\BaseConnection->query('sp_insertar_his...', Array)
#4 C:\xampp\htdocs\SisOdontoMandy\app\Controllers\CCasos.php(97): App\Models\ModeloGeneral->MetodoModeloInsertCasoDetallado(Array)
#5 C:\xampp\htdocs\SisOdontoMandy\system\CodeIgniter.php(933): App\Controllers\CCasos->MetodoInsertarCasoDetallado()
#6 C:\xampp\htdocs\SisOdontoMandy\system\CodeIgniter.php(509): CodeIgniter\CodeIgniter->runController(Object(App\Controllers\CCasos))
#7 C:\xampp\htdocs\SisOdontoMandy\system\CodeIgniter.php(355): CodeIgniter\CodeIgniter->handleRequest(NULL, Object(Config\Cache), false)
#8 C:\xampp\htdocs\SisOdontoMandy\system\Boot.php(325): CodeIgniter\CodeIgniter->run()
#9 C:\xampp\htdocs\SisOdontoMandy\system\Boot.php(67): CodeIgniter\Boot::runCodeIgniter(Object(CodeIgniter\CodeIgniter))
#10 C:\xampp\htdocs\SisOdontoMandy\index.php(56): CodeIgniter\Boot::bootWeb(Object(Config\Paths))
#11 {main}
ERROR - 2025-07-05 03:06:35 --> mysqli_sql_exception: You have an error in your SQL syntax; check the manual that corresponds to your MariaDB server version for the right syntax to use near 'sp_insertar_historial_clinico_detalle('2','Nada','Nad','Nada')' at line 1 in C:\xampp\htdocs\SisOdontoMandy\system\Database\MySQLi\Connection.php:312
Stack trace:
#0 C:\xampp\htdocs\SisOdontoMandy\system\Database\MySQLi\Connection.php(312): mysqli->query('sp_insertar_his...', 0)
#1 C:\xampp\htdocs\SisOdontoMandy\system\Database\BaseConnection.php(734): CodeIgniter\Database\MySQLi\Connection->execute('sp_insertar_his...')
#2 C:\xampp\htdocs\SisOdontoMandy\system\Database\BaseConnection.php(648): CodeIgniter\Database\BaseConnection->simpleQuery('sp_insertar_his...')
#3 C:\xampp\htdocs\SisOdontoMandy\app\Models\ModeloGeneral.php(189): CodeIgniter\Database\BaseConnection->query('sp_insertar_his...', Array)
#4 C:\xampp\htdocs\SisOdontoMandy\app\Controllers\CCasos.php(97): App\Models\ModeloGeneral->MetodoModeloInsertCasoDetallado(Array)
#5 C:\xampp\htdocs\SisOdontoMandy\system\CodeIgniter.php(933): App\Controllers\CCasos->MetodoInsertarCasoDetallado()
#6 C:\xampp\htdocs\SisOdontoMandy\system\CodeIgniter.php(509): CodeIgniter\CodeIgniter->runController(Object(App\Controllers\CCasos))
#7 C:\xampp\htdocs\SisOdontoMandy\system\CodeIgniter.php(355): CodeIgniter\CodeIgniter->handleRequest(NULL, Object(Config\Cache), false)
#8 C:\xampp\htdocs\SisOdontoMandy\system\Boot.php(325): CodeIgniter\CodeIgniter->run()
#9 C:\xampp\htdocs\SisOdontoMandy\system\Boot.php(67): CodeIgniter\Boot::runCodeIgniter(Object(CodeIgniter\CodeIgniter))
#10 C:\xampp\htdocs\SisOdontoMandy\index.php(56): CodeIgniter\Boot::bootWeb(Object(Config\Paths))
#11 {main}
ERROR - 2025-07-05 03:17:28 --> mysqli_sql_exception: You have an error in your SQL syntax; check the manual that corresponds to your MariaDB server version for the right syntax to use near 'sp_insertar_historial_clinico_detalle('3','Nada','Nada','Nada')' at line 1 in C:\xampp\htdocs\SisOdontoMandy\system\Database\MySQLi\Connection.php:312
Stack trace:
#0 C:\xampp\htdocs\SisOdontoMandy\system\Database\MySQLi\Connection.php(312): mysqli->query('sp_insertar_his...', 0)
#1 C:\xampp\htdocs\SisOdontoMandy\system\Database\BaseConnection.php(734): CodeIgniter\Database\MySQLi\Connection->execute('sp_insertar_his...')
#2 C:\xampp\htdocs\SisOdontoMandy\system\Database\BaseConnection.php(648): CodeIgniter\Database\BaseConnection->simpleQuery('sp_insertar_his...')
#3 C:\xampp\htdocs\SisOdontoMandy\app\Models\ModeloGeneral.php(189): CodeIgniter\Database\BaseConnection->query('sp_insertar_his...', Array)
#4 C:\xampp\htdocs\SisOdontoMandy\app\Controllers\CCasos.php(97): App\Models\ModeloGeneral->MetodoModeloInsertCasoDetallado(Array)
#5 C:\xampp\htdocs\SisOdontoMandy\system\CodeIgniter.php(933): App\Controllers\CCasos->MetodoInsertarCasoDetallado()
#6 C:\xampp\htdocs\SisOdontoMandy\system\CodeIgniter.php(509): CodeIgniter\CodeIgniter->runController(Object(App\Controllers\CCasos))
#7 C:\xampp\htdocs\SisOdontoMandy\system\CodeIgniter.php(355): CodeIgniter\CodeIgniter->handleRequest(NULL, Object(Config\Cache), false)
#8 C:\xampp\htdocs\SisOdontoMandy\system\Boot.php(325): CodeIgniter\CodeIgniter->run()
#9 C:\xampp\htdocs\SisOdontoMandy\system\Boot.php(67): CodeIgniter\Boot::runCodeIgniter(Object(CodeIgniter\CodeIgniter))
#10 C:\xampp\htdocs\SisOdontoMandy\index.php(56): CodeIgniter\Boot::bootWeb(Object(Config\Paths))
#11 {main}
ERROR - 2025-07-05 03:25:45 --> mysqli_sql_exception: You have an error in your SQL syntax; check the manual that corresponds to your MariaDB server version for the right syntax to use near 'sp_insertar_historial_clinico_detalle('3','Nada','Nada','Nada')' at line 1 in C:\xampp\htdocs\SisOdontoMandy\system\Database\MySQLi\Connection.php:312
Stack trace:
#0 C:\xampp\htdocs\SisOdontoMandy\system\Database\MySQLi\Connection.php(312): mysqli->query('sp_insertar_his...', 0)
#1 C:\xampp\htdocs\SisOdontoMandy\system\Database\BaseConnection.php(734): CodeIgniter\Database\MySQLi\Connection->execute('sp_insertar_his...')
#2 C:\xampp\htdocs\SisOdontoMandy\system\Database\BaseConnection.php(648): CodeIgniter\Database\BaseConnection->simpleQuery('sp_insertar_his...')
#3 C:\xampp\htdocs\SisOdontoMandy\app\Models\ModeloGeneral.php(189): CodeIgniter\Database\BaseConnection->query('sp_insertar_his...', Array)
#4 C:\xampp\htdocs\SisOdontoMandy\app\Controllers\CCasos.php(97): App\Models\ModeloGeneral->MetodoModeloInsertCasoDetallado(Array)
#5 C:\xampp\htdocs\SisOdontoMandy\system\CodeIgniter.php(933): App\Controllers\CCasos->MetodoInsertarCasoDetallado()
#6 C:\xampp\htdocs\SisOdontoMandy\system\CodeIgniter.php(509): CodeIgniter\CodeIgniter->runController(Object(App\Controllers\CCasos))
#7 C:\xampp\htdocs\SisOdontoMandy\system\CodeIgniter.php(355): CodeIgniter\CodeIgniter->handleRequest(NULL, Object(Config\Cache), false)
#8 C:\xampp\htdocs\SisOdontoMandy\system\Boot.php(325): CodeIgniter\CodeIgniter->run()
#9 C:\xampp\htdocs\SisOdontoMandy\system\Boot.php(67): CodeIgniter\Boot::runCodeIgniter(Object(CodeIgniter\CodeIgniter))
#10 C:\xampp\htdocs\SisOdontoMandy\index.php(56): CodeIgniter\Boot::bootWeb(Object(Config\Paths))
#11 {main}
ERROR - 2025-07-05 03:37:20 --> mysqli_sql_exception: You have an error in your SQL syntax; check the manual that corresponds to your MariaDB server version for the right syntax to use near 'sp_insertar_historial_clinico_detalle('3','Nada','Nada','Nada')' at line 1 in C:\xampp\htdocs\SisOdontoMandy\system\Database\MySQLi\Connection.php:312
Stack trace:
#0 C:\xampp\htdocs\SisOdontoMandy\system\Database\MySQLi\Connection.php(312): mysqli->query('sp_insertar_his...', 0)
#1 C:\xampp\htdocs\SisOdontoMandy\system\Database\BaseConnection.php(734): CodeIgniter\Database\MySQLi\Connection->execute('sp_insertar_his...')
#2 C:\xampp\htdocs\SisOdontoMandy\system\Database\BaseConnection.php(648): CodeIgniter\Database\BaseConnection->simpleQuery('sp_insertar_his...')
#3 C:\xampp\htdocs\SisOdontoMandy\app\Models\ModeloGeneral.php(189): CodeIgniter\Database\BaseConnection->query('sp_insertar_his...', Array)
#4 C:\xampp\htdocs\SisOdontoMandy\app\Controllers\CCasos.php(97): App\Models\ModeloGeneral->MetodoModeloInsertCasoDetallado(Array)
#5 C:\xampp\htdocs\SisOdontoMandy\system\CodeIgniter.php(933): App\Controllers\CCasos->MetodoInsertarCasoDetallado()
#6 C:\xampp\htdocs\SisOdontoMandy\system\CodeIgniter.php(509): CodeIgniter\CodeIgniter->runController(Object(App\Controllers\CCasos))
#7 C:\xampp\htdocs\SisOdontoMandy\system\CodeIgniter.php(355): CodeIgniter\CodeIgniter->handleRequest(NULL, Object(Config\Cache), false)
#8 C:\xampp\htdocs\SisOdontoMandy\system\Boot.php(325): CodeIgniter\CodeIgniter->run()
#9 C:\xampp\htdocs\SisOdontoMandy\system\Boot.php(67): CodeIgniter\Boot::runCodeIgniter(Object(CodeIgniter\CodeIgniter))
#10 C:\xampp\htdocs\SisOdontoMandy\index.php(56): CodeIgniter\Boot::bootWeb(Object(Config\Paths))
#11 {main}
INFO - 2025-07-05 22:05:20 --> Session: Class initialized using 'CodeIgniter\Session\Handlers\FileHandler' driver.
INFO - 2025-07-05 22:05:26 --> Session: Class initialized using 'CodeIgniter\Session\Handlers\FileHandler' driver.
WARNING - 2025-07-05 22:08:20 --> [DEPRECATED] json_decode(): Passing null to parameter #1 ($json) of type string is deprecated in APPPATH\Views\VistaSelectCasos.php on line 93.
 1 APPPATH\Views\VistaSelectCasos.php(93): json_decode(null, true)
 2 SYSTEMPATH\View\View.php(234): include('C:\\xampp\\htdocs\\SisOdontoMandy\\app\\Views\\VistaSelectCasos.php')
 3 SYSTEMPATH\View\View.php(237): CodeIgniter\View\View->CodeIgniter\View\{closure}()
 4 SYSTEMPATH\Common.php(1171): CodeIgniter\View\View->render('VistaSelectCasos', [], true)
 5 APPPATH\Controllers\CCasos.php(55): view('VistaSelectCasos', [...])
 6 SYSTEMPATH\CodeIgniter.php(933): App\Controllers\CCasos->SelectCasosFC()
 7 SYSTEMPATH\CodeIgniter.php(509): CodeIgniter\CodeIgniter->runController(Object(App\Controllers\CCasos))
 8 SYSTEMPATH\CodeIgniter.php(355): CodeIgniter\CodeIgniter->handleRequest(null, Object(Config\Cache), false)
 9 SYSTEMPATH\Boot.php(325): CodeIgniter\CodeIgniter->run()
10 SYSTEMPATH\Boot.php(67): CodeIgniter\Boot::runCodeIgniter(Object(CodeIgniter\CodeIgniter))
11 FCPATH\index.php(56): CodeIgniter\Boot::bootWeb(Object(Config\Paths))
WARNING - 2025-07-05 22:08:20 --> [DEPRECATED] json_decode(): Passing null to parameter #1 ($json) of type string is deprecated in APPPATH\Views\VistaSelectCasos.php on line 93.
 1 APPPATH\Views\VistaSelectCasos.php(93): json_decode(null, true)
 2 SYSTEMPATH\View\View.php(234): include('C:\\xampp\\htdocs\\SisOdontoMandy\\app\\Views\\VistaSelectCasos.php')
 3 SYSTEMPATH\View\View.php(237): CodeIgniter\View\View->CodeIgniter\View\{closure}()
 4 SYSTEMPATH\Common.php(1171): CodeIgniter\View\View->render('VistaSelectCasos', [], true)
 5 APPPATH\Controllers\CCasos.php(55): view('VistaSelectCasos', [...])
 6 SYSTEMPATH\CodeIgniter.php(933): App\Controllers\CCasos->SelectCasosFC()
 7 SYSTEMPATH\CodeIgniter.php(509): CodeIgniter\CodeIgniter->runController(Object(App\Controllers\CCasos))
 8 SYSTEMPATH\CodeIgniter.php(355): CodeIgniter\CodeIgniter->handleRequest(null, Object(Config\Cache), false)
 9 SYSTEMPATH\Boot.php(325): CodeIgniter\CodeIgniter->run()
10 SYSTEMPATH\Boot.php(67): CodeIgniter\Boot::runCodeIgniter(Object(CodeIgniter\CodeIgniter))
11 FCPATH\index.php(56): CodeIgniter\Boot::bootWeb(Object(Config\Paths))
WARNING - 2025-07-05 22:08:20 --> [DEPRECATED] json_decode(): Passing null to parameter #1 ($json) of type string is deprecated in APPPATH\Views\VistaSelectCasos.php on line 93.
 1 APPPATH\Views\VistaSelectCasos.php(93): json_decode(null, true)
 2 SYSTEMPATH\View\View.php(234): include('C:\\xampp\\htdocs\\SisOdontoMandy\\app\\Views\\VistaSelectCasos.php')
 3 SYSTEMPATH\View\View.php(237): CodeIgniter\View\View->CodeIgniter\View\{closure}()
 4 SYSTEMPATH\Common.php(1171): CodeIgniter\View\View->render('VistaSelectCasos', [], true)
 5 APPPATH\Controllers\CCasos.php(55): view('VistaSelectCasos', [...])
 6 SYSTEMPATH\CodeIgniter.php(933): App\Controllers\CCasos->SelectCasosFC()
 7 SYSTEMPATH\CodeIgniter.php(509): CodeIgniter\CodeIgniter->runController(Object(App\Controllers\CCasos))
 8 SYSTEMPATH\CodeIgniter.php(355): CodeIgniter\CodeIgniter->handleRequest(null, Object(Config\Cache), false)
 9 SYSTEMPATH\Boot.php(325): CodeIgniter\CodeIgniter->run()
10 SYSTEMPATH\Boot.php(67): CodeIgniter\Boot::runCodeIgniter(Object(CodeIgniter\CodeIgniter))
11 FCPATH\index.php(56): CodeIgniter\Boot::bootWeb(Object(Config\Paths))
WARNING - 2025-07-05 22:08:20 --> [DEPRECATED] json_decode(): Passing null to parameter #1 ($json) of type string is deprecated in APPPATH\Views\VistaSelectCasos.php on line 93.
 1 APPPATH\Views\VistaSelectCasos.php(93): json_decode(null, true)
 2 SYSTEMPATH\View\View.php(234): include('C:\\xampp\\htdocs\\SisOdontoMandy\\app\\Views\\VistaSelectCasos.php')
 3 SYSTEMPATH\View\View.php(237): CodeIgniter\View\View->CodeIgniter\View\{closure}()
 4 SYSTEMPATH\Common.php(1171): CodeIgniter\View\View->render('VistaSelectCasos', [], true)
 5 APPPATH\Controllers\CCasos.php(55): view('VistaSelectCasos', [...])
 6 SYSTEMPATH\CodeIgniter.php(933): App\Controllers\CCasos->SelectCasosFC()
 7 SYSTEMPATH\CodeIgniter.php(509): CodeIgniter\CodeIgniter->runController(Object(App\Controllers\CCasos))
 8 SYSTEMPATH\CodeIgniter.php(355): CodeIgniter\CodeIgniter->handleRequest(null, Object(Config\Cache), false)
 9 SYSTEMPATH\Boot.php(325): CodeIgniter\CodeIgniter->run()
10 SYSTEMPATH\Boot.php(67): CodeIgniter\Boot::runCodeIgniter(Object(CodeIgniter\CodeIgniter))
11 FCPATH\index.php(56): CodeIgniter\Boot::bootWeb(Object(Config\Paths))
WARNING - 2025-07-05 22:08:20 --> [DEPRECATED] json_decode(): Passing null to parameter #1 ($json) of type string is deprecated in APPPATH\Views\VistaSelectCasos.php on line 93.
 1 APPPATH\Views\VistaSelectCasos.php(93): json_decode(null, true)
 2 SYSTEMPATH\View\View.php(234): include('C:\\xampp\\htdocs\\SisOdontoMandy\\app\\Views\\VistaSelectCasos.php')
 3 SYSTEMPATH\View\View.php(237): CodeIgniter\View\View->CodeIgniter\View\{closure}()
 4 SYSTEMPATH\Common.php(1171): CodeIgniter\View\View->render('VistaSelectCasos', [], true)
 5 APPPATH\Controllers\CCasos.php(55): view('VistaSelectCasos', [...])
 6 SYSTEMPATH\CodeIgniter.php(933): App\Controllers\CCasos->SelectCasosFC()
 7 SYSTEMPATH\CodeIgniter.php(509): CodeIgniter\CodeIgniter->runController(Object(App\Controllers\CCasos))
 8 SYSTEMPATH\CodeIgniter.php(355): CodeIgniter\CodeIgniter->handleRequest(null, Object(Config\Cache), false)
 9 SYSTEMPATH\Boot.php(325): CodeIgniter\CodeIgniter->run()
10 SYSTEMPATH\Boot.php(67): CodeIgniter\Boot::runCodeIgniter(Object(CodeIgniter\CodeIgniter))
11 FCPATH\index.php(56): CodeIgniter\Boot::bootWeb(Object(Config\Paths))
WARNING - 2025-07-05 22:09:32 --> [DEPRECATED] json_decode(): Passing null to parameter #1 ($json) of type string is deprecated in APPPATH\Views\VistaSelectCasos.php on line 93.
 1 APPPATH\Views\VistaSelectCasos.php(93): json_decode(null, true)
 2 SYSTEMPATH\View\View.php(234): include('C:\\xampp\\htdocs\\SisOdontoMandy\\app\\Views\\VistaSelectCasos.php')
 3 SYSTEMPATH\View\View.php(237): CodeIgniter\View\View->CodeIgniter\View\{closure}()
 4 SYSTEMPATH\Common.php(1171): CodeIgniter\View\View->render('VistaSelectCasos', [], true)
 5 APPPATH\Controllers\CCasos.php(55): view('VistaSelectCasos', [...])
 6 SYSTEMPATH\CodeIgniter.php(933): App\Controllers\CCasos->SelectCasosFC()
 7 SYSTEMPATH\CodeIgniter.php(509): CodeIgniter\CodeIgniter->runController(Object(App\Controllers\CCasos))
 8 SYSTEMPATH\CodeIgniter.php(355): CodeIgniter\CodeIgniter->handleRequest(null, Object(Config\Cache), false)
 9 SYSTEMPATH\Boot.php(325): CodeIgniter\CodeIgniter->run()
10 SYSTEMPATH\Boot.php(67): CodeIgniter\Boot::runCodeIgniter(Object(CodeIgniter\CodeIgniter))
11 FCPATH\index.php(56): CodeIgniter\Boot::bootWeb(Object(Config\Paths))
WARNING - 2025-07-05 22:09:32 --> [DEPRECATED] json_decode(): Passing null to parameter #1 ($json) of type string is deprecated in APPPATH\Views\VistaSelectCasos.php on line 93.
 1 APPPATH\Views\VistaSelectCasos.php(93): json_decode(null, true)
 2 SYSTEMPATH\View\View.php(234): include('C:\\xampp\\htdocs\\SisOdontoMandy\\app\\Views\\VistaSelectCasos.php')
 3 SYSTEMPATH\View\View.php(237): CodeIgniter\View\View->CodeIgniter\View\{closure}()
 4 SYSTEMPATH\Common.php(1171): CodeIgniter\View\View->render('VistaSelectCasos', [], true)
 5 APPPATH\Controllers\CCasos.php(55): view('VistaSelectCasos', [...])
 6 SYSTEMPATH\CodeIgniter.php(933): App\Controllers\CCasos->SelectCasosFC()
 7 SYSTEMPATH\CodeIgniter.php(509): CodeIgniter\CodeIgniter->runController(Object(App\Controllers\CCasos))
 8 SYSTEMPATH\CodeIgniter.php(355): CodeIgniter\CodeIgniter->handleRequest(null, Object(Config\Cache), false)
 9 SYSTEMPATH\Boot.php(325): CodeIgniter\CodeIgniter->run()
10 SYSTEMPATH\Boot.php(67): CodeIgniter\Boot::runCodeIgniter(Object(CodeIgniter\CodeIgniter))
11 FCPATH\index.php(56): CodeIgniter\Boot::bootWeb(Object(Config\Paths))
WARNING - 2025-07-05 22:09:32 --> [DEPRECATED] json_decode(): Passing null to parameter #1 ($json) of type string is deprecated in APPPATH\Views\VistaSelectCasos.php on line 93.
 1 APPPATH\Views\VistaSelectCasos.php(93): json_decode(null, true)
 2 SYSTEMPATH\View\View.php(234): include('C:\\xampp\\htdocs\\SisOdontoMandy\\app\\Views\\VistaSelectCasos.php')
 3 SYSTEMPATH\View\View.php(237): CodeIgniter\View\View->CodeIgniter\View\{closure}()
 4 SYSTEMPATH\Common.php(1171): CodeIgniter\View\View->render('VistaSelectCasos', [], true)
 5 APPPATH\Controllers\CCasos.php(55): view('VistaSelectCasos', [...])
 6 SYSTEMPATH\CodeIgniter.php(933): App\Controllers\CCasos->SelectCasosFC()
 7 SYSTEMPATH\CodeIgniter.php(509): CodeIgniter\CodeIgniter->runController(Object(App\Controllers\CCasos))
 8 SYSTEMPATH\CodeIgniter.php(355): CodeIgniter\CodeIgniter->handleRequest(null, Object(Config\Cache), false)
 9 SYSTEMPATH\Boot.php(325): CodeIgniter\CodeIgniter->run()
10 SYSTEMPATH\Boot.php(67): CodeIgniter\Boot::runCodeIgniter(Object(CodeIgniter\CodeIgniter))
11 FCPATH\index.php(56): CodeIgniter\Boot::bootWeb(Object(Config\Paths))
WARNING - 2025-07-05 22:09:32 --> [DEPRECATED] json_decode(): Passing null to parameter #1 ($json) of type string is deprecated in APPPATH\Views\VistaSelectCasos.php on line 93.
 1 APPPATH\Views\VistaSelectCasos.php(93): json_decode(null, true)
 2 SYSTEMPATH\View\View.php(234): include('C:\\xampp\\htdocs\\SisOdontoMandy\\app\\Views\\VistaSelectCasos.php')
 3 SYSTEMPATH\View\View.php(237): CodeIgniter\View\View->CodeIgniter\View\{closure}()
 4 SYSTEMPATH\Common.php(1171): CodeIgniter\View\View->render('VistaSelectCasos', [], true)
 5 APPPATH\Controllers\CCasos.php(55): view('VistaSelectCasos', [...])
 6 SYSTEMPATH\CodeIgniter.php(933): App\Controllers\CCasos->SelectCasosFC()
 7 SYSTEMPATH\CodeIgniter.php(509): CodeIgniter\CodeIgniter->runController(Object(App\Controllers\CCasos))
 8 SYSTEMPATH\CodeIgniter.php(355): CodeIgniter\CodeIgniter->handleRequest(null, Object(Config\Cache), false)
 9 SYSTEMPATH\Boot.php(325): CodeIgniter\CodeIgniter->run()
10 SYSTEMPATH\Boot.php(67): CodeIgniter\Boot::runCodeIgniter(Object(CodeIgniter\CodeIgniter))
11 FCPATH\index.php(56): CodeIgniter\Boot::bootWeb(Object(Config\Paths))
WARNING - 2025-07-05 22:09:32 --> [DEPRECATED] json_decode(): Passing null to parameter #1 ($json) of type string is deprecated in APPPATH\Views\VistaSelectCasos.php on line 93.
 1 APPPATH\Views\VistaSelectCasos.php(93): json_decode(null, true)
 2 SYSTEMPATH\View\View.php(234): include('C:\\xampp\\htdocs\\SisOdontoMandy\\app\\Views\\VistaSelectCasos.php')
 3 SYSTEMPATH\View\View.php(237): CodeIgniter\View\View->CodeIgniter\View\{closure}()
 4 SYSTEMPATH\Common.php(1171): CodeIgniter\View\View->render('VistaSelectCasos', [], true)
 5 APPPATH\Controllers\CCasos.php(55): view('VistaSelectCasos', [...])
 6 SYSTEMPATH\CodeIgniter.php(933): App\Controllers\CCasos->SelectCasosFC()
 7 SYSTEMPATH\CodeIgniter.php(509): CodeIgniter\CodeIgniter->runController(Object(App\Controllers\CCasos))
 8 SYSTEMPATH\CodeIgniter.php(355): CodeIgniter\CodeIgniter->handleRequest(null, Object(Config\Cache), false)
 9 SYSTEMPATH\Boot.php(325): CodeIgniter\CodeIgniter->run()
10 SYSTEMPATH\Boot.php(67): CodeIgniter\Boot::runCodeIgniter(Object(CodeIgniter\CodeIgniter))
11 FCPATH\index.php(56): CodeIgniter\Boot::bootWeb(Object(Config\Paths))
INFO - 2025-07-05 22:16:58 --> Session: Class initialized using 'CodeIgniter\Session\Handlers\FileHandler' driver.
INFO - 2025-07-05 22:17:07 --> Session: Class initialized using 'CodeIgniter\Session\Handlers\FileHandler' driver.
INFO - 2025-07-05 22:17:14 --> Session: Class initialized using 'CodeIgniter\Session\Handlers\FileHandler' driver.
CRITICAL - 2025-07-05 22:29:14 --> ArgumentCountError: password_get_info() expects exactly 1 argument, 2 given
[Method: GET, Route: hashear-claves]
in APPPATH\Controllers\Home.php on line 113.
 1 APPPATH\Controllers\Home.php(113): password_get_info('doc123', '2y')
 2 SYSTEMPATH\CodeIgniter.php(933): App\Controllers\Home->convertirContraseñasAHASH()
 3 SYSTEMPATH\CodeIgniter.php(509): CodeIgniter\CodeIgniter->runController(Object(App\Controllers\Home))
 4 SYSTEMPATH\CodeIgniter.php(355): CodeIgniter\CodeIgniter->handleRequest(null, Object(Config\Cache), false)
 5 SYSTEMPATH\Boot.php(325): CodeIgniter\CodeIgniter->run()
 6 SYSTEMPATH\Boot.php(67): CodeIgniter\Boot::runCodeIgniter(Object(CodeIgniter\CodeIgniter))
 7 FCPATH\index.php(56): CodeIgniter\Boot::bootWeb(Object(Config\Paths))
CRITICAL - 2025-07-05 22:30:16 --> ArgumentCountError: password_get_info() expects exactly 1 argument, 2 given
[Method: GET, Route: hashear-claves]
in APPPATH\Controllers\Home.php on line 113.
 1 APPPATH\Controllers\Home.php(113): password_get_info('doc123', '2y')
 2 SYSTEMPATH\CodeIgniter.php(933): App\Controllers\Home->convertirContraseñasAHASH()
 3 SYSTEMPATH\CodeIgniter.php(509): CodeIgniter\CodeIgniter->runController(Object(App\Controllers\Home))
 4 SYSTEMPATH\CodeIgniter.php(355): CodeIgniter\CodeIgniter->handleRequest(null, Object(Config\Cache), false)
 5 SYSTEMPATH\Boot.php(325): CodeIgniter\CodeIgniter->run()
 6 SYSTEMPATH\Boot.php(67): CodeIgniter\Boot::runCodeIgniter(Object(CodeIgniter\CodeIgniter))
 7 FCPATH\index.php(56): CodeIgniter\Boot::bootWeb(Object(Config\Paths))
INFO - 2025-07-05 22:34:17 --> Session: Class initialized using 'CodeIgniter\Session\Handlers\FileHandler' driver.
INFO - 2025-07-05 22:34:27 --> Session: Class initialized using 'CodeIgniter\Session\Handlers\FileHandler' driver.
INFO - 2025-07-05 22:35:34 --> Session: Class initialized using 'CodeIgniter\Session\Handlers\FileHandler' driver.
INFO - 2025-07-05 22:35:44 --> Session: Class initialized using 'CodeIgniter\Session\Handlers\FileHandler' driver.
