ERROR - 2025-06-08 02:34:07 --> mysqli_sql_exception: Incorrect number of arguments for PROCEDURE odontomandy_db.SP_INSERT_CASO_CLINICO; expected 12, got 11 in C:\xampp\htdocs\SisOdontoMandy\system\Database\MySQLi\Connection.php:312
Stack trace:
#0 C:\xampp\htdocs\SisOdontoMandy\system\Database\MySQLi\Connection.php(312): mysqli->query('CALL SP_INSERT_...', 0)
#1 C:\xampp\htdocs\SisOdontoMandy\system\Database\BaseConnection.php(734): CodeIgniter\Database\MySQLi\Connection->execute('CALL SP_INSERT_...')
#2 C:\xampp\htdocs\SisOdontoMandy\system\Database\BaseConnection.php(648): CodeIgniter\Database\BaseConnection->simpleQuery('CALL SP_INSERT_...')
#3 C:\xampp\htdocs\SisOdontoMandy\app\Models\ModeloGeneral.php(148): CodeIgniter\Database\BaseConnection->query('CALL SP_INSERT_...', Array)
#4 C:\xampp\htdocs\SisOdontoMandy\app\Controllers\CCasos.php(35): App\Models\ModeloGeneral->MetodoModeloInsertCaso(Array)
#5 C:\xampp\htdocs\SisOdontoMandy\system\CodeIgniter.php(933): App\Controllers\CCasos->MetodoInsertarCaso()
#6 C:\xampp\htdocs\SisOdontoMandy\system\CodeIgniter.php(509): CodeIgniter\CodeIgniter->runController(Object(App\Controllers\CCasos))
#7 C:\xampp\htdocs\SisOdontoMandy\system\CodeIgniter.php(355): CodeIgniter\CodeIgniter->handleRequest(NULL, Object(Config\Cache), false)
#8 C:\xampp\htdocs\SisOdontoMandy\system\Boot.php(325): CodeIgniter\CodeIgniter->run()
#9 C:\xampp\htdocs\SisOdontoMandy\system\Boot.php(67): CodeIgniter\Boot::runCodeIgniter(Object(CodeIgniter\CodeIgniter))
#10 C:\xampp\htdocs\SisOdontoMandy\index.php(56): CodeIgniter\Boot::bootWeb(Object(Config\Paths))
#11 {main}
ERROR - 2025-06-08 02:34:07 --> mysqli_sql_exception: Unknown column 'examen_clinico' in 'field list' in C:\xampp\htdocs\SisOdontoMandy\system\Database\MySQLi\Connection.php:312
Stack trace:
#0 C:\xampp\htdocs\SisOdontoMandy\system\Database\MySQLi\Connection.php(312): mysqli->query('CALL SP_ListarC...', 0)
#1 C:\xampp\htdocs\SisOdontoMandy\system\Database\BaseConnection.php(734): CodeIgniter\Database\MySQLi\Connection->execute('CALL SP_ListarC...')
#2 C:\xampp\htdocs\SisOdontoMandy\system\Database\BaseConnection.php(648): CodeIgniter\Database\BaseConnection->simpleQuery('CALL SP_ListarC...')
#3 C:\xampp\htdocs\SisOdontoMandy\app\Models\ModeloGeneral.php(170): CodeIgniter\Database\BaseConnection->query('CALL SP_ListarC...')
#4 C:\xampp\htdocs\SisOdontoMandy\app\Controllers\CCasos.php(51): App\Models\ModeloGeneral->SelectCasosFM()
#5 C:\xampp\htdocs\SisOdontoMandy\system\CodeIgniter.php(933): App\Controllers\CCasos->SelectCasosFC()
#6 C:\xampp\htdocs\SisOdontoMandy\system\CodeIgniter.php(509): CodeIgniter\CodeIgniter->runController(Object(App\Controllers\CCasos))
#7 C:\xampp\htdocs\SisOdontoMandy\system\CodeIgniter.php(355): CodeIgniter\CodeIgniter->handleRequest(NULL, Object(Config\Cache), false)
#8 C:\xampp\htdocs\SisOdontoMandy\system\Boot.php(325): CodeIgniter\CodeIgniter->run()
#9 C:\xampp\htdocs\SisOdontoMandy\system\Boot.php(67): CodeIgniter\Boot::runCodeIgniter(Object(CodeIgniter\CodeIgniter))
#10 C:\xampp\htdocs\SisOdontoMandy\index.php(56): CodeIgniter\Boot::bootWeb(Object(Config\Paths))
#11 {main}
CRITICAL - 2025-06-08 02:34:07 --> CodeIgniter\Database\Exceptions\DatabaseException: Unknown column 'examen_clinico' in 'field list'
[Method: GET, Route: SelectCasos]
in SYSTEMPATH\Database\BaseConnection.php on line 688.
 1 APPPATH\Models\ModeloGeneral.php(170): CodeIgniter\Database\BaseConnection->query('CALL SP_ListarCasosClinicos')
 2 APPPATH\Controllers\CCasos.php(51): App\Models\ModeloGeneral->SelectCasosFM()
 3 SYSTEMPATH\CodeIgniter.php(933): App\Controllers\CCasos->SelectCasosFC()
 4 SYSTEMPATH\CodeIgniter.php(509): CodeIgniter\CodeIgniter->runController(Object(App\Controllers\CCasos))
 5 SYSTEMPATH\CodeIgniter.php(355): CodeIgniter\CodeIgniter->handleRequest(null, Object(Config\Cache), false)
 6 SYSTEMPATH\Boot.php(325): CodeIgniter\CodeIgniter->run()
 7 SYSTEMPATH\Boot.php(67): CodeIgniter\Boot::runCodeIgniter(Object(CodeIgniter\CodeIgniter))
 8 FCPATH\index.php(56): CodeIgniter\Boot::bootWeb(Object(Config\Paths))
CRITICAL - 2025-06-08 02:34:07 --> [Caused by] CodeIgniter\Database\Exceptions\DatabaseException: Unknown column 'examen_clinico' in 'field list'
in SYSTEMPATH\Database\MySQLi\Connection.php on line 317.
 1 SYSTEMPATH\Database\BaseConnection.php(734): CodeIgniter\Database\MySQLi\Connection->execute('CALL SP_ListarCasosClinicos')
 2 SYSTEMPATH\Database\BaseConnection.php(648): CodeIgniter\Database\BaseConnection->simpleQuery('CALL SP_ListarCasosClinicos')
 3 APPPATH\Models\ModeloGeneral.php(170): CodeIgniter\Database\BaseConnection->query('CALL SP_ListarCasosClinicos')
 4 APPPATH\Controllers\CCasos.php(51): App\Models\ModeloGeneral->SelectCasosFM()
 5 SYSTEMPATH\CodeIgniter.php(933): App\Controllers\CCasos->SelectCasosFC()
 6 SYSTEMPATH\CodeIgniter.php(509): CodeIgniter\CodeIgniter->runController(Object(App\Controllers\CCasos))
 7 SYSTEMPATH\CodeIgniter.php(355): CodeIgniter\CodeIgniter->handleRequest(null, Object(Config\Cache), false)
 8 SYSTEMPATH\Boot.php(325): CodeIgniter\CodeIgniter->run()
 9 SYSTEMPATH\Boot.php(67): CodeIgniter\Boot::runCodeIgniter(Object(CodeIgniter\CodeIgniter))
10 FCPATH\index.php(56): CodeIgniter\Boot::bootWeb(Object(Config\Paths))
CRITICAL - 2025-06-08 02:34:07 --> [Caused by] mysqli_sql_exception: Unknown column 'examen_clinico' in 'field list'
in SYSTEMPATH\Database\MySQLi\Connection.php on line 312.
 1 SYSTEMPATH\Database\MySQLi\Connection.php(312): mysqli->query('CALL SP_ListarCasosClinicos', 0)
 2 SYSTEMPATH\Database\BaseConnection.php(734): CodeIgniter\Database\MySQLi\Connection->execute('CALL SP_ListarCasosClinicos')
 3 SYSTEMPATH\Database\BaseConnection.php(648): CodeIgniter\Database\BaseConnection->simpleQuery('CALL SP_ListarCasosClinicos')
 4 APPPATH\Models\ModeloGeneral.php(170): CodeIgniter\Database\BaseConnection->query('CALL SP_ListarCasosClinicos')
 5 APPPATH\Controllers\CCasos.php(51): App\Models\ModeloGeneral->SelectCasosFM()
 6 SYSTEMPATH\CodeIgniter.php(933): App\Controllers\CCasos->SelectCasosFC()
 7 SYSTEMPATH\CodeIgniter.php(509): CodeIgniter\CodeIgniter->runController(Object(App\Controllers\CCasos))
 8 SYSTEMPATH\CodeIgniter.php(355): CodeIgniter\CodeIgniter->handleRequest(null, Object(Config\Cache), false)
 9 SYSTEMPATH\Boot.php(325): CodeIgniter\CodeIgniter->run()
10 SYSTEMPATH\Boot.php(67): CodeIgniter\Boot::runCodeIgniter(Object(CodeIgniter\CodeIgniter))
11 FCPATH\index.php(56): CodeIgniter\Boot::bootWeb(Object(Config\Paths))
ERROR - 2025-06-08 02:40:34 --> mysqli_sql_exception: Incorrect number of arguments for PROCEDURE odontomandy_db.SP_INSERT_CASO_CLINICO; expected 12, got 11 in C:\xampp\htdocs\SisOdontoMandy\system\Database\MySQLi\Connection.php:312
Stack trace:
#0 C:\xampp\htdocs\SisOdontoMandy\system\Database\MySQLi\Connection.php(312): mysqli->query('CALL SP_INSERT_...', 0)
#1 C:\xampp\htdocs\SisOdontoMandy\system\Database\BaseConnection.php(734): CodeIgniter\Database\MySQLi\Connection->execute('CALL SP_INSERT_...')
#2 C:\xampp\htdocs\SisOdontoMandy\system\Database\BaseConnection.php(648): CodeIgniter\Database\BaseConnection->simpleQuery('CALL SP_INSERT_...')
#3 C:\xampp\htdocs\SisOdontoMandy\app\Models\ModeloGeneral.php(148): CodeIgniter\Database\BaseConnection->query('CALL SP_INSERT_...', Array)
#4 C:\xampp\htdocs\SisOdontoMandy\app\Controllers\CCasos.php(35): App\Models\ModeloGeneral->MetodoModeloInsertCaso(Array)
#5 C:\xampp\htdocs\SisOdontoMandy\system\CodeIgniter.php(933): App\Controllers\CCasos->MetodoInsertarCaso()
#6 C:\xampp\htdocs\SisOdontoMandy\system\CodeIgniter.php(509): CodeIgniter\CodeIgniter->runController(Object(App\Controllers\CCasos))
#7 C:\xampp\htdocs\SisOdontoMandy\system\CodeIgniter.php(355): CodeIgniter\CodeIgniter->handleRequest(NULL, Object(Config\Cache), false)
#8 C:\xampp\htdocs\SisOdontoMandy\system\Boot.php(325): CodeIgniter\CodeIgniter->run()
#9 C:\xampp\htdocs\SisOdontoMandy\system\Boot.php(67): CodeIgniter\Boot::runCodeIgniter(Object(CodeIgniter\CodeIgniter))
#10 C:\xampp\htdocs\SisOdontoMandy\index.php(56): CodeIgniter\Boot::bootWeb(Object(Config\Paths))
#11 {main}
CRITICAL - 2025-06-08 02:43:04 --> ErrorException: Undefined property: stdClass::$examen_clinico
[Method: GET, Route: Inicio]
in APPPATH\Views\VistaDashboard.php on line 31.
 1 APPPATH\Views\VistaDashboard.php(31): CodeIgniter\Debug\Exceptions->errorHandler(2, 'Undefined property: stdClass::$examen_clinico', 'C:\\xampp\\htdocs\\SisOdontoMandy\\app\\Views\\VistaDashboard.php', 31)
 2 SYSTEMPATH\View\View.php(234): include('C:\\xampp\\htdocs\\SisOdontoMandy\\app\\Views\\VistaDashboard.php')
 3 SYSTEMPATH\View\View.php(237): CodeIgniter\View\View->CodeIgniter\View\{closure}()
 4 SYSTEMPATH\Common.php(1171): CodeIgniter\View\View->render('VistaDashboard', [], true)
 5 APPPATH\Controllers\Home.php(170): view('VistaDashboard', [...])
 6 SYSTEMPATH\CodeIgniter.php(933): App\Controllers\Home->MostrarDashboard()
 7 SYSTEMPATH\CodeIgniter.php(509): CodeIgniter\CodeIgniter->runController(Object(App\Controllers\Home))
 8 SYSTEMPATH\CodeIgniter.php(355): CodeIgniter\CodeIgniter->handleRequest(null, Object(Config\Cache), false)
 9 SYSTEMPATH\Boot.php(325): CodeIgniter\CodeIgniter->run()
10 SYSTEMPATH\Boot.php(67): CodeIgniter\Boot::runCodeIgniter(Object(CodeIgniter\CodeIgniter))
11 FCPATH\index.php(56): CodeIgniter\Boot::bootWeb(Object(Config\Paths))
CRITICAL - 2025-06-08 04:02:17 --> ErrorException: Undefined property: stdClass::$odontograma
[Method: GET, Route: SelectCasos]
in APPPATH\Views\VistaSelectCasos.php on line 131.
 1 APPPATH\Views\VistaSelectCasos.php(131): CodeIgniter\Debug\Exceptions->errorHandler(2, 'Undefined property: stdClass::$odontograma', 'C:\\xampp\\htdocs\\SisOdontoMandy\\app\\Views\\VistaSelectCasos.php', 131)
 2 SYSTEMPATH\View\View.php(234): include('C:\\xampp\\htdocs\\SisOdontoMandy\\app\\Views\\VistaSelectCasos.php')
 3 SYSTEMPATH\View\View.php(237): CodeIgniter\View\View->CodeIgniter\View\{closure}()
 4 SYSTEMPATH\Common.php(1171): CodeIgniter\View\View->render('VistaSelectCasos', [], true)
 5 APPPATH\Controllers\CCasos.php(54): view('VistaSelectCasos', [...])
 6 SYSTEMPATH\CodeIgniter.php(933): App\Controllers\CCasos->SelectCasosFC()
 7 SYSTEMPATH\CodeIgniter.php(509): CodeIgniter\CodeIgniter->runController(Object(App\Controllers\CCasos))
 8 SYSTEMPATH\CodeIgniter.php(355): CodeIgniter\CodeIgniter->handleRequest(null, Object(Config\Cache), false)
 9 SYSTEMPATH\Boot.php(325): CodeIgniter\CodeIgniter->run()
10 SYSTEMPATH\Boot.php(67): CodeIgniter\Boot::runCodeIgniter(Object(CodeIgniter\CodeIgniter))
11 FCPATH\index.php(56): CodeIgniter\Boot::bootWeb(Object(Config\Paths))
CRITICAL - 2025-06-08 04:03:35 --> ErrorException: Undefined property: stdClass::$odontograma
[Method: GET, Route: SelectCasos]
in APPPATH\Views\VistaSelectCasos.php on line 134.
 1 APPPATH\Views\VistaSelectCasos.php(134): CodeIgniter\Debug\Exceptions->errorHandler(2, 'Undefined property: stdClass::$odontograma', 'C:\\xampp\\htdocs\\SisOdontoMandy\\app\\Views\\VistaSelectCasos.php', 134)
 2 SYSTEMPATH\View\View.php(234): include('C:\\xampp\\htdocs\\SisOdontoMandy\\app\\Views\\VistaSelectCasos.php')
 3 SYSTEMPATH\View\View.php(237): CodeIgniter\View\View->CodeIgniter\View\{closure}()
 4 SYSTEMPATH\Common.php(1171): CodeIgniter\View\View->render('VistaSelectCasos', [], true)
 5 APPPATH\Controllers\CCasos.php(54): view('VistaSelectCasos', [...])
 6 SYSTEMPATH\CodeIgniter.php(933): App\Controllers\CCasos->SelectCasosFC()
 7 SYSTEMPATH\CodeIgniter.php(509): CodeIgniter\CodeIgniter->runController(Object(App\Controllers\CCasos))
 8 SYSTEMPATH\CodeIgniter.php(355): CodeIgniter\CodeIgniter->handleRequest(null, Object(Config\Cache), false)
 9 SYSTEMPATH\Boot.php(325): CodeIgniter\CodeIgniter->run()
10 SYSTEMPATH\Boot.php(67): CodeIgniter\Boot::runCodeIgniter(Object(CodeIgniter\CodeIgniter))
11 FCPATH\index.php(56): CodeIgniter\Boot::bootWeb(Object(Config\Paths))
WARNING - 2025-06-08 04:26:05 --> [DEPRECATED] json_decode(): Passing null to parameter #1 ($json) of type string is deprecated in APPPATH\Views\VistaSelectCasos.php on line 93.
 1 APPPATH\Views\VistaSelectCasos.php(93): json_decode(null, true)
 2 SYSTEMPATH\View\View.php(234): include('C:\\xampp\\htdocs\\SisOdontoMandy\\app\\Views\\VistaSelectCasos.php')
 3 SYSTEMPATH\View\View.php(237): CodeIgniter\View\View->CodeIgniter\View\{closure}()
 4 SYSTEMPATH\Common.php(1171): CodeIgniter\View\View->render('VistaSelectCasos', [], true)
 5 APPPATH\Controllers\CCasos.php(55): view('VistaSelectCasos', [...])
 6 SYSTEMPATH\CodeIgniter.php(933): App\Controllers\CCasos->SelectCasosFC()
 7 SYSTEMPATH\CodeIgniter.php(509): CodeIgniter\CodeIgniter->runController(Object(App\Controllers\CCasos))
 8 SYSTEMPATH\CodeIgniter.php(355): CodeIgniter\CodeIgniter->handleRequest(null, Object(Config\Cache), false)
 9 SYSTEMPATH\Boot.php(325): CodeIgniter\CodeIgniter->run()
10 SYSTEMPATH\Boot.php(67): CodeIgniter\Boot::runCodeIgniter(Object(CodeIgniter\CodeIgniter))
11 FCPATH\index.php(56): CodeIgniter\Boot::bootWeb(Object(Config\Paths))
WARNING - 2025-06-08 04:26:05 --> [DEPRECATED] json_decode(): Passing null to parameter #1 ($json) of type string is deprecated in APPPATH\Views\VistaSelectCasos.php on line 93.
 1 APPPATH\Views\VistaSelectCasos.php(93): json_decode(null, true)
 2 SYSTEMPATH\View\View.php(234): include('C:\\xampp\\htdocs\\SisOdontoMandy\\app\\Views\\VistaSelectCasos.php')
 3 SYSTEMPATH\View\View.php(237): CodeIgniter\View\View->CodeIgniter\View\{closure}()
 4 SYSTEMPATH\Common.php(1171): CodeIgniter\View\View->render('VistaSelectCasos', [], true)
 5 APPPATH\Controllers\CCasos.php(55): view('VistaSelectCasos', [...])
 6 SYSTEMPATH\CodeIgniter.php(933): App\Controllers\CCasos->SelectCasosFC()
 7 SYSTEMPATH\CodeIgniter.php(509): CodeIgniter\CodeIgniter->runController(Object(App\Controllers\CCasos))
 8 SYSTEMPATH\CodeIgniter.php(355): CodeIgniter\CodeIgniter->handleRequest(null, Object(Config\Cache), false)
 9 SYSTEMPATH\Boot.php(325): CodeIgniter\CodeIgniter->run()
10 SYSTEMPATH\Boot.php(67): CodeIgniter\Boot::runCodeIgniter(Object(CodeIgniter\CodeIgniter))
11 FCPATH\index.php(56): CodeIgniter\Boot::bootWeb(Object(Config\Paths))
WARNING - 2025-06-08 04:26:05 --> [DEPRECATED] json_decode(): Passing null to parameter #1 ($json) of type string is deprecated in APPPATH\Views\VistaSelectCasos.php on line 93.
 1 APPPATH\Views\VistaSelectCasos.php(93): json_decode(null, true)
 2 SYSTEMPATH\View\View.php(234): include('C:\\xampp\\htdocs\\SisOdontoMandy\\app\\Views\\VistaSelectCasos.php')
 3 SYSTEMPATH\View\View.php(237): CodeIgniter\View\View->CodeIgniter\View\{closure}()
 4 SYSTEMPATH\Common.php(1171): CodeIgniter\View\View->render('VistaSelectCasos', [], true)
 5 APPPATH\Controllers\CCasos.php(55): view('VistaSelectCasos', [...])
 6 SYSTEMPATH\CodeIgniter.php(933): App\Controllers\CCasos->SelectCasosFC()
 7 SYSTEMPATH\CodeIgniter.php(509): CodeIgniter\CodeIgniter->runController(Object(App\Controllers\CCasos))
 8 SYSTEMPATH\CodeIgniter.php(355): CodeIgniter\CodeIgniter->handleRequest(null, Object(Config\Cache), false)
 9 SYSTEMPATH\Boot.php(325): CodeIgniter\CodeIgniter->run()
10 SYSTEMPATH\Boot.php(67): CodeIgniter\Boot::runCodeIgniter(Object(CodeIgniter\CodeIgniter))
11 FCPATH\index.php(56): CodeIgniter\Boot::bootWeb(Object(Config\Paths))
WARNING - 2025-06-08 04:26:05 --> [DEPRECATED] json_decode(): Passing null to parameter #1 ($json) of type string is deprecated in APPPATH\Views\VistaSelectCasos.php on line 93.
 1 APPPATH\Views\VistaSelectCasos.php(93): json_decode(null, true)
 2 SYSTEMPATH\View\View.php(234): include('C:\\xampp\\htdocs\\SisOdontoMandy\\app\\Views\\VistaSelectCasos.php')
 3 SYSTEMPATH\View\View.php(237): CodeIgniter\View\View->CodeIgniter\View\{closure}()
 4 SYSTEMPATH\Common.php(1171): CodeIgniter\View\View->render('VistaSelectCasos', [], true)
 5 APPPATH\Controllers\CCasos.php(55): view('VistaSelectCasos', [...])
 6 SYSTEMPATH\CodeIgniter.php(933): App\Controllers\CCasos->SelectCasosFC()
 7 SYSTEMPATH\CodeIgniter.php(509): CodeIgniter\CodeIgniter->runController(Object(App\Controllers\CCasos))
 8 SYSTEMPATH\CodeIgniter.php(355): CodeIgniter\CodeIgniter->handleRequest(null, Object(Config\Cache), false)
 9 SYSTEMPATH\Boot.php(325): CodeIgniter\CodeIgniter->run()
10 SYSTEMPATH\Boot.php(67): CodeIgniter\Boot::runCodeIgniter(Object(CodeIgniter\CodeIgniter))
11 FCPATH\index.php(56): CodeIgniter\Boot::bootWeb(Object(Config\Paths))
WARNING - 2025-06-08 04:26:05 --> [DEPRECATED] json_decode(): Passing null to parameter #1 ($json) of type string is deprecated in APPPATH\Views\VistaSelectCasos.php on line 93.
 1 APPPATH\Views\VistaSelectCasos.php(93): json_decode(null, true)
 2 SYSTEMPATH\View\View.php(234): include('C:\\xampp\\htdocs\\SisOdontoMandy\\app\\Views\\VistaSelectCasos.php')
 3 SYSTEMPATH\View\View.php(237): CodeIgniter\View\View->CodeIgniter\View\{closure}()
 4 SYSTEMPATH\Common.php(1171): CodeIgniter\View\View->render('VistaSelectCasos', [], true)
 5 APPPATH\Controllers\CCasos.php(55): view('VistaSelectCasos', [...])
 6 SYSTEMPATH\CodeIgniter.php(933): App\Controllers\CCasos->SelectCasosFC()
 7 SYSTEMPATH\CodeIgniter.php(509): CodeIgniter\CodeIgniter->runController(Object(App\Controllers\CCasos))
 8 SYSTEMPATH\CodeIgniter.php(355): CodeIgniter\CodeIgniter->handleRequest(null, Object(Config\Cache), false)
 9 SYSTEMPATH\Boot.php(325): CodeIgniter\CodeIgniter->run()
10 SYSTEMPATH\Boot.php(67): CodeIgniter\Boot::runCodeIgniter(Object(CodeIgniter\CodeIgniter))
11 FCPATH\index.php(56): CodeIgniter\Boot::bootWeb(Object(Config\Paths))
WARNING - 2025-06-08 04:26:05 --> [DEPRECATED] json_decode(): Passing null to parameter #1 ($json) of type string is deprecated in APPPATH\Views\VistaSelectCasos.php on line 93.
 1 APPPATH\Views\VistaSelectCasos.php(93): json_decode(null, true)
 2 SYSTEMPATH\View\View.php(234): include('C:\\xampp\\htdocs\\SisOdontoMandy\\app\\Views\\VistaSelectCasos.php')
 3 SYSTEMPATH\View\View.php(237): CodeIgniter\View\View->CodeIgniter\View\{closure}()
 4 SYSTEMPATH\Common.php(1171): CodeIgniter\View\View->render('VistaSelectCasos', [], true)
 5 APPPATH\Controllers\CCasos.php(55): view('VistaSelectCasos', [...])
 6 SYSTEMPATH\CodeIgniter.php(933): App\Controllers\CCasos->SelectCasosFC()
 7 SYSTEMPATH\CodeIgniter.php(509): CodeIgniter\CodeIgniter->runController(Object(App\Controllers\CCasos))
 8 SYSTEMPATH\CodeIgniter.php(355): CodeIgniter\CodeIgniter->handleRequest(null, Object(Config\Cache), false)
 9 SYSTEMPATH\Boot.php(325): CodeIgniter\CodeIgniter->run()
10 SYSTEMPATH\Boot.php(67): CodeIgniter\Boot::runCodeIgniter(Object(CodeIgniter\CodeIgniter))
11 FCPATH\index.php(56): CodeIgniter\Boot::bootWeb(Object(Config\Paths))
WARNING - 2025-06-08 04:26:05 --> [DEPRECATED] json_decode(): Passing null to parameter #1 ($json) of type string is deprecated in APPPATH\Views\VistaSelectCasos.php on line 93.
 1 APPPATH\Views\VistaSelectCasos.php(93): json_decode(null, true)
 2 SYSTEMPATH\View\View.php(234): include('C:\\xampp\\htdocs\\SisOdontoMandy\\app\\Views\\VistaSelectCasos.php')
 3 SYSTEMPATH\View\View.php(237): CodeIgniter\View\View->CodeIgniter\View\{closure}()
 4 SYSTEMPATH\Common.php(1171): CodeIgniter\View\View->render('VistaSelectCasos', [], true)
 5 APPPATH\Controllers\CCasos.php(55): view('VistaSelectCasos', [...])
 6 SYSTEMPATH\CodeIgniter.php(933): App\Controllers\CCasos->SelectCasosFC()
 7 SYSTEMPATH\CodeIgniter.php(509): CodeIgniter\CodeIgniter->runController(Object(App\Controllers\CCasos))
 8 SYSTEMPATH\CodeIgniter.php(355): CodeIgniter\CodeIgniter->handleRequest(null, Object(Config\Cache), false)
 9 SYSTEMPATH\Boot.php(325): CodeIgniter\CodeIgniter->run()
10 SYSTEMPATH\Boot.php(67): CodeIgniter\Boot::runCodeIgniter(Object(CodeIgniter\CodeIgniter))
11 FCPATH\index.php(56): CodeIgniter\Boot::bootWeb(Object(Config\Paths))
WARNING - 2025-06-08 04:26:05 --> [DEPRECATED] json_decode(): Passing null to parameter #1 ($json) of type string is deprecated in APPPATH\Views\VistaSelectCasos.php on line 93.
 1 APPPATH\Views\VistaSelectCasos.php(93): json_decode(null, true)
 2 SYSTEMPATH\View\View.php(234): include('C:\\xampp\\htdocs\\SisOdontoMandy\\app\\Views\\VistaSelectCasos.php')
 3 SYSTEMPATH\View\View.php(237): CodeIgniter\View\View->CodeIgniter\View\{closure}()
 4 SYSTEMPATH\Common.php(1171): CodeIgniter\View\View->render('VistaSelectCasos', [], true)
 5 APPPATH\Controllers\CCasos.php(55): view('VistaSelectCasos', [...])
 6 SYSTEMPATH\CodeIgniter.php(933): App\Controllers\CCasos->SelectCasosFC()
 7 SYSTEMPATH\CodeIgniter.php(509): CodeIgniter\CodeIgniter->runController(Object(App\Controllers\CCasos))
 8 SYSTEMPATH\CodeIgniter.php(355): CodeIgniter\CodeIgniter->handleRequest(null, Object(Config\Cache), false)
 9 SYSTEMPATH\Boot.php(325): CodeIgniter\CodeIgniter->run()
10 SYSTEMPATH\Boot.php(67): CodeIgniter\Boot::runCodeIgniter(Object(CodeIgniter\CodeIgniter))
11 FCPATH\index.php(56): CodeIgniter\Boot::bootWeb(Object(Config\Paths))
WARNING - 2025-06-08 04:26:05 --> [DEPRECATED] json_decode(): Passing null to parameter #1 ($json) of type string is deprecated in APPPATH\Views\VistaSelectCasos.php on line 93.
 1 APPPATH\Views\VistaSelectCasos.php(93): json_decode(null, true)
 2 SYSTEMPATH\View\View.php(234): include('C:\\xampp\\htdocs\\SisOdontoMandy\\app\\Views\\VistaSelectCasos.php')
 3 SYSTEMPATH\View\View.php(237): CodeIgniter\View\View->CodeIgniter\View\{closure}()
 4 SYSTEMPATH\Common.php(1171): CodeIgniter\View\View->render('VistaSelectCasos', [], true)
 5 APPPATH\Controllers\CCasos.php(55): view('VistaSelectCasos', [...])
 6 SYSTEMPATH\CodeIgniter.php(933): App\Controllers\CCasos->SelectCasosFC()
 7 SYSTEMPATH\CodeIgniter.php(509): CodeIgniter\CodeIgniter->runController(Object(App\Controllers\CCasos))
 8 SYSTEMPATH\CodeIgniter.php(355): CodeIgniter\CodeIgniter->handleRequest(null, Object(Config\Cache), false)
 9 SYSTEMPATH\Boot.php(325): CodeIgniter\CodeIgniter->run()
10 SYSTEMPATH\Boot.php(67): CodeIgniter\Boot::runCodeIgniter(Object(CodeIgniter\CodeIgniter))
11 FCPATH\index.php(56): CodeIgniter\Boot::bootWeb(Object(Config\Paths))
WARNING - 2025-06-08 04:26:05 --> [DEPRECATED] json_decode(): Passing null to parameter #1 ($json) of type string is deprecated in APPPATH\Views\VistaSelectCasos.php on line 93.
 1 APPPATH\Views\VistaSelectCasos.php(93): json_decode(null, true)
 2 SYSTEMPATH\View\View.php(234): include('C:\\xampp\\htdocs\\SisOdontoMandy\\app\\Views\\VistaSelectCasos.php')
 3 SYSTEMPATH\View\View.php(237): CodeIgniter\View\View->CodeIgniter\View\{closure}()
 4 SYSTEMPATH\Common.php(1171): CodeIgniter\View\View->render('VistaSelectCasos', [], true)
 5 APPPATH\Controllers\CCasos.php(55): view('VistaSelectCasos', [...])
 6 SYSTEMPATH\CodeIgniter.php(933): App\Controllers\CCasos->SelectCasosFC()
 7 SYSTEMPATH\CodeIgniter.php(509): CodeIgniter\CodeIgniter->runController(Object(App\Controllers\CCasos))
 8 SYSTEMPATH\CodeIgniter.php(355): CodeIgniter\CodeIgniter->handleRequest(null, Object(Config\Cache), false)
 9 SYSTEMPATH\Boot.php(325): CodeIgniter\CodeIgniter->run()
10 SYSTEMPATH\Boot.php(67): CodeIgniter\Boot::runCodeIgniter(Object(CodeIgniter\CodeIgniter))
11 FCPATH\index.php(56): CodeIgniter\Boot::bootWeb(Object(Config\Paths))
WARNING - 2025-06-08 04:26:05 --> [DEPRECATED] json_decode(): Passing null to parameter #1 ($json) of type string is deprecated in APPPATH\Views\VistaSelectCasos.php on line 93.
 1 APPPATH\Views\VistaSelectCasos.php(93): json_decode(null, true)
 2 SYSTEMPATH\View\View.php(234): include('C:\\xampp\\htdocs\\SisOdontoMandy\\app\\Views\\VistaSelectCasos.php')
 3 SYSTEMPATH\View\View.php(237): CodeIgniter\View\View->CodeIgniter\View\{closure}()
 4 SYSTEMPATH\Common.php(1171): CodeIgniter\View\View->render('VistaSelectCasos', [], true)
 5 APPPATH\Controllers\CCasos.php(55): view('VistaSelectCasos', [...])
 6 SYSTEMPATH\CodeIgniter.php(933): App\Controllers\CCasos->SelectCasosFC()
 7 SYSTEMPATH\CodeIgniter.php(509): CodeIgniter\CodeIgniter->runController(Object(App\Controllers\CCasos))
 8 SYSTEMPATH\CodeIgniter.php(355): CodeIgniter\CodeIgniter->handleRequest(null, Object(Config\Cache), false)
 9 SYSTEMPATH\Boot.php(325): CodeIgniter\CodeIgniter->run()
10 SYSTEMPATH\Boot.php(67): CodeIgniter\Boot::runCodeIgniter(Object(CodeIgniter\CodeIgniter))
11 FCPATH\index.php(56): CodeIgniter\Boot::bootWeb(Object(Config\Paths))
WARNING - 2025-06-08 04:26:05 --> [DEPRECATED] json_decode(): Passing null to parameter #1 ($json) of type string is deprecated in APPPATH\Views\VistaSelectCasos.php on line 93.
 1 APPPATH\Views\VistaSelectCasos.php(93): json_decode(null, true)
 2 SYSTEMPATH\View\View.php(234): include('C:\\xampp\\htdocs\\SisOdontoMandy\\app\\Views\\VistaSelectCasos.php')
 3 SYSTEMPATH\View\View.php(237): CodeIgniter\View\View->CodeIgniter\View\{closure}()
 4 SYSTEMPATH\Common.php(1171): CodeIgniter\View\View->render('VistaSelectCasos', [], true)
 5 APPPATH\Controllers\CCasos.php(55): view('VistaSelectCasos', [...])
 6 SYSTEMPATH\CodeIgniter.php(933): App\Controllers\CCasos->SelectCasosFC()
 7 SYSTEMPATH\CodeIgniter.php(509): CodeIgniter\CodeIgniter->runController(Object(App\Controllers\CCasos))
 8 SYSTEMPATH\CodeIgniter.php(355): CodeIgniter\CodeIgniter->handleRequest(null, Object(Config\Cache), false)
 9 SYSTEMPATH\Boot.php(325): CodeIgniter\CodeIgniter->run()
10 SYSTEMPATH\Boot.php(67): CodeIgniter\Boot::runCodeIgniter(Object(CodeIgniter\CodeIgniter))
11 FCPATH\index.php(56): CodeIgniter\Boot::bootWeb(Object(Config\Paths))
WARNING - 2025-06-08 04:26:05 --> [DEPRECATED] json_decode(): Passing null to parameter #1 ($json) of type string is deprecated in APPPATH\Views\VistaSelectCasos.php on line 93.
 1 APPPATH\Views\VistaSelectCasos.php(93): json_decode(null, true)
 2 SYSTEMPATH\View\View.php(234): include('C:\\xampp\\htdocs\\SisOdontoMandy\\app\\Views\\VistaSelectCasos.php')
 3 SYSTEMPATH\View\View.php(237): CodeIgniter\View\View->CodeIgniter\View\{closure}()
 4 SYSTEMPATH\Common.php(1171): CodeIgniter\View\View->render('VistaSelectCasos', [], true)
 5 APPPATH\Controllers\CCasos.php(55): view('VistaSelectCasos', [...])
 6 SYSTEMPATH\CodeIgniter.php(933): App\Controllers\CCasos->SelectCasosFC()
 7 SYSTEMPATH\CodeIgniter.php(509): CodeIgniter\CodeIgniter->runController(Object(App\Controllers\CCasos))
 8 SYSTEMPATH\CodeIgniter.php(355): CodeIgniter\CodeIgniter->handleRequest(null, Object(Config\Cache), false)
 9 SYSTEMPATH\Boot.php(325): CodeIgniter\CodeIgniter->run()
10 SYSTEMPATH\Boot.php(67): CodeIgniter\Boot::runCodeIgniter(Object(CodeIgniter\CodeIgniter))
11 FCPATH\index.php(56): CodeIgniter\Boot::bootWeb(Object(Config\Paths))
WARNING - 2025-06-08 04:26:05 --> [DEPRECATED] json_decode(): Passing null to parameter #1 ($json) of type string is deprecated in APPPATH\Views\VistaSelectCasos.php on line 93.
 1 APPPATH\Views\VistaSelectCasos.php(93): json_decode(null, true)
 2 SYSTEMPATH\View\View.php(234): include('C:\\xampp\\htdocs\\SisOdontoMandy\\app\\Views\\VistaSelectCasos.php')
 3 SYSTEMPATH\View\View.php(237): CodeIgniter\View\View->CodeIgniter\View\{closure}()
 4 SYSTEMPATH\Common.php(1171): CodeIgniter\View\View->render('VistaSelectCasos', [], true)
 5 APPPATH\Controllers\CCasos.php(55): view('VistaSelectCasos', [...])
 6 SYSTEMPATH\CodeIgniter.php(933): App\Controllers\CCasos->SelectCasosFC()
 7 SYSTEMPATH\CodeIgniter.php(509): CodeIgniter\CodeIgniter->runController(Object(App\Controllers\CCasos))
 8 SYSTEMPATH\CodeIgniter.php(355): CodeIgniter\CodeIgniter->handleRequest(null, Object(Config\Cache), false)
 9 SYSTEMPATH\Boot.php(325): CodeIgniter\CodeIgniter->run()
10 SYSTEMPATH\Boot.php(67): CodeIgniter\Boot::runCodeIgniter(Object(CodeIgniter\CodeIgniter))
11 FCPATH\index.php(56): CodeIgniter\Boot::bootWeb(Object(Config\Paths))
WARNING - 2025-06-08 04:26:05 --> [DEPRECATED] json_decode(): Passing null to parameter #1 ($json) of type string is deprecated in APPPATH\Views\VistaSelectCasos.php on line 93.
 1 APPPATH\Views\VistaSelectCasos.php(93): json_decode(null, true)
 2 SYSTEMPATH\View\View.php(234): include('C:\\xampp\\htdocs\\SisOdontoMandy\\app\\Views\\VistaSelectCasos.php')
 3 SYSTEMPATH\View\View.php(237): CodeIgniter\View\View->CodeIgniter\View\{closure}()
 4 SYSTEMPATH\Common.php(1171): CodeIgniter\View\View->render('VistaSelectCasos', [], true)
 5 APPPATH\Controllers\CCasos.php(55): view('VistaSelectCasos', [...])
 6 SYSTEMPATH\CodeIgniter.php(933): App\Controllers\CCasos->SelectCasosFC()
 7 SYSTEMPATH\CodeIgniter.php(509): CodeIgniter\CodeIgniter->runController(Object(App\Controllers\CCasos))
 8 SYSTEMPATH\CodeIgniter.php(355): CodeIgniter\CodeIgniter->handleRequest(null, Object(Config\Cache), false)
 9 SYSTEMPATH\Boot.php(325): CodeIgniter\CodeIgniter->run()
10 SYSTEMPATH\Boot.php(67): CodeIgniter\Boot::runCodeIgniter(Object(CodeIgniter\CodeIgniter))
11 FCPATH\index.php(56): CodeIgniter\Boot::bootWeb(Object(Config\Paths))
WARNING - 2025-06-08 04:26:05 --> [DEPRECATED] json_decode(): Passing null to parameter #1 ($json) of type string is deprecated in APPPATH\Views\VistaSelectCasos.php on line 93.
 1 APPPATH\Views\VistaSelectCasos.php(93): json_decode(null, true)
 2 SYSTEMPATH\View\View.php(234): include('C:\\xampp\\htdocs\\SisOdontoMandy\\app\\Views\\VistaSelectCasos.php')
 3 SYSTEMPATH\View\View.php(237): CodeIgniter\View\View->CodeIgniter\View\{closure}()
 4 SYSTEMPATH\Common.php(1171): CodeIgniter\View\View->render('VistaSelectCasos', [], true)
 5 APPPATH\Controllers\CCasos.php(55): view('VistaSelectCasos', [...])
 6 SYSTEMPATH\CodeIgniter.php(933): App\Controllers\CCasos->SelectCasosFC()
 7 SYSTEMPATH\CodeIgniter.php(509): CodeIgniter\CodeIgniter->runController(Object(App\Controllers\CCasos))
 8 SYSTEMPATH\CodeIgniter.php(355): CodeIgniter\CodeIgniter->handleRequest(null, Object(Config\Cache), false)
 9 SYSTEMPATH\Boot.php(325): CodeIgniter\CodeIgniter->run()
10 SYSTEMPATH\Boot.php(67): CodeIgniter\Boot::runCodeIgniter(Object(CodeIgniter\CodeIgniter))
11 FCPATH\index.php(56): CodeIgniter\Boot::bootWeb(Object(Config\Paths))
WARNING - 2025-06-08 04:27:28 --> [DEPRECATED] json_decode(): Passing null to parameter #1 ($json) of type string is deprecated in APPPATH\Views\VistaSelectCasos.php on line 93.
 1 APPPATH\Views\VistaSelectCasos.php(93): json_decode(null, true)
 2 SYSTEMPATH\View\View.php(234): include('C:\\xampp\\htdocs\\SisOdontoMandy\\app\\Views\\VistaSelectCasos.php')
 3 SYSTEMPATH\View\View.php(237): CodeIgniter\View\View->CodeIgniter\View\{closure}()
 4 SYSTEMPATH\Common.php(1171): CodeIgniter\View\View->render('VistaSelectCasos', [], true)
 5 APPPATH\Controllers\CCasos.php(55): view('VistaSelectCasos', [...])
 6 SYSTEMPATH\CodeIgniter.php(933): App\Controllers\CCasos->SelectCasosFC()
 7 SYSTEMPATH\CodeIgniter.php(509): CodeIgniter\CodeIgniter->runController(Object(App\Controllers\CCasos))
 8 SYSTEMPATH\CodeIgniter.php(355): CodeIgniter\CodeIgniter->handleRequest(null, Object(Config\Cache), false)
 9 SYSTEMPATH\Boot.php(325): CodeIgniter\CodeIgniter->run()
10 SYSTEMPATH\Boot.php(67): CodeIgniter\Boot::runCodeIgniter(Object(CodeIgniter\CodeIgniter))
11 FCPATH\index.php(56): CodeIgniter\Boot::bootWeb(Object(Config\Paths))
WARNING - 2025-06-08 04:27:28 --> [DEPRECATED] json_decode(): Passing null to parameter #1 ($json) of type string is deprecated in APPPATH\Views\VistaSelectCasos.php on line 93.
 1 APPPATH\Views\VistaSelectCasos.php(93): json_decode(null, true)
 2 SYSTEMPATH\View\View.php(234): include('C:\\xampp\\htdocs\\SisOdontoMandy\\app\\Views\\VistaSelectCasos.php')
 3 SYSTEMPATH\View\View.php(237): CodeIgniter\View\View->CodeIgniter\View\{closure}()
 4 SYSTEMPATH\Common.php(1171): CodeIgniter\View\View->render('VistaSelectCasos', [], true)
 5 APPPATH\Controllers\CCasos.php(55): view('VistaSelectCasos', [...])
 6 SYSTEMPATH\CodeIgniter.php(933): App\Controllers\CCasos->SelectCasosFC()
 7 SYSTEMPATH\CodeIgniter.php(509): CodeIgniter\CodeIgniter->runController(Object(App\Controllers\CCasos))
 8 SYSTEMPATH\CodeIgniter.php(355): CodeIgniter\CodeIgniter->handleRequest(null, Object(Config\Cache), false)
 9 SYSTEMPATH\Boot.php(325): CodeIgniter\CodeIgniter->run()
10 SYSTEMPATH\Boot.php(67): CodeIgniter\Boot::runCodeIgniter(Object(CodeIgniter\CodeIgniter))
11 FCPATH\index.php(56): CodeIgniter\Boot::bootWeb(Object(Config\Paths))
WARNING - 2025-06-08 04:27:28 --> [DEPRECATED] json_decode(): Passing null to parameter #1 ($json) of type string is deprecated in APPPATH\Views\VistaSelectCasos.php on line 93.
 1 APPPATH\Views\VistaSelectCasos.php(93): json_decode(null, true)
 2 SYSTEMPATH\View\View.php(234): include('C:\\xampp\\htdocs\\SisOdontoMandy\\app\\Views\\VistaSelectCasos.php')
 3 SYSTEMPATH\View\View.php(237): CodeIgniter\View\View->CodeIgniter\View\{closure}()
 4 SYSTEMPATH\Common.php(1171): CodeIgniter\View\View->render('VistaSelectCasos', [], true)
 5 APPPATH\Controllers\CCasos.php(55): view('VistaSelectCasos', [...])
 6 SYSTEMPATH\CodeIgniter.php(933): App\Controllers\CCasos->SelectCasosFC()
 7 SYSTEMPATH\CodeIgniter.php(509): CodeIgniter\CodeIgniter->runController(Object(App\Controllers\CCasos))
 8 SYSTEMPATH\CodeIgniter.php(355): CodeIgniter\CodeIgniter->handleRequest(null, Object(Config\Cache), false)
 9 SYSTEMPATH\Boot.php(325): CodeIgniter\CodeIgniter->run()
10 SYSTEMPATH\Boot.php(67): CodeIgniter\Boot::runCodeIgniter(Object(CodeIgniter\CodeIgniter))
11 FCPATH\index.php(56): CodeIgniter\Boot::bootWeb(Object(Config\Paths))
WARNING - 2025-06-08 04:27:28 --> [DEPRECATED] json_decode(): Passing null to parameter #1 ($json) of type string is deprecated in APPPATH\Views\VistaSelectCasos.php on line 93.
 1 APPPATH\Views\VistaSelectCasos.php(93): json_decode(null, true)
 2 SYSTEMPATH\View\View.php(234): include('C:\\xampp\\htdocs\\SisOdontoMandy\\app\\Views\\VistaSelectCasos.php')
 3 SYSTEMPATH\View\View.php(237): CodeIgniter\View\View->CodeIgniter\View\{closure}()
 4 SYSTEMPATH\Common.php(1171): CodeIgniter\View\View->render('VistaSelectCasos', [], true)
 5 APPPATH\Controllers\CCasos.php(55): view('VistaSelectCasos', [...])
 6 SYSTEMPATH\CodeIgniter.php(933): App\Controllers\CCasos->SelectCasosFC()
 7 SYSTEMPATH\CodeIgniter.php(509): CodeIgniter\CodeIgniter->runController(Object(App\Controllers\CCasos))
 8 SYSTEMPATH\CodeIgniter.php(355): CodeIgniter\CodeIgniter->handleRequest(null, Object(Config\Cache), false)
 9 SYSTEMPATH\Boot.php(325): CodeIgniter\CodeIgniter->run()
10 SYSTEMPATH\Boot.php(67): CodeIgniter\Boot::runCodeIgniter(Object(CodeIgniter\CodeIgniter))
11 FCPATH\index.php(56): CodeIgniter\Boot::bootWeb(Object(Config\Paths))
WARNING - 2025-06-08 04:27:28 --> [DEPRECATED] json_decode(): Passing null to parameter #1 ($json) of type string is deprecated in APPPATH\Views\VistaSelectCasos.php on line 93.
 1 APPPATH\Views\VistaSelectCasos.php(93): json_decode(null, true)
 2 SYSTEMPATH\View\View.php(234): include('C:\\xampp\\htdocs\\SisOdontoMandy\\app\\Views\\VistaSelectCasos.php')
 3 SYSTEMPATH\View\View.php(237): CodeIgniter\View\View->CodeIgniter\View\{closure}()
 4 SYSTEMPATH\Common.php(1171): CodeIgniter\View\View->render('VistaSelectCasos', [], true)
 5 APPPATH\Controllers\CCasos.php(55): view('VistaSelectCasos', [...])
 6 SYSTEMPATH\CodeIgniter.php(933): App\Controllers\CCasos->SelectCasosFC()
 7 SYSTEMPATH\CodeIgniter.php(509): CodeIgniter\CodeIgniter->runController(Object(App\Controllers\CCasos))
 8 SYSTEMPATH\CodeIgniter.php(355): CodeIgniter\CodeIgniter->handleRequest(null, Object(Config\Cache), false)
 9 SYSTEMPATH\Boot.php(325): CodeIgniter\CodeIgniter->run()
10 SYSTEMPATH\Boot.php(67): CodeIgniter\Boot::runCodeIgniter(Object(CodeIgniter\CodeIgniter))
11 FCPATH\index.php(56): CodeIgniter\Boot::bootWeb(Object(Config\Paths))
WARNING - 2025-06-08 04:27:28 --> [DEPRECATED] json_decode(): Passing null to parameter #1 ($json) of type string is deprecated in APPPATH\Views\VistaSelectCasos.php on line 93.
 1 APPPATH\Views\VistaSelectCasos.php(93): json_decode(null, true)
 2 SYSTEMPATH\View\View.php(234): include('C:\\xampp\\htdocs\\SisOdontoMandy\\app\\Views\\VistaSelectCasos.php')
 3 SYSTEMPATH\View\View.php(237): CodeIgniter\View\View->CodeIgniter\View\{closure}()
 4 SYSTEMPATH\Common.php(1171): CodeIgniter\View\View->render('VistaSelectCasos', [], true)
 5 APPPATH\Controllers\CCasos.php(55): view('VistaSelectCasos', [...])
 6 SYSTEMPATH\CodeIgniter.php(933): App\Controllers\CCasos->SelectCasosFC()
 7 SYSTEMPATH\CodeIgniter.php(509): CodeIgniter\CodeIgniter->runController(Object(App\Controllers\CCasos))
 8 SYSTEMPATH\CodeIgniter.php(355): CodeIgniter\CodeIgniter->handleRequest(null, Object(Config\Cache), false)
 9 SYSTEMPATH\Boot.php(325): CodeIgniter\CodeIgniter->run()
10 SYSTEMPATH\Boot.php(67): CodeIgniter\Boot::runCodeIgniter(Object(CodeIgniter\CodeIgniter))
11 FCPATH\index.php(56): CodeIgniter\Boot::bootWeb(Object(Config\Paths))
WARNING - 2025-06-08 04:27:28 --> [DEPRECATED] json_decode(): Passing null to parameter #1 ($json) of type string is deprecated in APPPATH\Views\VistaSelectCasos.php on line 93.
 1 APPPATH\Views\VistaSelectCasos.php(93): json_decode(null, true)
 2 SYSTEMPATH\View\View.php(234): include('C:\\xampp\\htdocs\\SisOdontoMandy\\app\\Views\\VistaSelectCasos.php')
 3 SYSTEMPATH\View\View.php(237): CodeIgniter\View\View->CodeIgniter\View\{closure}()
 4 SYSTEMPATH\Common.php(1171): CodeIgniter\View\View->render('VistaSelectCasos', [], true)
 5 APPPATH\Controllers\CCasos.php(55): view('VistaSelectCasos', [...])
 6 SYSTEMPATH\CodeIgniter.php(933): App\Controllers\CCasos->SelectCasosFC()
 7 SYSTEMPATH\CodeIgniter.php(509): CodeIgniter\CodeIgniter->runController(Object(App\Controllers\CCasos))
 8 SYSTEMPATH\CodeIgniter.php(355): CodeIgniter\CodeIgniter->handleRequest(null, Object(Config\Cache), false)
 9 SYSTEMPATH\Boot.php(325): CodeIgniter\CodeIgniter->run()
10 SYSTEMPATH\Boot.php(67): CodeIgniter\Boot::runCodeIgniter(Object(CodeIgniter\CodeIgniter))
11 FCPATH\index.php(56): CodeIgniter\Boot::bootWeb(Object(Config\Paths))
WARNING - 2025-06-08 04:27:28 --> [DEPRECATED] json_decode(): Passing null to parameter #1 ($json) of type string is deprecated in APPPATH\Views\VistaSelectCasos.php on line 93.
 1 APPPATH\Views\VistaSelectCasos.php(93): json_decode(null, true)
 2 SYSTEMPATH\View\View.php(234): include('C:\\xampp\\htdocs\\SisOdontoMandy\\app\\Views\\VistaSelectCasos.php')
 3 SYSTEMPATH\View\View.php(237): CodeIgniter\View\View->CodeIgniter\View\{closure}()
 4 SYSTEMPATH\Common.php(1171): CodeIgniter\View\View->render('VistaSelectCasos', [], true)
 5 APPPATH\Controllers\CCasos.php(55): view('VistaSelectCasos', [...])
 6 SYSTEMPATH\CodeIgniter.php(933): App\Controllers\CCasos->SelectCasosFC()
 7 SYSTEMPATH\CodeIgniter.php(509): CodeIgniter\CodeIgniter->runController(Object(App\Controllers\CCasos))
 8 SYSTEMPATH\CodeIgniter.php(355): CodeIgniter\CodeIgniter->handleRequest(null, Object(Config\Cache), false)
 9 SYSTEMPATH\Boot.php(325): CodeIgniter\CodeIgniter->run()
10 SYSTEMPATH\Boot.php(67): CodeIgniter\Boot::runCodeIgniter(Object(CodeIgniter\CodeIgniter))
11 FCPATH\index.php(56): CodeIgniter\Boot::bootWeb(Object(Config\Paths))
WARNING - 2025-06-08 04:27:28 --> [DEPRECATED] json_decode(): Passing null to parameter #1 ($json) of type string is deprecated in APPPATH\Views\VistaSelectCasos.php on line 93.
 1 APPPATH\Views\VistaSelectCasos.php(93): json_decode(null, true)
 2 SYSTEMPATH\View\View.php(234): include('C:\\xampp\\htdocs\\SisOdontoMandy\\app\\Views\\VistaSelectCasos.php')
 3 SYSTEMPATH\View\View.php(237): CodeIgniter\View\View->CodeIgniter\View\{closure}()
 4 SYSTEMPATH\Common.php(1171): CodeIgniter\View\View->render('VistaSelectCasos', [], true)
 5 APPPATH\Controllers\CCasos.php(55): view('VistaSelectCasos', [...])
 6 SYSTEMPATH\CodeIgniter.php(933): App\Controllers\CCasos->SelectCasosFC()
 7 SYSTEMPATH\CodeIgniter.php(509): CodeIgniter\CodeIgniter->runController(Object(App\Controllers\CCasos))
 8 SYSTEMPATH\CodeIgniter.php(355): CodeIgniter\CodeIgniter->handleRequest(null, Object(Config\Cache), false)
 9 SYSTEMPATH\Boot.php(325): CodeIgniter\CodeIgniter->run()
10 SYSTEMPATH\Boot.php(67): CodeIgniter\Boot::runCodeIgniter(Object(CodeIgniter\CodeIgniter))
11 FCPATH\index.php(56): CodeIgniter\Boot::bootWeb(Object(Config\Paths))
WARNING - 2025-06-08 04:27:28 --> [DEPRECATED] json_decode(): Passing null to parameter #1 ($json) of type string is deprecated in APPPATH\Views\VistaSelectCasos.php on line 93.
 1 APPPATH\Views\VistaSelectCasos.php(93): json_decode(null, true)
 2 SYSTEMPATH\View\View.php(234): include('C:\\xampp\\htdocs\\SisOdontoMandy\\app\\Views\\VistaSelectCasos.php')
 3 SYSTEMPATH\View\View.php(237): CodeIgniter\View\View->CodeIgniter\View\{closure}()
 4 SYSTEMPATH\Common.php(1171): CodeIgniter\View\View->render('VistaSelectCasos', [], true)
 5 APPPATH\Controllers\CCasos.php(55): view('VistaSelectCasos', [...])
 6 SYSTEMPATH\CodeIgniter.php(933): App\Controllers\CCasos->SelectCasosFC()
 7 SYSTEMPATH\CodeIgniter.php(509): CodeIgniter\CodeIgniter->runController(Object(App\Controllers\CCasos))
 8 SYSTEMPATH\CodeIgniter.php(355): CodeIgniter\CodeIgniter->handleRequest(null, Object(Config\Cache), false)
 9 SYSTEMPATH\Boot.php(325): CodeIgniter\CodeIgniter->run()
10 SYSTEMPATH\Boot.php(67): CodeIgniter\Boot::runCodeIgniter(Object(CodeIgniter\CodeIgniter))
11 FCPATH\index.php(56): CodeIgniter\Boot::bootWeb(Object(Config\Paths))
WARNING - 2025-06-08 04:27:28 --> [DEPRECATED] json_decode(): Passing null to parameter #1 ($json) of type string is deprecated in APPPATH\Views\VistaSelectCasos.php on line 93.
 1 APPPATH\Views\VistaSelectCasos.php(93): json_decode(null, true)
 2 SYSTEMPATH\View\View.php(234): include('C:\\xampp\\htdocs\\SisOdontoMandy\\app\\Views\\VistaSelectCasos.php')
 3 SYSTEMPATH\View\View.php(237): CodeIgniter\View\View->CodeIgniter\View\{closure}()
 4 SYSTEMPATH\Common.php(1171): CodeIgniter\View\View->render('VistaSelectCasos', [], true)
 5 APPPATH\Controllers\CCasos.php(55): view('VistaSelectCasos', [...])
 6 SYSTEMPATH\CodeIgniter.php(933): App\Controllers\CCasos->SelectCasosFC()
 7 SYSTEMPATH\CodeIgniter.php(509): CodeIgniter\CodeIgniter->runController(Object(App\Controllers\CCasos))
 8 SYSTEMPATH\CodeIgniter.php(355): CodeIgniter\CodeIgniter->handleRequest(null, Object(Config\Cache), false)
 9 SYSTEMPATH\Boot.php(325): CodeIgniter\CodeIgniter->run()
10 SYSTEMPATH\Boot.php(67): CodeIgniter\Boot::runCodeIgniter(Object(CodeIgniter\CodeIgniter))
11 FCPATH\index.php(56): CodeIgniter\Boot::bootWeb(Object(Config\Paths))
WARNING - 2025-06-08 04:27:28 --> [DEPRECATED] json_decode(): Passing null to parameter #1 ($json) of type string is deprecated in APPPATH\Views\VistaSelectCasos.php on line 93.
 1 APPPATH\Views\VistaSelectCasos.php(93): json_decode(null, true)
 2 SYSTEMPATH\View\View.php(234): include('C:\\xampp\\htdocs\\SisOdontoMandy\\app\\Views\\VistaSelectCasos.php')
 3 SYSTEMPATH\View\View.php(237): CodeIgniter\View\View->CodeIgniter\View\{closure}()
 4 SYSTEMPATH\Common.php(1171): CodeIgniter\View\View->render('VistaSelectCasos', [], true)
 5 APPPATH\Controllers\CCasos.php(55): view('VistaSelectCasos', [...])
 6 SYSTEMPATH\CodeIgniter.php(933): App\Controllers\CCasos->SelectCasosFC()
 7 SYSTEMPATH\CodeIgniter.php(509): CodeIgniter\CodeIgniter->runController(Object(App\Controllers\CCasos))
 8 SYSTEMPATH\CodeIgniter.php(355): CodeIgniter\CodeIgniter->handleRequest(null, Object(Config\Cache), false)
 9 SYSTEMPATH\Boot.php(325): CodeIgniter\CodeIgniter->run()
10 SYSTEMPATH\Boot.php(67): CodeIgniter\Boot::runCodeIgniter(Object(CodeIgniter\CodeIgniter))
11 FCPATH\index.php(56): CodeIgniter\Boot::bootWeb(Object(Config\Paths))
WARNING - 2025-06-08 04:27:28 --> [DEPRECATED] json_decode(): Passing null to parameter #1 ($json) of type string is deprecated in APPPATH\Views\VistaSelectCasos.php on line 93.
 1 APPPATH\Views\VistaSelectCasos.php(93): json_decode(null, true)
 2 SYSTEMPATH\View\View.php(234): include('C:\\xampp\\htdocs\\SisOdontoMandy\\app\\Views\\VistaSelectCasos.php')
 3 SYSTEMPATH\View\View.php(237): CodeIgniter\View\View->CodeIgniter\View\{closure}()
 4 SYSTEMPATH\Common.php(1171): CodeIgniter\View\View->render('VistaSelectCasos', [], true)
 5 APPPATH\Controllers\CCasos.php(55): view('VistaSelectCasos', [...])
 6 SYSTEMPATH\CodeIgniter.php(933): App\Controllers\CCasos->SelectCasosFC()
 7 SYSTEMPATH\CodeIgniter.php(509): CodeIgniter\CodeIgniter->runController(Object(App\Controllers\CCasos))
 8 SYSTEMPATH\CodeIgniter.php(355): CodeIgniter\CodeIgniter->handleRequest(null, Object(Config\Cache), false)
 9 SYSTEMPATH\Boot.php(325): CodeIgniter\CodeIgniter->run()
10 SYSTEMPATH\Boot.php(67): CodeIgniter\Boot::runCodeIgniter(Object(CodeIgniter\CodeIgniter))
11 FCPATH\index.php(56): CodeIgniter\Boot::bootWeb(Object(Config\Paths))
WARNING - 2025-06-08 04:27:28 --> [DEPRECATED] json_decode(): Passing null to parameter #1 ($json) of type string is deprecated in APPPATH\Views\VistaSelectCasos.php on line 93.
 1 APPPATH\Views\VistaSelectCasos.php(93): json_decode(null, true)
 2 SYSTEMPATH\View\View.php(234): include('C:\\xampp\\htdocs\\SisOdontoMandy\\app\\Views\\VistaSelectCasos.php')
 3 SYSTEMPATH\View\View.php(237): CodeIgniter\View\View->CodeIgniter\View\{closure}()
 4 SYSTEMPATH\Common.php(1171): CodeIgniter\View\View->render('VistaSelectCasos', [], true)
 5 APPPATH\Controllers\CCasos.php(55): view('VistaSelectCasos', [...])
 6 SYSTEMPATH\CodeIgniter.php(933): App\Controllers\CCasos->SelectCasosFC()
 7 SYSTEMPATH\CodeIgniter.php(509): CodeIgniter\CodeIgniter->runController(Object(App\Controllers\CCasos))
 8 SYSTEMPATH\CodeIgniter.php(355): CodeIgniter\CodeIgniter->handleRequest(null, Object(Config\Cache), false)
 9 SYSTEMPATH\Boot.php(325): CodeIgniter\CodeIgniter->run()
10 SYSTEMPATH\Boot.php(67): CodeIgniter\Boot::runCodeIgniter(Object(CodeIgniter\CodeIgniter))
11 FCPATH\index.php(56): CodeIgniter\Boot::bootWeb(Object(Config\Paths))
WARNING - 2025-06-08 04:27:28 --> [DEPRECATED] json_decode(): Passing null to parameter #1 ($json) of type string is deprecated in APPPATH\Views\VistaSelectCasos.php on line 93.
 1 APPPATH\Views\VistaSelectCasos.php(93): json_decode(null, true)
 2 SYSTEMPATH\View\View.php(234): include('C:\\xampp\\htdocs\\SisOdontoMandy\\app\\Views\\VistaSelectCasos.php')
 3 SYSTEMPATH\View\View.php(237): CodeIgniter\View\View->CodeIgniter\View\{closure}()
 4 SYSTEMPATH\Common.php(1171): CodeIgniter\View\View->render('VistaSelectCasos', [], true)
 5 APPPATH\Controllers\CCasos.php(55): view('VistaSelectCasos', [...])
 6 SYSTEMPATH\CodeIgniter.php(933): App\Controllers\CCasos->SelectCasosFC()
 7 SYSTEMPATH\CodeIgniter.php(509): CodeIgniter\CodeIgniter->runController(Object(App\Controllers\CCasos))
 8 SYSTEMPATH\CodeIgniter.php(355): CodeIgniter\CodeIgniter->handleRequest(null, Object(Config\Cache), false)
 9 SYSTEMPATH\Boot.php(325): CodeIgniter\CodeIgniter->run()
10 SYSTEMPATH\Boot.php(67): CodeIgniter\Boot::runCodeIgniter(Object(CodeIgniter\CodeIgniter))
11 FCPATH\index.php(56): CodeIgniter\Boot::bootWeb(Object(Config\Paths))
WARNING - 2025-06-08 04:27:28 --> [DEPRECATED] json_decode(): Passing null to parameter #1 ($json) of type string is deprecated in APPPATH\Views\VistaSelectCasos.php on line 93.
 1 APPPATH\Views\VistaSelectCasos.php(93): json_decode(null, true)
 2 SYSTEMPATH\View\View.php(234): include('C:\\xampp\\htdocs\\SisOdontoMandy\\app\\Views\\VistaSelectCasos.php')
 3 SYSTEMPATH\View\View.php(237): CodeIgniter\View\View->CodeIgniter\View\{closure}()
 4 SYSTEMPATH\Common.php(1171): CodeIgniter\View\View->render('VistaSelectCasos', [], true)
 5 APPPATH\Controllers\CCasos.php(55): view('VistaSelectCasos', [...])
 6 SYSTEMPATH\CodeIgniter.php(933): App\Controllers\CCasos->SelectCasosFC()
 7 SYSTEMPATH\CodeIgniter.php(509): CodeIgniter\CodeIgniter->runController(Object(App\Controllers\CCasos))
 8 SYSTEMPATH\CodeIgniter.php(355): CodeIgniter\CodeIgniter->handleRequest(null, Object(Config\Cache), false)
 9 SYSTEMPATH\Boot.php(325): CodeIgniter\CodeIgniter->run()
10 SYSTEMPATH\Boot.php(67): CodeIgniter\Boot::runCodeIgniter(Object(CodeIgniter\CodeIgniter))
11 FCPATH\index.php(56): CodeIgniter\Boot::bootWeb(Object(Config\Paths))
WARNING - 2025-06-08 04:30:25 --> [DEPRECATED] json_decode(): Passing null to parameter #1 ($json) of type string is deprecated in APPPATH\Views\VistaSelectCasos.php on line 148.
 1 APPPATH\Views\VistaSelectCasos.php(148): json_decode(null, true)
 2 SYSTEMPATH\View\View.php(234): include('C:\\xampp\\htdocs\\SisOdontoMandy\\app\\Views\\VistaSelectCasos.php')
 3 SYSTEMPATH\View\View.php(237): CodeIgniter\View\View->CodeIgniter\View\{closure}()
 4 SYSTEMPATH\Common.php(1171): CodeIgniter\View\View->render('VistaSelectCasos', [], true)
 5 APPPATH\Controllers\CCasos.php(55): view('VistaSelectCasos', [...])
 6 SYSTEMPATH\CodeIgniter.php(933): App\Controllers\CCasos->SelectCasosFC()
 7 SYSTEMPATH\CodeIgniter.php(509): CodeIgniter\CodeIgniter->runController(Object(App\Controllers\CCasos))
 8 SYSTEMPATH\CodeIgniter.php(355): CodeIgniter\CodeIgniter->handleRequest(null, Object(Config\Cache), false)
 9 SYSTEMPATH\Boot.php(325): CodeIgniter\CodeIgniter->run()
10 SYSTEMPATH\Boot.php(67): CodeIgniter\Boot::runCodeIgniter(Object(CodeIgniter\CodeIgniter))
11 FCPATH\index.php(56): CodeIgniter\Boot::bootWeb(Object(Config\Paths))
WARNING - 2025-06-08 04:30:25 --> [DEPRECATED] json_decode(): Passing null to parameter #1 ($json) of type string is deprecated in APPPATH\Views\VistaSelectCasos.php on line 148.
 1 APPPATH\Views\VistaSelectCasos.php(148): json_decode(null, true)
 2 SYSTEMPATH\View\View.php(234): include('C:\\xampp\\htdocs\\SisOdontoMandy\\app\\Views\\VistaSelectCasos.php')
 3 SYSTEMPATH\View\View.php(237): CodeIgniter\View\View->CodeIgniter\View\{closure}()
 4 SYSTEMPATH\Common.php(1171): CodeIgniter\View\View->render('VistaSelectCasos', [], true)
 5 APPPATH\Controllers\CCasos.php(55): view('VistaSelectCasos', [...])
 6 SYSTEMPATH\CodeIgniter.php(933): App\Controllers\CCasos->SelectCasosFC()
 7 SYSTEMPATH\CodeIgniter.php(509): CodeIgniter\CodeIgniter->runController(Object(App\Controllers\CCasos))
 8 SYSTEMPATH\CodeIgniter.php(355): CodeIgniter\CodeIgniter->handleRequest(null, Object(Config\Cache), false)
 9 SYSTEMPATH\Boot.php(325): CodeIgniter\CodeIgniter->run()
10 SYSTEMPATH\Boot.php(67): CodeIgniter\Boot::runCodeIgniter(Object(CodeIgniter\CodeIgniter))
11 FCPATH\index.php(56): CodeIgniter\Boot::bootWeb(Object(Config\Paths))
WARNING - 2025-06-08 04:30:25 --> [DEPRECATED] json_decode(): Passing null to parameter #1 ($json) of type string is deprecated in APPPATH\Views\VistaSelectCasos.php on line 148.
 1 APPPATH\Views\VistaSelectCasos.php(148): json_decode(null, true)
 2 SYSTEMPATH\View\View.php(234): include('C:\\xampp\\htdocs\\SisOdontoMandy\\app\\Views\\VistaSelectCasos.php')
 3 SYSTEMPATH\View\View.php(237): CodeIgniter\View\View->CodeIgniter\View\{closure}()
 4 SYSTEMPATH\Common.php(1171): CodeIgniter\View\View->render('VistaSelectCasos', [], true)
 5 APPPATH\Controllers\CCasos.php(55): view('VistaSelectCasos', [...])
 6 SYSTEMPATH\CodeIgniter.php(933): App\Controllers\CCasos->SelectCasosFC()
 7 SYSTEMPATH\CodeIgniter.php(509): CodeIgniter\CodeIgniter->runController(Object(App\Controllers\CCasos))
 8 SYSTEMPATH\CodeIgniter.php(355): CodeIgniter\CodeIgniter->handleRequest(null, Object(Config\Cache), false)
 9 SYSTEMPATH\Boot.php(325): CodeIgniter\CodeIgniter->run()
10 SYSTEMPATH\Boot.php(67): CodeIgniter\Boot::runCodeIgniter(Object(CodeIgniter\CodeIgniter))
11 FCPATH\index.php(56): CodeIgniter\Boot::bootWeb(Object(Config\Paths))
WARNING - 2025-06-08 04:30:25 --> [DEPRECATED] json_decode(): Passing null to parameter #1 ($json) of type string is deprecated in APPPATH\Views\VistaSelectCasos.php on line 148.
 1 APPPATH\Views\VistaSelectCasos.php(148): json_decode(null, true)
 2 SYSTEMPATH\View\View.php(234): include('C:\\xampp\\htdocs\\SisOdontoMandy\\app\\Views\\VistaSelectCasos.php')
 3 SYSTEMPATH\View\View.php(237): CodeIgniter\View\View->CodeIgniter\View\{closure}()
 4 SYSTEMPATH\Common.php(1171): CodeIgniter\View\View->render('VistaSelectCasos', [], true)
 5 APPPATH\Controllers\CCasos.php(55): view('VistaSelectCasos', [...])
 6 SYSTEMPATH\CodeIgniter.php(933): App\Controllers\CCasos->SelectCasosFC()
 7 SYSTEMPATH\CodeIgniter.php(509): CodeIgniter\CodeIgniter->runController(Object(App\Controllers\CCasos))
 8 SYSTEMPATH\CodeIgniter.php(355): CodeIgniter\CodeIgniter->handleRequest(null, Object(Config\Cache), false)
 9 SYSTEMPATH\Boot.php(325): CodeIgniter\CodeIgniter->run()
10 SYSTEMPATH\Boot.php(67): CodeIgniter\Boot::runCodeIgniter(Object(CodeIgniter\CodeIgniter))
11 FCPATH\index.php(56): CodeIgniter\Boot::bootWeb(Object(Config\Paths))
WARNING - 2025-06-08 04:30:25 --> [DEPRECATED] json_decode(): Passing null to parameter #1 ($json) of type string is deprecated in APPPATH\Views\VistaSelectCasos.php on line 148.
 1 APPPATH\Views\VistaSelectCasos.php(148): json_decode(null, true)
 2 SYSTEMPATH\View\View.php(234): include('C:\\xampp\\htdocs\\SisOdontoMandy\\app\\Views\\VistaSelectCasos.php')
 3 SYSTEMPATH\View\View.php(237): CodeIgniter\View\View->CodeIgniter\View\{closure}()
 4 SYSTEMPATH\Common.php(1171): CodeIgniter\View\View->render('VistaSelectCasos', [], true)
 5 APPPATH\Controllers\CCasos.php(55): view('VistaSelectCasos', [...])
 6 SYSTEMPATH\CodeIgniter.php(933): App\Controllers\CCasos->SelectCasosFC()
 7 SYSTEMPATH\CodeIgniter.php(509): CodeIgniter\CodeIgniter->runController(Object(App\Controllers\CCasos))
 8 SYSTEMPATH\CodeIgniter.php(355): CodeIgniter\CodeIgniter->handleRequest(null, Object(Config\Cache), false)
 9 SYSTEMPATH\Boot.php(325): CodeIgniter\CodeIgniter->run()
10 SYSTEMPATH\Boot.php(67): CodeIgniter\Boot::runCodeIgniter(Object(CodeIgniter\CodeIgniter))
11 FCPATH\index.php(56): CodeIgniter\Boot::bootWeb(Object(Config\Paths))
WARNING - 2025-06-08 04:30:25 --> [DEPRECATED] json_decode(): Passing null to parameter #1 ($json) of type string is deprecated in APPPATH\Views\VistaSelectCasos.php on line 148.
 1 APPPATH\Views\VistaSelectCasos.php(148): json_decode(null, true)
 2 SYSTEMPATH\View\View.php(234): include('C:\\xampp\\htdocs\\SisOdontoMandy\\app\\Views\\VistaSelectCasos.php')
 3 SYSTEMPATH\View\View.php(237): CodeIgniter\View\View->CodeIgniter\View\{closure}()
 4 SYSTEMPATH\Common.php(1171): CodeIgniter\View\View->render('VistaSelectCasos', [], true)
 5 APPPATH\Controllers\CCasos.php(55): view('VistaSelectCasos', [...])
 6 SYSTEMPATH\CodeIgniter.php(933): App\Controllers\CCasos->SelectCasosFC()
 7 SYSTEMPATH\CodeIgniter.php(509): CodeIgniter\CodeIgniter->runController(Object(App\Controllers\CCasos))
 8 SYSTEMPATH\CodeIgniter.php(355): CodeIgniter\CodeIgniter->handleRequest(null, Object(Config\Cache), false)
 9 SYSTEMPATH\Boot.php(325): CodeIgniter\CodeIgniter->run()
10 SYSTEMPATH\Boot.php(67): CodeIgniter\Boot::runCodeIgniter(Object(CodeIgniter\CodeIgniter))
11 FCPATH\index.php(56): CodeIgniter\Boot::bootWeb(Object(Config\Paths))
WARNING - 2025-06-08 04:30:25 --> [DEPRECATED] json_decode(): Passing null to parameter #1 ($json) of type string is deprecated in APPPATH\Views\VistaSelectCasos.php on line 148.
 1 APPPATH\Views\VistaSelectCasos.php(148): json_decode(null, true)
 2 SYSTEMPATH\View\View.php(234): include('C:\\xampp\\htdocs\\SisOdontoMandy\\app\\Views\\VistaSelectCasos.php')
 3 SYSTEMPATH\View\View.php(237): CodeIgniter\View\View->CodeIgniter\View\{closure}()
 4 SYSTEMPATH\Common.php(1171): CodeIgniter\View\View->render('VistaSelectCasos', [], true)
 5 APPPATH\Controllers\CCasos.php(55): view('VistaSelectCasos', [...])
 6 SYSTEMPATH\CodeIgniter.php(933): App\Controllers\CCasos->SelectCasosFC()
 7 SYSTEMPATH\CodeIgniter.php(509): CodeIgniter\CodeIgniter->runController(Object(App\Controllers\CCasos))
 8 SYSTEMPATH\CodeIgniter.php(355): CodeIgniter\CodeIgniter->handleRequest(null, Object(Config\Cache), false)
 9 SYSTEMPATH\Boot.php(325): CodeIgniter\CodeIgniter->run()
10 SYSTEMPATH\Boot.php(67): CodeIgniter\Boot::runCodeIgniter(Object(CodeIgniter\CodeIgniter))
11 FCPATH\index.php(56): CodeIgniter\Boot::bootWeb(Object(Config\Paths))
WARNING - 2025-06-08 04:30:25 --> [DEPRECATED] json_decode(): Passing null to parameter #1 ($json) of type string is deprecated in APPPATH\Views\VistaSelectCasos.php on line 148.
 1 APPPATH\Views\VistaSelectCasos.php(148): json_decode(null, true)
 2 SYSTEMPATH\View\View.php(234): include('C:\\xampp\\htdocs\\SisOdontoMandy\\app\\Views\\VistaSelectCasos.php')
 3 SYSTEMPATH\View\View.php(237): CodeIgniter\View\View->CodeIgniter\View\{closure}()
 4 SYSTEMPATH\Common.php(1171): CodeIgniter\View\View->render('VistaSelectCasos', [], true)
 5 APPPATH\Controllers\CCasos.php(55): view('VistaSelectCasos', [...])
 6 SYSTEMPATH\CodeIgniter.php(933): App\Controllers\CCasos->SelectCasosFC()
 7 SYSTEMPATH\CodeIgniter.php(509): CodeIgniter\CodeIgniter->runController(Object(App\Controllers\CCasos))
 8 SYSTEMPATH\CodeIgniter.php(355): CodeIgniter\CodeIgniter->handleRequest(null, Object(Config\Cache), false)
 9 SYSTEMPATH\Boot.php(325): CodeIgniter\CodeIgniter->run()
10 SYSTEMPATH\Boot.php(67): CodeIgniter\Boot::runCodeIgniter(Object(CodeIgniter\CodeIgniter))
11 FCPATH\index.php(56): CodeIgniter\Boot::bootWeb(Object(Config\Paths))
WARNING - 2025-06-08 04:30:25 --> [DEPRECATED] json_decode(): Passing null to parameter #1 ($json) of type string is deprecated in APPPATH\Views\VistaSelectCasos.php on line 148.
 1 APPPATH\Views\VistaSelectCasos.php(148): json_decode(null, true)
 2 SYSTEMPATH\View\View.php(234): include('C:\\xampp\\htdocs\\SisOdontoMandy\\app\\Views\\VistaSelectCasos.php')
 3 SYSTEMPATH\View\View.php(237): CodeIgniter\View\View->CodeIgniter\View\{closure}()
 4 SYSTEMPATH\Common.php(1171): CodeIgniter\View\View->render('VistaSelectCasos', [], true)
 5 APPPATH\Controllers\CCasos.php(55): view('VistaSelectCasos', [...])
 6 SYSTEMPATH\CodeIgniter.php(933): App\Controllers\CCasos->SelectCasosFC()
 7 SYSTEMPATH\CodeIgniter.php(509): CodeIgniter\CodeIgniter->runController(Object(App\Controllers\CCasos))
 8 SYSTEMPATH\CodeIgniter.php(355): CodeIgniter\CodeIgniter->handleRequest(null, Object(Config\Cache), false)
 9 SYSTEMPATH\Boot.php(325): CodeIgniter\CodeIgniter->run()
10 SYSTEMPATH\Boot.php(67): CodeIgniter\Boot::runCodeIgniter(Object(CodeIgniter\CodeIgniter))
11 FCPATH\index.php(56): CodeIgniter\Boot::bootWeb(Object(Config\Paths))
WARNING - 2025-06-08 04:30:25 --> [DEPRECATED] json_decode(): Passing null to parameter #1 ($json) of type string is deprecated in APPPATH\Views\VistaSelectCasos.php on line 148.
 1 APPPATH\Views\VistaSelectCasos.php(148): json_decode(null, true)
 2 SYSTEMPATH\View\View.php(234): include('C:\\xampp\\htdocs\\SisOdontoMandy\\app\\Views\\VistaSelectCasos.php')
 3 SYSTEMPATH\View\View.php(237): CodeIgniter\View\View->CodeIgniter\View\{closure}()
 4 SYSTEMPATH\Common.php(1171): CodeIgniter\View\View->render('VistaSelectCasos', [], true)
 5 APPPATH\Controllers\CCasos.php(55): view('VistaSelectCasos', [...])
 6 SYSTEMPATH\CodeIgniter.php(933): App\Controllers\CCasos->SelectCasosFC()
 7 SYSTEMPATH\CodeIgniter.php(509): CodeIgniter\CodeIgniter->runController(Object(App\Controllers\CCasos))
 8 SYSTEMPATH\CodeIgniter.php(355): CodeIgniter\CodeIgniter->handleRequest(null, Object(Config\Cache), false)
 9 SYSTEMPATH\Boot.php(325): CodeIgniter\CodeIgniter->run()
10 SYSTEMPATH\Boot.php(67): CodeIgniter\Boot::runCodeIgniter(Object(CodeIgniter\CodeIgniter))
11 FCPATH\index.php(56): CodeIgniter\Boot::bootWeb(Object(Config\Paths))
WARNING - 2025-06-08 04:30:25 --> [DEPRECATED] json_decode(): Passing null to parameter #1 ($json) of type string is deprecated in APPPATH\Views\VistaSelectCasos.php on line 148.
 1 APPPATH\Views\VistaSelectCasos.php(148): json_decode(null, true)
 2 SYSTEMPATH\View\View.php(234): include('C:\\xampp\\htdocs\\SisOdontoMandy\\app\\Views\\VistaSelectCasos.php')
 3 SYSTEMPATH\View\View.php(237): CodeIgniter\View\View->CodeIgniter\View\{closure}()
 4 SYSTEMPATH\Common.php(1171): CodeIgniter\View\View->render('VistaSelectCasos', [], true)
 5 APPPATH\Controllers\CCasos.php(55): view('VistaSelectCasos', [...])
 6 SYSTEMPATH\CodeIgniter.php(933): App\Controllers\CCasos->SelectCasosFC()
 7 SYSTEMPATH\CodeIgniter.php(509): CodeIgniter\CodeIgniter->runController(Object(App\Controllers\CCasos))
 8 SYSTEMPATH\CodeIgniter.php(355): CodeIgniter\CodeIgniter->handleRequest(null, Object(Config\Cache), false)
 9 SYSTEMPATH\Boot.php(325): CodeIgniter\CodeIgniter->run()
10 SYSTEMPATH\Boot.php(67): CodeIgniter\Boot::runCodeIgniter(Object(CodeIgniter\CodeIgniter))
11 FCPATH\index.php(56): CodeIgniter\Boot::bootWeb(Object(Config\Paths))
WARNING - 2025-06-08 04:30:25 --> [DEPRECATED] json_decode(): Passing null to parameter #1 ($json) of type string is deprecated in APPPATH\Views\VistaSelectCasos.php on line 148.
 1 APPPATH\Views\VistaSelectCasos.php(148): json_decode(null, true)
 2 SYSTEMPATH\View\View.php(234): include('C:\\xampp\\htdocs\\SisOdontoMandy\\app\\Views\\VistaSelectCasos.php')
 3 SYSTEMPATH\View\View.php(237): CodeIgniter\View\View->CodeIgniter\View\{closure}()
 4 SYSTEMPATH\Common.php(1171): CodeIgniter\View\View->render('VistaSelectCasos', [], true)
 5 APPPATH\Controllers\CCasos.php(55): view('VistaSelectCasos', [...])
 6 SYSTEMPATH\CodeIgniter.php(933): App\Controllers\CCasos->SelectCasosFC()
 7 SYSTEMPATH\CodeIgniter.php(509): CodeIgniter\CodeIgniter->runController(Object(App\Controllers\CCasos))
 8 SYSTEMPATH\CodeIgniter.php(355): CodeIgniter\CodeIgniter->handleRequest(null, Object(Config\Cache), false)
 9 SYSTEMPATH\Boot.php(325): CodeIgniter\CodeIgniter->run()
10 SYSTEMPATH\Boot.php(67): CodeIgniter\Boot::runCodeIgniter(Object(CodeIgniter\CodeIgniter))
11 FCPATH\index.php(56): CodeIgniter\Boot::bootWeb(Object(Config\Paths))
WARNING - 2025-06-08 04:30:25 --> [DEPRECATED] json_decode(): Passing null to parameter #1 ($json) of type string is deprecated in APPPATH\Views\VistaSelectCasos.php on line 148.
 1 APPPATH\Views\VistaSelectCasos.php(148): json_decode(null, true)
 2 SYSTEMPATH\View\View.php(234): include('C:\\xampp\\htdocs\\SisOdontoMandy\\app\\Views\\VistaSelectCasos.php')
 3 SYSTEMPATH\View\View.php(237): CodeIgniter\View\View->CodeIgniter\View\{closure}()
 4 SYSTEMPATH\Common.php(1171): CodeIgniter\View\View->render('VistaSelectCasos', [], true)
 5 APPPATH\Controllers\CCasos.php(55): view('VistaSelectCasos', [...])
 6 SYSTEMPATH\CodeIgniter.php(933): App\Controllers\CCasos->SelectCasosFC()
 7 SYSTEMPATH\CodeIgniter.php(509): CodeIgniter\CodeIgniter->runController(Object(App\Controllers\CCasos))
 8 SYSTEMPATH\CodeIgniter.php(355): CodeIgniter\CodeIgniter->handleRequest(null, Object(Config\Cache), false)
 9 SYSTEMPATH\Boot.php(325): CodeIgniter\CodeIgniter->run()
10 SYSTEMPATH\Boot.php(67): CodeIgniter\Boot::runCodeIgniter(Object(CodeIgniter\CodeIgniter))
11 FCPATH\index.php(56): CodeIgniter\Boot::bootWeb(Object(Config\Paths))
WARNING - 2025-06-08 04:30:25 --> [DEPRECATED] json_decode(): Passing null to parameter #1 ($json) of type string is deprecated in APPPATH\Views\VistaSelectCasos.php on line 148.
 1 APPPATH\Views\VistaSelectCasos.php(148): json_decode(null, true)
 2 SYSTEMPATH\View\View.php(234): include('C:\\xampp\\htdocs\\SisOdontoMandy\\app\\Views\\VistaSelectCasos.php')
 3 SYSTEMPATH\View\View.php(237): CodeIgniter\View\View->CodeIgniter\View\{closure}()
 4 SYSTEMPATH\Common.php(1171): CodeIgniter\View\View->render('VistaSelectCasos', [], true)
 5 APPPATH\Controllers\CCasos.php(55): view('VistaSelectCasos', [...])
 6 SYSTEMPATH\CodeIgniter.php(933): App\Controllers\CCasos->SelectCasosFC()
 7 SYSTEMPATH\CodeIgniter.php(509): CodeIgniter\CodeIgniter->runController(Object(App\Controllers\CCasos))
 8 SYSTEMPATH\CodeIgniter.php(355): CodeIgniter\CodeIgniter->handleRequest(null, Object(Config\Cache), false)
 9 SYSTEMPATH\Boot.php(325): CodeIgniter\CodeIgniter->run()
10 SYSTEMPATH\Boot.php(67): CodeIgniter\Boot::runCodeIgniter(Object(CodeIgniter\CodeIgniter))
11 FCPATH\index.php(56): CodeIgniter\Boot::bootWeb(Object(Config\Paths))
WARNING - 2025-06-08 04:30:25 --> [DEPRECATED] json_decode(): Passing null to parameter #1 ($json) of type string is deprecated in APPPATH\Views\VistaSelectCasos.php on line 148.
 1 APPPATH\Views\VistaSelectCasos.php(148): json_decode(null, true)
 2 SYSTEMPATH\View\View.php(234): include('C:\\xampp\\htdocs\\SisOdontoMandy\\app\\Views\\VistaSelectCasos.php')
 3 SYSTEMPATH\View\View.php(237): CodeIgniter\View\View->CodeIgniter\View\{closure}()
 4 SYSTEMPATH\Common.php(1171): CodeIgniter\View\View->render('VistaSelectCasos', [], true)
 5 APPPATH\Controllers\CCasos.php(55): view('VistaSelectCasos', [...])
 6 SYSTEMPATH\CodeIgniter.php(933): App\Controllers\CCasos->SelectCasosFC()
 7 SYSTEMPATH\CodeIgniter.php(509): CodeIgniter\CodeIgniter->runController(Object(App\Controllers\CCasos))
 8 SYSTEMPATH\CodeIgniter.php(355): CodeIgniter\CodeIgniter->handleRequest(null, Object(Config\Cache), false)
 9 SYSTEMPATH\Boot.php(325): CodeIgniter\CodeIgniter->run()
10 SYSTEMPATH\Boot.php(67): CodeIgniter\Boot::runCodeIgniter(Object(CodeIgniter\CodeIgniter))
11 FCPATH\index.php(56): CodeIgniter\Boot::bootWeb(Object(Config\Paths))
WARNING - 2025-06-08 04:30:25 --> [DEPRECATED] json_decode(): Passing null to parameter #1 ($json) of type string is deprecated in APPPATH\Views\VistaSelectCasos.php on line 148.
 1 APPPATH\Views\VistaSelectCasos.php(148): json_decode(null, true)
 2 SYSTEMPATH\View\View.php(234): include('C:\\xampp\\htdocs\\SisOdontoMandy\\app\\Views\\VistaSelectCasos.php')
 3 SYSTEMPATH\View\View.php(237): CodeIgniter\View\View->CodeIgniter\View\{closure}()
 4 SYSTEMPATH\Common.php(1171): CodeIgniter\View\View->render('VistaSelectCasos', [], true)
 5 APPPATH\Controllers\CCasos.php(55): view('VistaSelectCasos', [...])
 6 SYSTEMPATH\CodeIgniter.php(933): App\Controllers\CCasos->SelectCasosFC()
 7 SYSTEMPATH\CodeIgniter.php(509): CodeIgniter\CodeIgniter->runController(Object(App\Controllers\CCasos))
 8 SYSTEMPATH\CodeIgniter.php(355): CodeIgniter\CodeIgniter->handleRequest(null, Object(Config\Cache), false)
 9 SYSTEMPATH\Boot.php(325): CodeIgniter\CodeIgniter->run()
10 SYSTEMPATH\Boot.php(67): CodeIgniter\Boot::runCodeIgniter(Object(CodeIgniter\CodeIgniter))
11 FCPATH\index.php(56): CodeIgniter\Boot::bootWeb(Object(Config\Paths))
CRITICAL - 2025-06-08 04:30:25 --> ErrorException: Undefined variable $paginaActual
[Method: GET, Route: SelectCasos]
in APPPATH\Views\VistaSelectCasos.php on line 178.
 1 APPPATH\Views\VistaSelectCasos.php(178): CodeIgniter\Debug\Exceptions->errorHandler(2, 'Undefined variable $paginaActual', 'C:\\xampp\\htdocs\\SisOdontoMandy\\app\\Views\\VistaSelectCasos.php', 178)
 2 SYSTEMPATH\View\View.php(234): include('C:\\xampp\\htdocs\\SisOdontoMandy\\app\\Views\\VistaSelectCasos.php')
 3 SYSTEMPATH\View\View.php(237): CodeIgniter\View\View->CodeIgniter\View\{closure}()
 4 SYSTEMPATH\Common.php(1171): CodeIgniter\View\View->render('VistaSelectCasos', [], true)
 5 APPPATH\Controllers\CCasos.php(55): view('VistaSelectCasos', [...])
 6 SYSTEMPATH\CodeIgniter.php(933): App\Controllers\CCasos->SelectCasosFC()
 7 SYSTEMPATH\CodeIgniter.php(509): CodeIgniter\CodeIgniter->runController(Object(App\Controllers\CCasos))
 8 SYSTEMPATH\CodeIgniter.php(355): CodeIgniter\CodeIgniter->handleRequest(null, Object(Config\Cache), false)
 9 SYSTEMPATH\Boot.php(325): CodeIgniter\CodeIgniter->run()
10 SYSTEMPATH\Boot.php(67): CodeIgniter\Boot::runCodeIgniter(Object(CodeIgniter\CodeIgniter))
11 FCPATH\index.php(56): CodeIgniter\Boot::bootWeb(Object(Config\Paths))
WARNING - 2025-06-08 04:31:04 --> [DEPRECATED] json_decode(): Passing null to parameter #1 ($json) of type string is deprecated in APPPATH\Views\VistaSelectCasos.php on line 93.
 1 APPPATH\Views\VistaSelectCasos.php(93): json_decode(null, true)
 2 SYSTEMPATH\View\View.php(234): include('C:\\xampp\\htdocs\\SisOdontoMandy\\app\\Views\\VistaSelectCasos.php')
 3 SYSTEMPATH\View\View.php(237): CodeIgniter\View\View->CodeIgniter\View\{closure}()
 4 SYSTEMPATH\Common.php(1171): CodeIgniter\View\View->render('VistaSelectCasos', [], true)
 5 APPPATH\Controllers\CCasos.php(55): view('VistaSelectCasos', [...])
 6 SYSTEMPATH\CodeIgniter.php(933): App\Controllers\CCasos->SelectCasosFC()
 7 SYSTEMPATH\CodeIgniter.php(509): CodeIgniter\CodeIgniter->runController(Object(App\Controllers\CCasos))
 8 SYSTEMPATH\CodeIgniter.php(355): CodeIgniter\CodeIgniter->handleRequest(null, Object(Config\Cache), false)
 9 SYSTEMPATH\Boot.php(325): CodeIgniter\CodeIgniter->run()
10 SYSTEMPATH\Boot.php(67): CodeIgniter\Boot::runCodeIgniter(Object(CodeIgniter\CodeIgniter))
11 FCPATH\index.php(56): CodeIgniter\Boot::bootWeb(Object(Config\Paths))
WARNING - 2025-06-08 04:31:04 --> [DEPRECATED] json_decode(): Passing null to parameter #1 ($json) of type string is deprecated in APPPATH\Views\VistaSelectCasos.php on line 93.
 1 APPPATH\Views\VistaSelectCasos.php(93): json_decode(null, true)
 2 SYSTEMPATH\View\View.php(234): include('C:\\xampp\\htdocs\\SisOdontoMandy\\app\\Views\\VistaSelectCasos.php')
 3 SYSTEMPATH\View\View.php(237): CodeIgniter\View\View->CodeIgniter\View\{closure}()
 4 SYSTEMPATH\Common.php(1171): CodeIgniter\View\View->render('VistaSelectCasos', [], true)
 5 APPPATH\Controllers\CCasos.php(55): view('VistaSelectCasos', [...])
 6 SYSTEMPATH\CodeIgniter.php(933): App\Controllers\CCasos->SelectCasosFC()
 7 SYSTEMPATH\CodeIgniter.php(509): CodeIgniter\CodeIgniter->runController(Object(App\Controllers\CCasos))
 8 SYSTEMPATH\CodeIgniter.php(355): CodeIgniter\CodeIgniter->handleRequest(null, Object(Config\Cache), false)
 9 SYSTEMPATH\Boot.php(325): CodeIgniter\CodeIgniter->run()
10 SYSTEMPATH\Boot.php(67): CodeIgniter\Boot::runCodeIgniter(Object(CodeIgniter\CodeIgniter))
11 FCPATH\index.php(56): CodeIgniter\Boot::bootWeb(Object(Config\Paths))
WARNING - 2025-06-08 04:31:04 --> [DEPRECATED] json_decode(): Passing null to parameter #1 ($json) of type string is deprecated in APPPATH\Views\VistaSelectCasos.php on line 93.
 1 APPPATH\Views\VistaSelectCasos.php(93): json_decode(null, true)
 2 SYSTEMPATH\View\View.php(234): include('C:\\xampp\\htdocs\\SisOdontoMandy\\app\\Views\\VistaSelectCasos.php')
 3 SYSTEMPATH\View\View.php(237): CodeIgniter\View\View->CodeIgniter\View\{closure}()
 4 SYSTEMPATH\Common.php(1171): CodeIgniter\View\View->render('VistaSelectCasos', [], true)
 5 APPPATH\Controllers\CCasos.php(55): view('VistaSelectCasos', [...])
 6 SYSTEMPATH\CodeIgniter.php(933): App\Controllers\CCasos->SelectCasosFC()
 7 SYSTEMPATH\CodeIgniter.php(509): CodeIgniter\CodeIgniter->runController(Object(App\Controllers\CCasos))
 8 SYSTEMPATH\CodeIgniter.php(355): CodeIgniter\CodeIgniter->handleRequest(null, Object(Config\Cache), false)
 9 SYSTEMPATH\Boot.php(325): CodeIgniter\CodeIgniter->run()
10 SYSTEMPATH\Boot.php(67): CodeIgniter\Boot::runCodeIgniter(Object(CodeIgniter\CodeIgniter))
11 FCPATH\index.php(56): CodeIgniter\Boot::bootWeb(Object(Config\Paths))
WARNING - 2025-06-08 04:31:04 --> [DEPRECATED] json_decode(): Passing null to parameter #1 ($json) of type string is deprecated in APPPATH\Views\VistaSelectCasos.php on line 93.
 1 APPPATH\Views\VistaSelectCasos.php(93): json_decode(null, true)
 2 SYSTEMPATH\View\View.php(234): include('C:\\xampp\\htdocs\\SisOdontoMandy\\app\\Views\\VistaSelectCasos.php')
 3 SYSTEMPATH\View\View.php(237): CodeIgniter\View\View->CodeIgniter\View\{closure}()
 4 SYSTEMPATH\Common.php(1171): CodeIgniter\View\View->render('VistaSelectCasos', [], true)
 5 APPPATH\Controllers\CCasos.php(55): view('VistaSelectCasos', [...])
 6 SYSTEMPATH\CodeIgniter.php(933): App\Controllers\CCasos->SelectCasosFC()
 7 SYSTEMPATH\CodeIgniter.php(509): CodeIgniter\CodeIgniter->runController(Object(App\Controllers\CCasos))
 8 SYSTEMPATH\CodeIgniter.php(355): CodeIgniter\CodeIgniter->handleRequest(null, Object(Config\Cache), false)
 9 SYSTEMPATH\Boot.php(325): CodeIgniter\CodeIgniter->run()
10 SYSTEMPATH\Boot.php(67): CodeIgniter\Boot::runCodeIgniter(Object(CodeIgniter\CodeIgniter))
11 FCPATH\index.php(56): CodeIgniter\Boot::bootWeb(Object(Config\Paths))
WARNING - 2025-06-08 04:31:04 --> [DEPRECATED] json_decode(): Passing null to parameter #1 ($json) of type string is deprecated in APPPATH\Views\VistaSelectCasos.php on line 93.
 1 APPPATH\Views\VistaSelectCasos.php(93): json_decode(null, true)
 2 SYSTEMPATH\View\View.php(234): include('C:\\xampp\\htdocs\\SisOdontoMandy\\app\\Views\\VistaSelectCasos.php')
 3 SYSTEMPATH\View\View.php(237): CodeIgniter\View\View->CodeIgniter\View\{closure}()
 4 SYSTEMPATH\Common.php(1171): CodeIgniter\View\View->render('VistaSelectCasos', [], true)
 5 APPPATH\Controllers\CCasos.php(55): view('VistaSelectCasos', [...])
 6 SYSTEMPATH\CodeIgniter.php(933): App\Controllers\CCasos->SelectCasosFC()
 7 SYSTEMPATH\CodeIgniter.php(509): CodeIgniter\CodeIgniter->runController(Object(App\Controllers\CCasos))
 8 SYSTEMPATH\CodeIgniter.php(355): CodeIgniter\CodeIgniter->handleRequest(null, Object(Config\Cache), false)
 9 SYSTEMPATH\Boot.php(325): CodeIgniter\CodeIgniter->run()
10 SYSTEMPATH\Boot.php(67): CodeIgniter\Boot::runCodeIgniter(Object(CodeIgniter\CodeIgniter))
11 FCPATH\index.php(56): CodeIgniter\Boot::bootWeb(Object(Config\Paths))
WARNING - 2025-06-08 04:31:04 --> [DEPRECATED] json_decode(): Passing null to parameter #1 ($json) of type string is deprecated in APPPATH\Views\VistaSelectCasos.php on line 93.
 1 APPPATH\Views\VistaSelectCasos.php(93): json_decode(null, true)
 2 SYSTEMPATH\View\View.php(234): include('C:\\xampp\\htdocs\\SisOdontoMandy\\app\\Views\\VistaSelectCasos.php')
 3 SYSTEMPATH\View\View.php(237): CodeIgniter\View\View->CodeIgniter\View\{closure}()
 4 SYSTEMPATH\Common.php(1171): CodeIgniter\View\View->render('VistaSelectCasos', [], true)
 5 APPPATH\Controllers\CCasos.php(55): view('VistaSelectCasos', [...])
 6 SYSTEMPATH\CodeIgniter.php(933): App\Controllers\CCasos->SelectCasosFC()
 7 SYSTEMPATH\CodeIgniter.php(509): CodeIgniter\CodeIgniter->runController(Object(App\Controllers\CCasos))
 8 SYSTEMPATH\CodeIgniter.php(355): CodeIgniter\CodeIgniter->handleRequest(null, Object(Config\Cache), false)
 9 SYSTEMPATH\Boot.php(325): CodeIgniter\CodeIgniter->run()
10 SYSTEMPATH\Boot.php(67): CodeIgniter\Boot::runCodeIgniter(Object(CodeIgniter\CodeIgniter))
11 FCPATH\index.php(56): CodeIgniter\Boot::bootWeb(Object(Config\Paths))
WARNING - 2025-06-08 04:31:04 --> [DEPRECATED] json_decode(): Passing null to parameter #1 ($json) of type string is deprecated in APPPATH\Views\VistaSelectCasos.php on line 93.
 1 APPPATH\Views\VistaSelectCasos.php(93): json_decode(null, true)
 2 SYSTEMPATH\View\View.php(234): include('C:\\xampp\\htdocs\\SisOdontoMandy\\app\\Views\\VistaSelectCasos.php')
 3 SYSTEMPATH\View\View.php(237): CodeIgniter\View\View->CodeIgniter\View\{closure}()
 4 SYSTEMPATH\Common.php(1171): CodeIgniter\View\View->render('VistaSelectCasos', [], true)
 5 APPPATH\Controllers\CCasos.php(55): view('VistaSelectCasos', [...])
 6 SYSTEMPATH\CodeIgniter.php(933): App\Controllers\CCasos->SelectCasosFC()
 7 SYSTEMPATH\CodeIgniter.php(509): CodeIgniter\CodeIgniter->runController(Object(App\Controllers\CCasos))
 8 SYSTEMPATH\CodeIgniter.php(355): CodeIgniter\CodeIgniter->handleRequest(null, Object(Config\Cache), false)
 9 SYSTEMPATH\Boot.php(325): CodeIgniter\CodeIgniter->run()
10 SYSTEMPATH\Boot.php(67): CodeIgniter\Boot::runCodeIgniter(Object(CodeIgniter\CodeIgniter))
11 FCPATH\index.php(56): CodeIgniter\Boot::bootWeb(Object(Config\Paths))
WARNING - 2025-06-08 04:31:04 --> [DEPRECATED] json_decode(): Passing null to parameter #1 ($json) of type string is deprecated in APPPATH\Views\VistaSelectCasos.php on line 93.
 1 APPPATH\Views\VistaSelectCasos.php(93): json_decode(null, true)
 2 SYSTEMPATH\View\View.php(234): include('C:\\xampp\\htdocs\\SisOdontoMandy\\app\\Views\\VistaSelectCasos.php')
 3 SYSTEMPATH\View\View.php(237): CodeIgniter\View\View->CodeIgniter\View\{closure}()
 4 SYSTEMPATH\Common.php(1171): CodeIgniter\View\View->render('VistaSelectCasos', [], true)
 5 APPPATH\Controllers\CCasos.php(55): view('VistaSelectCasos', [...])
 6 SYSTEMPATH\CodeIgniter.php(933): App\Controllers\CCasos->SelectCasosFC()
 7 SYSTEMPATH\CodeIgniter.php(509): CodeIgniter\CodeIgniter->runController(Object(App\Controllers\CCasos))
 8 SYSTEMPATH\CodeIgniter.php(355): CodeIgniter\CodeIgniter->handleRequest(null, Object(Config\Cache), false)
 9 SYSTEMPATH\Boot.php(325): CodeIgniter\CodeIgniter->run()
10 SYSTEMPATH\Boot.php(67): CodeIgniter\Boot::runCodeIgniter(Object(CodeIgniter\CodeIgniter))
11 FCPATH\index.php(56): CodeIgniter\Boot::bootWeb(Object(Config\Paths))
WARNING - 2025-06-08 04:31:04 --> [DEPRECATED] json_decode(): Passing null to parameter #1 ($json) of type string is deprecated in APPPATH\Views\VistaSelectCasos.php on line 93.
 1 APPPATH\Views\VistaSelectCasos.php(93): json_decode(null, true)
 2 SYSTEMPATH\View\View.php(234): include('C:\\xampp\\htdocs\\SisOdontoMandy\\app\\Views\\VistaSelectCasos.php')
 3 SYSTEMPATH\View\View.php(237): CodeIgniter\View\View->CodeIgniter\View\{closure}()
 4 SYSTEMPATH\Common.php(1171): CodeIgniter\View\View->render('VistaSelectCasos', [], true)
 5 APPPATH\Controllers\CCasos.php(55): view('VistaSelectCasos', [...])
 6 SYSTEMPATH\CodeIgniter.php(933): App\Controllers\CCasos->SelectCasosFC()
 7 SYSTEMPATH\CodeIgniter.php(509): CodeIgniter\CodeIgniter->runController(Object(App\Controllers\CCasos))
 8 SYSTEMPATH\CodeIgniter.php(355): CodeIgniter\CodeIgniter->handleRequest(null, Object(Config\Cache), false)
 9 SYSTEMPATH\Boot.php(325): CodeIgniter\CodeIgniter->run()
10 SYSTEMPATH\Boot.php(67): CodeIgniter\Boot::runCodeIgniter(Object(CodeIgniter\CodeIgniter))
11 FCPATH\index.php(56): CodeIgniter\Boot::bootWeb(Object(Config\Paths))
WARNING - 2025-06-08 04:31:04 --> [DEPRECATED] json_decode(): Passing null to parameter #1 ($json) of type string is deprecated in APPPATH\Views\VistaSelectCasos.php on line 93.
 1 APPPATH\Views\VistaSelectCasos.php(93): json_decode(null, true)
 2 SYSTEMPATH\View\View.php(234): include('C:\\xampp\\htdocs\\SisOdontoMandy\\app\\Views\\VistaSelectCasos.php')
 3 SYSTEMPATH\View\View.php(237): CodeIgniter\View\View->CodeIgniter\View\{closure}()
 4 SYSTEMPATH\Common.php(1171): CodeIgniter\View\View->render('VistaSelectCasos', [], true)
 5 APPPATH\Controllers\CCasos.php(55): view('VistaSelectCasos', [...])
 6 SYSTEMPATH\CodeIgniter.php(933): App\Controllers\CCasos->SelectCasosFC()
 7 SYSTEMPATH\CodeIgniter.php(509): CodeIgniter\CodeIgniter->runController(Object(App\Controllers\CCasos))
 8 SYSTEMPATH\CodeIgniter.php(355): CodeIgniter\CodeIgniter->handleRequest(null, Object(Config\Cache), false)
 9 SYSTEMPATH\Boot.php(325): CodeIgniter\CodeIgniter->run()
10 SYSTEMPATH\Boot.php(67): CodeIgniter\Boot::runCodeIgniter(Object(CodeIgniter\CodeIgniter))
11 FCPATH\index.php(56): CodeIgniter\Boot::bootWeb(Object(Config\Paths))
WARNING - 2025-06-08 04:31:04 --> [DEPRECATED] json_decode(): Passing null to parameter #1 ($json) of type string is deprecated in APPPATH\Views\VistaSelectCasos.php on line 93.
 1 APPPATH\Views\VistaSelectCasos.php(93): json_decode(null, true)
 2 SYSTEMPATH\View\View.php(234): include('C:\\xampp\\htdocs\\SisOdontoMandy\\app\\Views\\VistaSelectCasos.php')
 3 SYSTEMPATH\View\View.php(237): CodeIgniter\View\View->CodeIgniter\View\{closure}()
 4 SYSTEMPATH\Common.php(1171): CodeIgniter\View\View->render('VistaSelectCasos', [], true)
 5 APPPATH\Controllers\CCasos.php(55): view('VistaSelectCasos', [...])
 6 SYSTEMPATH\CodeIgniter.php(933): App\Controllers\CCasos->SelectCasosFC()
 7 SYSTEMPATH\CodeIgniter.php(509): CodeIgniter\CodeIgniter->runController(Object(App\Controllers\CCasos))
 8 SYSTEMPATH\CodeIgniter.php(355): CodeIgniter\CodeIgniter->handleRequest(null, Object(Config\Cache), false)
 9 SYSTEMPATH\Boot.php(325): CodeIgniter\CodeIgniter->run()
10 SYSTEMPATH\Boot.php(67): CodeIgniter\Boot::runCodeIgniter(Object(CodeIgniter\CodeIgniter))
11 FCPATH\index.php(56): CodeIgniter\Boot::bootWeb(Object(Config\Paths))
WARNING - 2025-06-08 04:31:04 --> [DEPRECATED] json_decode(): Passing null to parameter #1 ($json) of type string is deprecated in APPPATH\Views\VistaSelectCasos.php on line 93.
 1 APPPATH\Views\VistaSelectCasos.php(93): json_decode(null, true)
 2 SYSTEMPATH\View\View.php(234): include('C:\\xampp\\htdocs\\SisOdontoMandy\\app\\Views\\VistaSelectCasos.php')
 3 SYSTEMPATH\View\View.php(237): CodeIgniter\View\View->CodeIgniter\View\{closure}()
 4 SYSTEMPATH\Common.php(1171): CodeIgniter\View\View->render('VistaSelectCasos', [], true)
 5 APPPATH\Controllers\CCasos.php(55): view('VistaSelectCasos', [...])
 6 SYSTEMPATH\CodeIgniter.php(933): App\Controllers\CCasos->SelectCasosFC()
 7 SYSTEMPATH\CodeIgniter.php(509): CodeIgniter\CodeIgniter->runController(Object(App\Controllers\CCasos))
 8 SYSTEMPATH\CodeIgniter.php(355): CodeIgniter\CodeIgniter->handleRequest(null, Object(Config\Cache), false)
 9 SYSTEMPATH\Boot.php(325): CodeIgniter\CodeIgniter->run()
10 SYSTEMPATH\Boot.php(67): CodeIgniter\Boot::runCodeIgniter(Object(CodeIgniter\CodeIgniter))
11 FCPATH\index.php(56): CodeIgniter\Boot::bootWeb(Object(Config\Paths))
WARNING - 2025-06-08 04:31:04 --> [DEPRECATED] json_decode(): Passing null to parameter #1 ($json) of type string is deprecated in APPPATH\Views\VistaSelectCasos.php on line 93.
 1 APPPATH\Views\VistaSelectCasos.php(93): json_decode(null, true)
 2 SYSTEMPATH\View\View.php(234): include('C:\\xampp\\htdocs\\SisOdontoMandy\\app\\Views\\VistaSelectCasos.php')
 3 SYSTEMPATH\View\View.php(237): CodeIgniter\View\View->CodeIgniter\View\{closure}()
 4 SYSTEMPATH\Common.php(1171): CodeIgniter\View\View->render('VistaSelectCasos', [], true)
 5 APPPATH\Controllers\CCasos.php(55): view('VistaSelectCasos', [...])
 6 SYSTEMPATH\CodeIgniter.php(933): App\Controllers\CCasos->SelectCasosFC()
 7 SYSTEMPATH\CodeIgniter.php(509): CodeIgniter\CodeIgniter->runController(Object(App\Controllers\CCasos))
 8 SYSTEMPATH\CodeIgniter.php(355): CodeIgniter\CodeIgniter->handleRequest(null, Object(Config\Cache), false)
 9 SYSTEMPATH\Boot.php(325): CodeIgniter\CodeIgniter->run()
10 SYSTEMPATH\Boot.php(67): CodeIgniter\Boot::runCodeIgniter(Object(CodeIgniter\CodeIgniter))
11 FCPATH\index.php(56): CodeIgniter\Boot::bootWeb(Object(Config\Paths))
WARNING - 2025-06-08 04:31:04 --> [DEPRECATED] json_decode(): Passing null to parameter #1 ($json) of type string is deprecated in APPPATH\Views\VistaSelectCasos.php on line 93.
 1 APPPATH\Views\VistaSelectCasos.php(93): json_decode(null, true)
 2 SYSTEMPATH\View\View.php(234): include('C:\\xampp\\htdocs\\SisOdontoMandy\\app\\Views\\VistaSelectCasos.php')
 3 SYSTEMPATH\View\View.php(237): CodeIgniter\View\View->CodeIgniter\View\{closure}()
 4 SYSTEMPATH\Common.php(1171): CodeIgniter\View\View->render('VistaSelectCasos', [], true)
 5 APPPATH\Controllers\CCasos.php(55): view('VistaSelectCasos', [...])
 6 SYSTEMPATH\CodeIgniter.php(933): App\Controllers\CCasos->SelectCasosFC()
 7 SYSTEMPATH\CodeIgniter.php(509): CodeIgniter\CodeIgniter->runController(Object(App\Controllers\CCasos))
 8 SYSTEMPATH\CodeIgniter.php(355): CodeIgniter\CodeIgniter->handleRequest(null, Object(Config\Cache), false)
 9 SYSTEMPATH\Boot.php(325): CodeIgniter\CodeIgniter->run()
10 SYSTEMPATH\Boot.php(67): CodeIgniter\Boot::runCodeIgniter(Object(CodeIgniter\CodeIgniter))
11 FCPATH\index.php(56): CodeIgniter\Boot::bootWeb(Object(Config\Paths))
WARNING - 2025-06-08 04:31:04 --> [DEPRECATED] json_decode(): Passing null to parameter #1 ($json) of type string is deprecated in APPPATH\Views\VistaSelectCasos.php on line 93.
 1 APPPATH\Views\VistaSelectCasos.php(93): json_decode(null, true)
 2 SYSTEMPATH\View\View.php(234): include('C:\\xampp\\htdocs\\SisOdontoMandy\\app\\Views\\VistaSelectCasos.php')
 3 SYSTEMPATH\View\View.php(237): CodeIgniter\View\View->CodeIgniter\View\{closure}()
 4 SYSTEMPATH\Common.php(1171): CodeIgniter\View\View->render('VistaSelectCasos', [], true)
 5 APPPATH\Controllers\CCasos.php(55): view('VistaSelectCasos', [...])
 6 SYSTEMPATH\CodeIgniter.php(933): App\Controllers\CCasos->SelectCasosFC()
 7 SYSTEMPATH\CodeIgniter.php(509): CodeIgniter\CodeIgniter->runController(Object(App\Controllers\CCasos))
 8 SYSTEMPATH\CodeIgniter.php(355): CodeIgniter\CodeIgniter->handleRequest(null, Object(Config\Cache), false)
 9 SYSTEMPATH\Boot.php(325): CodeIgniter\CodeIgniter->run()
10 SYSTEMPATH\Boot.php(67): CodeIgniter\Boot::runCodeIgniter(Object(CodeIgniter\CodeIgniter))
11 FCPATH\index.php(56): CodeIgniter\Boot::bootWeb(Object(Config\Paths))
WARNING - 2025-06-08 04:31:04 --> [DEPRECATED] json_decode(): Passing null to parameter #1 ($json) of type string is deprecated in APPPATH\Views\VistaSelectCasos.php on line 93.
 1 APPPATH\Views\VistaSelectCasos.php(93): json_decode(null, true)
 2 SYSTEMPATH\View\View.php(234): include('C:\\xampp\\htdocs\\SisOdontoMandy\\app\\Views\\VistaSelectCasos.php')
 3 SYSTEMPATH\View\View.php(237): CodeIgniter\View\View->CodeIgniter\View\{closure}()
 4 SYSTEMPATH\Common.php(1171): CodeIgniter\View\View->render('VistaSelectCasos', [], true)
 5 APPPATH\Controllers\CCasos.php(55): view('VistaSelectCasos', [...])
 6 SYSTEMPATH\CodeIgniter.php(933): App\Controllers\CCasos->SelectCasosFC()
 7 SYSTEMPATH\CodeIgniter.php(509): CodeIgniter\CodeIgniter->runController(Object(App\Controllers\CCasos))
 8 SYSTEMPATH\CodeIgniter.php(355): CodeIgniter\CodeIgniter->handleRequest(null, Object(Config\Cache), false)
 9 SYSTEMPATH\Boot.php(325): CodeIgniter\CodeIgniter->run()
10 SYSTEMPATH\Boot.php(67): CodeIgniter\Boot::runCodeIgniter(Object(CodeIgniter\CodeIgniter))
11 FCPATH\index.php(56): CodeIgniter\Boot::bootWeb(Object(Config\Paths))
