ERROR - 2025-02-11 03:29:00 --> mysqli_sql_exception: Table 'db_odontologia.casos' doesn't exist in C:\xampp\htdocs\sisOdon\system\Database\MySQLi\Connection.php:312
Stack trace:
#0 C:\xampp\htdocs\sisOdon\system\Database\MySQLi\Connection.php(312): mysqli->query('\r\n        SELEC...', 0)
#1 C:\xampp\htdocs\sisOdon\system\Database\BaseConnection.php(734): CodeIgniter\Database\MySQLi\Connection->execute('\r\n        SELEC...')
#2 C:\xampp\htdocs\sisOdon\system\Database\BaseConnection.php(648): CodeIgniter\Database\BaseConnection->simpleQuery('\r\n        SELEC...')
#3 C:\xampp\htdocs\sisOdon\app\Models\ModeloGeneral.php(204): CodeIgniter\Database\BaseConnection->query('\r\n        SELEC...')
#4 C:\xampp\htdocs\sisOdon\app\Controllers\CCasos.php(99): App\Models\ModeloGeneral->ObtenerCasosConPacientes()
#5 C:\xampp\htdocs\sisOdon\system\CodeIgniter.php(933): App\Controllers\CCasos->MostrarCasosConPacientes()
#6 C:\xampp\htdocs\sisOdon\system\CodeIgniter.php(509): CodeIgniter\CodeIgniter->runController(Object(App\Controllers\CCasos))
#7 C:\xampp\htdocs\sisOdon\system\CodeIgniter.php(355): CodeIgniter\CodeIgniter->handleRequest(NULL, Object(Config\Cache), false)
#8 C:\xampp\htdocs\sisOdon\system\Boot.php(325): CodeIgniter\CodeIgniter->run()
#9 C:\xampp\htdocs\sisOdon\system\Boot.php(67): CodeIgniter\Boot::runCodeIgniter(Object(CodeIgniter\CodeIgniter))
#10 C:\xampp\htdocs\sisOdon\index.php(56): CodeIgniter\Boot::bootWeb(Object(Config\Paths))
#11 {main}
CRITICAL - 2025-02-11 03:29:00 --> CodeIgniter\Database\Exceptions\DatabaseException: Table 'db_odontologia.casos' doesn't exist
[Method: GET, Route: CasosPacientes]
in SYSTEMPATH\Database\BaseConnection.php on line 688.
 1 APPPATH\Models\ModeloGeneral.php(204): CodeIgniter\Database\BaseConnection->query('
        SELECT 
            p.pa_id, 
            p.pa_nombres, 
            p.pa_apellidos, 
            p.pa_telefono, 
            c.id_casos, 
            c.cc_descripcion, 
            c.cc_diagnostico, 
            c.cc_tratamiento, 
            c.cc_fecha_consulta, 
            c.cc_estado
        FROM casos c
        INNER JOIN pacientes p ON c.id_paciente = p.pa_id
    ')
 2 APPPATH\Controllers\CCasos.php(99): App\Models\ModeloGeneral->ObtenerCasosConPacientes()
 3 SYSTEMPATH\CodeIgniter.php(933): App\Controllers\CCasos->MostrarCasosConPacientes()
 4 SYSTEMPATH\CodeIgniter.php(509): CodeIgniter\CodeIgniter->runController(Object(App\Controllers\CCasos))
 5 SYSTEMPATH\CodeIgniter.php(355): CodeIgniter\CodeIgniter->handleRequest(null, Object(Config\Cache), false)
 6 SYSTEMPATH\Boot.php(325): CodeIgniter\CodeIgniter->run()
 7 SYSTEMPATH\Boot.php(67): CodeIgniter\Boot::runCodeIgniter(Object(CodeIgniter\CodeIgniter))
 8 FCPATH\index.php(56): CodeIgniter\Boot::bootWeb(Object(Config\Paths))
CRITICAL - 2025-02-11 03:29:00 --> [Caused by] CodeIgniter\Database\Exceptions\DatabaseException: Table 'db_odontologia.casos' doesn't exist
in SYSTEMPATH\Database\MySQLi\Connection.php on line 317.
 1 SYSTEMPATH\Database\BaseConnection.php(734): CodeIgniter\Database\MySQLi\Connection->execute('
        SELECT 
            p.pa_id, 
            p.pa_nombres, 
            p.pa_apellidos, 
            p.pa_telefono, 
            c.id_casos, 
            c.cc_descripcion, 
            c.cc_diagnostico, 
            c.cc_tratamiento, 
            c.cc_fecha_consulta, 
            c.cc_estado
        FROM casos c
        INNER JOIN pacientes p ON c.id_paciente = p.pa_id
    ')
 2 SYSTEMPATH\Database\BaseConnection.php(648): CodeIgniter\Database\BaseConnection->simpleQuery('
        SELECT 
            p.pa_id, 
            p.pa_nombres, 
            p.pa_apellidos, 
            p.pa_telefono, 
            c.id_casos, 
            c.cc_descripcion, 
            c.cc_diagnostico, 
            c.cc_tratamiento, 
            c.cc_fecha_consulta, 
            c.cc_estado
        FROM casos c
        INNER JOIN pacientes p ON c.id_paciente = p.pa_id
    ')
 3 APPPATH\Models\ModeloGeneral.php(204): CodeIgniter\Database\BaseConnection->query('
        SELECT 
            p.pa_id, 
            p.pa_nombres, 
            p.pa_apellidos, 
            p.pa_telefono, 
            c.id_casos, 
            c.cc_descripcion, 
            c.cc_diagnostico, 
            c.cc_tratamiento, 
            c.cc_fecha_consulta, 
            c.cc_estado
        FROM casos c
        INNER JOIN pacientes p ON c.id_paciente = p.pa_id
    ')
 4 APPPATH\Controllers\CCasos.php(99): App\Models\ModeloGeneral->ObtenerCasosConPacientes()
 5 SYSTEMPATH\CodeIgniter.php(933): App\Controllers\CCasos->MostrarCasosConPacientes()
 6 SYSTEMPATH\CodeIgniter.php(509): CodeIgniter\CodeIgniter->runController(Object(App\Controllers\CCasos))
 7 SYSTEMPATH\CodeIgniter.php(355): CodeIgniter\CodeIgniter->handleRequest(null, Object(Config\Cache), false)
 8 SYSTEMPATH\Boot.php(325): CodeIgniter\CodeIgniter->run()
 9 SYSTEMPATH\Boot.php(67): CodeIgniter\Boot::runCodeIgniter(Object(CodeIgniter\CodeIgniter))
10 FCPATH\index.php(56): CodeIgniter\Boot::bootWeb(Object(Config\Paths))
CRITICAL - 2025-02-11 03:29:00 --> [Caused by] mysqli_sql_exception: Table 'db_odontologia.casos' doesn't exist
in SYSTEMPATH\Database\MySQLi\Connection.php on line 312.
 1 SYSTEMPATH\Database\MySQLi\Connection.php(312): mysqli->query('
        SELECT 
            p.pa_id, 
            p.pa_nombres, 
            p.pa_apellidos, 
            p.pa_telefono, 
            c.id_casos, 
            c.cc_descripcion, 
            c.cc_diagnostico, 
            c.cc_tratamiento, 
            c.cc_fecha_consulta, 
            c.cc_estado
        FROM casos c
        INNER JOIN pacientes p ON c.id_paciente = p.pa_id
    ', 0)
 2 SYSTEMPATH\Database\BaseConnection.php(734): CodeIgniter\Database\MySQLi\Connection->execute('
        SELECT 
            p.pa_id, 
            p.pa_nombres, 
            p.pa_apellidos, 
            p.pa_telefono, 
            c.id_casos, 
            c.cc_descripcion, 
            c.cc_diagnostico, 
            c.cc_tratamiento, 
            c.cc_fecha_consulta, 
            c.cc_estado
        FROM casos c
        INNER JOIN pacientes p ON c.id_paciente = p.pa_id
    ')
 3 SYSTEMPATH\Database\BaseConnection.php(648): CodeIgniter\Database\BaseConnection->simpleQuery('
        SELECT 
            p.pa_id, 
            p.pa_nombres, 
            p.pa_apellidos, 
            p.pa_telefono, 
            c.id_casos, 
            c.cc_descripcion, 
            c.cc_diagnostico, 
            c.cc_tratamiento, 
            c.cc_fecha_consulta, 
            c.cc_estado
        FROM casos c
        INNER JOIN pacientes p ON c.id_paciente = p.pa_id
    ')
 4 APPPATH\Models\ModeloGeneral.php(204): CodeIgniter\Database\BaseConnection->query('
        SELECT 
            p.pa_id, 
            p.pa_nombres, 
            p.pa_apellidos, 
            p.pa_telefono, 
            c.id_casos, 
            c.cc_descripcion, 
            c.cc_diagnostico, 
            c.cc_tratamiento, 
            c.cc_fecha_consulta, 
            c.cc_estado
        FROM casos c
        INNER JOIN pacientes p ON c.id_paciente = p.pa_id
    ')
 5 APPPATH\Controllers\CCasos.php(99): App\Models\ModeloGeneral->ObtenerCasosConPacientes()
 6 SYSTEMPATH\CodeIgniter.php(933): App\Controllers\CCasos->MostrarCasosConPacientes()
 7 SYSTEMPATH\CodeIgniter.php(509): CodeIgniter\CodeIgniter->runController(Object(App\Controllers\CCasos))
 8 SYSTEMPATH\CodeIgniter.php(355): CodeIgniter\CodeIgniter->handleRequest(null, Object(Config\Cache), false)
 9 SYSTEMPATH\Boot.php(325): CodeIgniter\CodeIgniter->run()
10 SYSTEMPATH\Boot.php(67): CodeIgniter\Boot::runCodeIgniter(Object(CodeIgniter\CodeIgniter))
11 FCPATH\index.php(56): CodeIgniter\Boot::bootWeb(Object(Config\Paths))
ERROR - 2025-02-11 03:31:13 --> mysqli_sql_exception: Table 'db_odontologia.casos' doesn't exist in C:\xampp\htdocs\sisOdon\system\Database\MySQLi\Connection.php:312
Stack trace:
#0 C:\xampp\htdocs\sisOdon\system\Database\MySQLi\Connection.php(312): mysqli->query('\r\n        SELEC...', 0)
#1 C:\xampp\htdocs\sisOdon\system\Database\BaseConnection.php(734): CodeIgniter\Database\MySQLi\Connection->execute('\r\n        SELEC...')
#2 C:\xampp\htdocs\sisOdon\system\Database\BaseConnection.php(648): CodeIgniter\Database\BaseConnection->simpleQuery('\r\n        SELEC...')
#3 C:\xampp\htdocs\sisOdon\app\Models\ModeloGeneral.php(204): CodeIgniter\Database\BaseConnection->query('\r\n        SELEC...')
#4 C:\xampp\htdocs\sisOdon\app\Controllers\CCasos.php(99): App\Models\ModeloGeneral->ObtenerCasosConPacientes()
#5 C:\xampp\htdocs\sisOdon\system\CodeIgniter.php(933): App\Controllers\CCasos->MostrarCasosConPacientes()
#6 C:\xampp\htdocs\sisOdon\system\CodeIgniter.php(509): CodeIgniter\CodeIgniter->runController(Object(App\Controllers\CCasos))
#7 C:\xampp\htdocs\sisOdon\system\CodeIgniter.php(355): CodeIgniter\CodeIgniter->handleRequest(NULL, Object(Config\Cache), false)
#8 C:\xampp\htdocs\sisOdon\system\Boot.php(325): CodeIgniter\CodeIgniter->run()
#9 C:\xampp\htdocs\sisOdon\system\Boot.php(67): CodeIgniter\Boot::runCodeIgniter(Object(CodeIgniter\CodeIgniter))
#10 C:\xampp\htdocs\sisOdon\index.php(56): CodeIgniter\Boot::bootWeb(Object(Config\Paths))
#11 {main}
CRITICAL - 2025-02-11 03:31:13 --> CodeIgniter\Database\Exceptions\DatabaseException: Table 'db_odontologia.casos' doesn't exist
[Method: GET, Route: CasosPacientes]
in SYSTEMPATH\Database\BaseConnection.php on line 688.
 1 APPPATH\Models\ModeloGeneral.php(204): CodeIgniter\Database\BaseConnection->query('
        SELECT 
            p.pa_id, 
            p.pa_nombres, 
            p.pa_apellidos, 
            p.pa_telefono, 
            c.id_casos, 
            c.cc_descripcion, 
            c.cc_diagnostico, 
            c.cc_tratamiento, 
            c.cc_fecha_consulta, 
            c.cc_estado
        FROM casos c
        INNER JOIN pacientes p ON c.id_paciente = p.pa_id
    ')
 2 APPPATH\Controllers\CCasos.php(99): App\Models\ModeloGeneral->ObtenerCasosConPacientes()
 3 SYSTEMPATH\CodeIgniter.php(933): App\Controllers\CCasos->MostrarCasosConPacientes()
 4 SYSTEMPATH\CodeIgniter.php(509): CodeIgniter\CodeIgniter->runController(Object(App\Controllers\CCasos))
 5 SYSTEMPATH\CodeIgniter.php(355): CodeIgniter\CodeIgniter->handleRequest(null, Object(Config\Cache), false)
 6 SYSTEMPATH\Boot.php(325): CodeIgniter\CodeIgniter->run()
 7 SYSTEMPATH\Boot.php(67): CodeIgniter\Boot::runCodeIgniter(Object(CodeIgniter\CodeIgniter))
 8 FCPATH\index.php(56): CodeIgniter\Boot::bootWeb(Object(Config\Paths))
CRITICAL - 2025-02-11 03:31:13 --> [Caused by] CodeIgniter\Database\Exceptions\DatabaseException: Table 'db_odontologia.casos' doesn't exist
in SYSTEMPATH\Database\MySQLi\Connection.php on line 317.
 1 SYSTEMPATH\Database\BaseConnection.php(734): CodeIgniter\Database\MySQLi\Connection->execute('
        SELECT 
            p.pa_id, 
            p.pa_nombres, 
            p.pa_apellidos, 
            p.pa_telefono, 
            c.id_casos, 
            c.cc_descripcion, 
            c.cc_diagnostico, 
            c.cc_tratamiento, 
            c.cc_fecha_consulta, 
            c.cc_estado
        FROM casos c
        INNER JOIN pacientes p ON c.id_paciente = p.pa_id
    ')
 2 SYSTEMPATH\Database\BaseConnection.php(648): CodeIgniter\Database\BaseConnection->simpleQuery('
        SELECT 
            p.pa_id, 
            p.pa_nombres, 
            p.pa_apellidos, 
            p.pa_telefono, 
            c.id_casos, 
            c.cc_descripcion, 
            c.cc_diagnostico, 
            c.cc_tratamiento, 
            c.cc_fecha_consulta, 
            c.cc_estado
        FROM casos c
        INNER JOIN pacientes p ON c.id_paciente = p.pa_id
    ')
 3 APPPATH\Models\ModeloGeneral.php(204): CodeIgniter\Database\BaseConnection->query('
        SELECT 
            p.pa_id, 
            p.pa_nombres, 
            p.pa_apellidos, 
            p.pa_telefono, 
            c.id_casos, 
            c.cc_descripcion, 
            c.cc_diagnostico, 
            c.cc_tratamiento, 
            c.cc_fecha_consulta, 
            c.cc_estado
        FROM casos c
        INNER JOIN pacientes p ON c.id_paciente = p.pa_id
    ')
 4 APPPATH\Controllers\CCasos.php(99): App\Models\ModeloGeneral->ObtenerCasosConPacientes()
 5 SYSTEMPATH\CodeIgniter.php(933): App\Controllers\CCasos->MostrarCasosConPacientes()
 6 SYSTEMPATH\CodeIgniter.php(509): CodeIgniter\CodeIgniter->runController(Object(App\Controllers\CCasos))
 7 SYSTEMPATH\CodeIgniter.php(355): CodeIgniter\CodeIgniter->handleRequest(null, Object(Config\Cache), false)
 8 SYSTEMPATH\Boot.php(325): CodeIgniter\CodeIgniter->run()
 9 SYSTEMPATH\Boot.php(67): CodeIgniter\Boot::runCodeIgniter(Object(CodeIgniter\CodeIgniter))
10 FCPATH\index.php(56): CodeIgniter\Boot::bootWeb(Object(Config\Paths))
CRITICAL - 2025-02-11 03:31:13 --> [Caused by] mysqli_sql_exception: Table 'db_odontologia.casos' doesn't exist
in SYSTEMPATH\Database\MySQLi\Connection.php on line 312.
 1 SYSTEMPATH\Database\MySQLi\Connection.php(312): mysqli->query('
        SELECT 
            p.pa_id, 
            p.pa_nombres, 
            p.pa_apellidos, 
            p.pa_telefono, 
            c.id_casos, 
            c.cc_descripcion, 
            c.cc_diagnostico, 
            c.cc_tratamiento, 
            c.cc_fecha_consulta, 
            c.cc_estado
        FROM casos c
        INNER JOIN pacientes p ON c.id_paciente = p.pa_id
    ', 0)
 2 SYSTEMPATH\Database\BaseConnection.php(734): CodeIgniter\Database\MySQLi\Connection->execute('
        SELECT 
            p.pa_id, 
            p.pa_nombres, 
            p.pa_apellidos, 
            p.pa_telefono, 
            c.id_casos, 
            c.cc_descripcion, 
            c.cc_diagnostico, 
            c.cc_tratamiento, 
            c.cc_fecha_consulta, 
            c.cc_estado
        FROM casos c
        INNER JOIN pacientes p ON c.id_paciente = p.pa_id
    ')
 3 SYSTEMPATH\Database\BaseConnection.php(648): CodeIgniter\Database\BaseConnection->simpleQuery('
        SELECT 
            p.pa_id, 
            p.pa_nombres, 
            p.pa_apellidos, 
            p.pa_telefono, 
            c.id_casos, 
            c.cc_descripcion, 
            c.cc_diagnostico, 
            c.cc_tratamiento, 
            c.cc_fecha_consulta, 
            c.cc_estado
        FROM casos c
        INNER JOIN pacientes p ON c.id_paciente = p.pa_id
    ')
 4 APPPATH\Models\ModeloGeneral.php(204): CodeIgniter\Database\BaseConnection->query('
        SELECT 
            p.pa_id, 
            p.pa_nombres, 
            p.pa_apellidos, 
            p.pa_telefono, 
            c.id_casos, 
            c.cc_descripcion, 
            c.cc_diagnostico, 
            c.cc_tratamiento, 
            c.cc_fecha_consulta, 
            c.cc_estado
        FROM casos c
        INNER JOIN pacientes p ON c.id_paciente = p.pa_id
    ')
 5 APPPATH\Controllers\CCasos.php(99): App\Models\ModeloGeneral->ObtenerCasosConPacientes()
 6 SYSTEMPATH\CodeIgniter.php(933): App\Controllers\CCasos->MostrarCasosConPacientes()
 7 SYSTEMPATH\CodeIgniter.php(509): CodeIgniter\CodeIgniter->runController(Object(App\Controllers\CCasos))
 8 SYSTEMPATH\CodeIgniter.php(355): CodeIgniter\CodeIgniter->handleRequest(null, Object(Config\Cache), false)
 9 SYSTEMPATH\Boot.php(325): CodeIgniter\CodeIgniter->run()
10 SYSTEMPATH\Boot.php(67): CodeIgniter\Boot::runCodeIgniter(Object(CodeIgniter\CodeIgniter))
11 FCPATH\index.php(56): CodeIgniter\Boot::bootWeb(Object(Config\Paths))
ERROR - 2025-02-11 03:32:45 --> mysqli_sql_exception: Unknown column 'p.pa_id' in 'field list' in C:\xampp\htdocs\sisOdon\system\Database\MySQLi\Connection.php:312
Stack trace:
#0 C:\xampp\htdocs\sisOdon\system\Database\MySQLi\Connection.php(312): mysqli->query('\r\n        SELEC...', 0)
#1 C:\xampp\htdocs\sisOdon\system\Database\BaseConnection.php(734): CodeIgniter\Database\MySQLi\Connection->execute('\r\n        SELEC...')
#2 C:\xampp\htdocs\sisOdon\system\Database\BaseConnection.php(648): CodeIgniter\Database\BaseConnection->simpleQuery('\r\n        SELEC...')
#3 C:\xampp\htdocs\sisOdon\app\Models\ModeloGeneral.php(204): CodeIgniter\Database\BaseConnection->query('\r\n        SELEC...')
#4 C:\xampp\htdocs\sisOdon\app\Controllers\CCasos.php(99): App\Models\ModeloGeneral->ObtenerCasosConPacientes()
#5 C:\xampp\htdocs\sisOdon\system\CodeIgniter.php(933): App\Controllers\CCasos->MostrarCasosConPacientes()
#6 C:\xampp\htdocs\sisOdon\system\CodeIgniter.php(509): CodeIgniter\CodeIgniter->runController(Object(App\Controllers\CCasos))
#7 C:\xampp\htdocs\sisOdon\system\CodeIgniter.php(355): CodeIgniter\CodeIgniter->handleRequest(NULL, Object(Config\Cache), false)
#8 C:\xampp\htdocs\sisOdon\system\Boot.php(325): CodeIgniter\CodeIgniter->run()
#9 C:\xampp\htdocs\sisOdon\system\Boot.php(67): CodeIgniter\Boot::runCodeIgniter(Object(CodeIgniter\CodeIgniter))
#10 C:\xampp\htdocs\sisOdon\index.php(56): CodeIgniter\Boot::bootWeb(Object(Config\Paths))
#11 {main}
CRITICAL - 2025-02-11 03:32:45 --> CodeIgniter\Database\Exceptions\DatabaseException: Unknown column 'p.pa_id' in 'field list'
[Method: GET, Route: CasosPacientes]
in SYSTEMPATH\Database\BaseConnection.php on line 688.
 1 APPPATH\Models\ModeloGeneral.php(204): CodeIgniter\Database\BaseConnection->query('
        SELECT 
            p.pa_id, 
            p.pa_nombres, 
            p.pa_apellidos, 
            p.pa_telefono, 
            c.id_casos, 
            c.cc_descripcion, 
            c.cc_diagnostico, 
            c.cc_tratamiento, 
            c.cc_fecha_consulta, 
            c.cc_estado
        FROM tbl_casos_clinicos c
        INNER JOIN tbl_pacientes p ON c.id_paciente = p.pa_id
    ')
 2 APPPATH\Controllers\CCasos.php(99): App\Models\ModeloGeneral->ObtenerCasosConPacientes()
 3 SYSTEMPATH\CodeIgniter.php(933): App\Controllers\CCasos->MostrarCasosConPacientes()
 4 SYSTEMPATH\CodeIgniter.php(509): CodeIgniter\CodeIgniter->runController(Object(App\Controllers\CCasos))
 5 SYSTEMPATH\CodeIgniter.php(355): CodeIgniter\CodeIgniter->handleRequest(null, Object(Config\Cache), false)
 6 SYSTEMPATH\Boot.php(325): CodeIgniter\CodeIgniter->run()
 7 SYSTEMPATH\Boot.php(67): CodeIgniter\Boot::runCodeIgniter(Object(CodeIgniter\CodeIgniter))
 8 FCPATH\index.php(56): CodeIgniter\Boot::bootWeb(Object(Config\Paths))
CRITICAL - 2025-02-11 03:32:45 --> [Caused by] CodeIgniter\Database\Exceptions\DatabaseException: Unknown column 'p.pa_id' in 'field list'
in SYSTEMPATH\Database\MySQLi\Connection.php on line 317.
 1 SYSTEMPATH\Database\BaseConnection.php(734): CodeIgniter\Database\MySQLi\Connection->execute('
        SELECT 
            p.pa_id, 
            p.pa_nombres, 
            p.pa_apellidos, 
            p.pa_telefono, 
            c.id_casos, 
            c.cc_descripcion, 
            c.cc_diagnostico, 
            c.cc_tratamiento, 
            c.cc_fecha_consulta, 
            c.cc_estado
        FROM tbl_casos_clinicos c
        INNER JOIN tbl_pacientes p ON c.id_paciente = p.pa_id
    ')
 2 SYSTEMPATH\Database\BaseConnection.php(648): CodeIgniter\Database\BaseConnection->simpleQuery('
        SELECT 
            p.pa_id, 
            p.pa_nombres, 
            p.pa_apellidos, 
            p.pa_telefono, 
            c.id_casos, 
            c.cc_descripcion, 
            c.cc_diagnostico, 
            c.cc_tratamiento, 
            c.cc_fecha_consulta, 
            c.cc_estado
        FROM tbl_casos_clinicos c
        INNER JOIN tbl_pacientes p ON c.id_paciente = p.pa_id
    ')
 3 APPPATH\Models\ModeloGeneral.php(204): CodeIgniter\Database\BaseConnection->query('
        SELECT 
            p.pa_id, 
            p.pa_nombres, 
            p.pa_apellidos, 
            p.pa_telefono, 
            c.id_casos, 
            c.cc_descripcion, 
            c.cc_diagnostico, 
            c.cc_tratamiento, 
            c.cc_fecha_consulta, 
            c.cc_estado
        FROM tbl_casos_clinicos c
        INNER JOIN tbl_pacientes p ON c.id_paciente = p.pa_id
    ')
 4 APPPATH\Controllers\CCasos.php(99): App\Models\ModeloGeneral->ObtenerCasosConPacientes()
 5 SYSTEMPATH\CodeIgniter.php(933): App\Controllers\CCasos->MostrarCasosConPacientes()
 6 SYSTEMPATH\CodeIgniter.php(509): CodeIgniter\CodeIgniter->runController(Object(App\Controllers\CCasos))
 7 SYSTEMPATH\CodeIgniter.php(355): CodeIgniter\CodeIgniter->handleRequest(null, Object(Config\Cache), false)
 8 SYSTEMPATH\Boot.php(325): CodeIgniter\CodeIgniter->run()
 9 SYSTEMPATH\Boot.php(67): CodeIgniter\Boot::runCodeIgniter(Object(CodeIgniter\CodeIgniter))
10 FCPATH\index.php(56): CodeIgniter\Boot::bootWeb(Object(Config\Paths))
CRITICAL - 2025-02-11 03:32:45 --> [Caused by] mysqli_sql_exception: Unknown column 'p.pa_id' in 'field list'
in SYSTEMPATH\Database\MySQLi\Connection.php on line 312.
 1 SYSTEMPATH\Database\MySQLi\Connection.php(312): mysqli->query('
        SELECT 
            p.pa_id, 
            p.pa_nombres, 
            p.pa_apellidos, 
            p.pa_telefono, 
            c.id_casos, 
            c.cc_descripcion, 
            c.cc_diagnostico, 
            c.cc_tratamiento, 
            c.cc_fecha_consulta, 
            c.cc_estado
        FROM tbl_casos_clinicos c
        INNER JOIN tbl_pacientes p ON c.id_paciente = p.pa_id
    ', 0)
 2 SYSTEMPATH\Database\BaseConnection.php(734): CodeIgniter\Database\MySQLi\Connection->execute('
        SELECT 
            p.pa_id, 
            p.pa_nombres, 
            p.pa_apellidos, 
            p.pa_telefono, 
            c.id_casos, 
            c.cc_descripcion, 
            c.cc_diagnostico, 
            c.cc_tratamiento, 
            c.cc_fecha_consulta, 
            c.cc_estado
        FROM tbl_casos_clinicos c
        INNER JOIN tbl_pacientes p ON c.id_paciente = p.pa_id
    ')
 3 SYSTEMPATH\Database\BaseConnection.php(648): CodeIgniter\Database\BaseConnection->simpleQuery('
        SELECT 
            p.pa_id, 
            p.pa_nombres, 
            p.pa_apellidos, 
            p.pa_telefono, 
            c.id_casos, 
            c.cc_descripcion, 
            c.cc_diagnostico, 
            c.cc_tratamiento, 
            c.cc_fecha_consulta, 
            c.cc_estado
        FROM tbl_casos_clinicos c
        INNER JOIN tbl_pacientes p ON c.id_paciente = p.pa_id
    ')
 4 APPPATH\Models\ModeloGeneral.php(204): CodeIgniter\Database\BaseConnection->query('
        SELECT 
            p.pa_id, 
            p.pa_nombres, 
            p.pa_apellidos, 
            p.pa_telefono, 
            c.id_casos, 
            c.cc_descripcion, 
            c.cc_diagnostico, 
            c.cc_tratamiento, 
            c.cc_fecha_consulta, 
            c.cc_estado
        FROM tbl_casos_clinicos c
        INNER JOIN tbl_pacientes p ON c.id_paciente = p.pa_id
    ')
 5 APPPATH\Controllers\CCasos.php(99): App\Models\ModeloGeneral->ObtenerCasosConPacientes()
 6 SYSTEMPATH\CodeIgniter.php(933): App\Controllers\CCasos->MostrarCasosConPacientes()
 7 SYSTEMPATH\CodeIgniter.php(509): CodeIgniter\CodeIgniter->runController(Object(App\Controllers\CCasos))
 8 SYSTEMPATH\CodeIgniter.php(355): CodeIgniter\CodeIgniter->handleRequest(null, Object(Config\Cache), false)
 9 SYSTEMPATH\Boot.php(325): CodeIgniter\CodeIgniter->run()
10 SYSTEMPATH\Boot.php(67): CodeIgniter\Boot::runCodeIgniter(Object(CodeIgniter\CodeIgniter))
11 FCPATH\index.php(56): CodeIgniter\Boot::bootWeb(Object(Config\Paths))
ERROR - 2025-02-11 03:33:35 --> mysqli_sql_exception: Unknown column 'c.id_pacientes' in 'on clause' in C:\xampp\htdocs\sisOdon\system\Database\MySQLi\Connection.php:312
Stack trace:
#0 C:\xampp\htdocs\sisOdon\system\Database\MySQLi\Connection.php(312): mysqli->query('\r\n        SELEC...', 0)
#1 C:\xampp\htdocs\sisOdon\system\Database\BaseConnection.php(734): CodeIgniter\Database\MySQLi\Connection->execute('\r\n        SELEC...')
#2 C:\xampp\htdocs\sisOdon\system\Database\BaseConnection.php(648): CodeIgniter\Database\BaseConnection->simpleQuery('\r\n        SELEC...')
#3 C:\xampp\htdocs\sisOdon\app\Models\ModeloGeneral.php(204): CodeIgniter\Database\BaseConnection->query('\r\n        SELEC...')
#4 C:\xampp\htdocs\sisOdon\app\Controllers\CCasos.php(99): App\Models\ModeloGeneral->ObtenerCasosConPacientes()
#5 C:\xampp\htdocs\sisOdon\system\CodeIgniter.php(933): App\Controllers\CCasos->MostrarCasosConPacientes()
#6 C:\xampp\htdocs\sisOdon\system\CodeIgniter.php(509): CodeIgniter\CodeIgniter->runController(Object(App\Controllers\CCasos))
#7 C:\xampp\htdocs\sisOdon\system\CodeIgniter.php(355): CodeIgniter\CodeIgniter->handleRequest(NULL, Object(Config\Cache), false)
#8 C:\xampp\htdocs\sisOdon\system\Boot.php(325): CodeIgniter\CodeIgniter->run()
#9 C:\xampp\htdocs\sisOdon\system\Boot.php(67): CodeIgniter\Boot::runCodeIgniter(Object(CodeIgniter\CodeIgniter))
#10 C:\xampp\htdocs\sisOdon\index.php(56): CodeIgniter\Boot::bootWeb(Object(Config\Paths))
#11 {main}
CRITICAL - 2025-02-11 03:33:35 --> CodeIgniter\Database\Exceptions\DatabaseException: Unknown column 'c.id_pacientes' in 'on clause'
[Method: GET, Route: CasosPacientes]
in SYSTEMPATH\Database\BaseConnection.php on line 688.
 1 APPPATH\Models\ModeloGeneral.php(204): CodeIgniter\Database\BaseConnection->query('
        SELECT 
            p.id_paciente, 
            p.pa_nombres, 
            p.pa_apellidos, 
            p.pa_telefono, 
            c.id_casos, 
            c.cc_descripcion, 
            c.cc_diagnostico, 
            c.cc_tratamiento, 
            c.cc_fecha_consulta, 
            c.cc_estado
        FROM tbl_casos_clinicos c
        INNER JOIN tbl_pacientes p ON c.id_pacientes = p.id_paciente
    ')
 2 APPPATH\Controllers\CCasos.php(99): App\Models\ModeloGeneral->ObtenerCasosConPacientes()
 3 SYSTEMPATH\CodeIgniter.php(933): App\Controllers\CCasos->MostrarCasosConPacientes()
 4 SYSTEMPATH\CodeIgniter.php(509): CodeIgniter\CodeIgniter->runController(Object(App\Controllers\CCasos))
 5 SYSTEMPATH\CodeIgniter.php(355): CodeIgniter\CodeIgniter->handleRequest(null, Object(Config\Cache), false)
 6 SYSTEMPATH\Boot.php(325): CodeIgniter\CodeIgniter->run()
 7 SYSTEMPATH\Boot.php(67): CodeIgniter\Boot::runCodeIgniter(Object(CodeIgniter\CodeIgniter))
 8 FCPATH\index.php(56): CodeIgniter\Boot::bootWeb(Object(Config\Paths))
CRITICAL - 2025-02-11 03:33:35 --> [Caused by] CodeIgniter\Database\Exceptions\DatabaseException: Unknown column 'c.id_pacientes' in 'on clause'
in SYSTEMPATH\Database\MySQLi\Connection.php on line 317.
 1 SYSTEMPATH\Database\BaseConnection.php(734): CodeIgniter\Database\MySQLi\Connection->execute('
        SELECT 
            p.id_paciente, 
            p.pa_nombres, 
            p.pa_apellidos, 
            p.pa_telefono, 
            c.id_casos, 
            c.cc_descripcion, 
            c.cc_diagnostico, 
            c.cc_tratamiento, 
            c.cc_fecha_consulta, 
            c.cc_estado
        FROM tbl_casos_clinicos c
        INNER JOIN tbl_pacientes p ON c.id_pacientes = p.id_paciente
    ')
 2 SYSTEMPATH\Database\BaseConnection.php(648): CodeIgniter\Database\BaseConnection->simpleQuery('
        SELECT 
            p.id_paciente, 
            p.pa_nombres, 
            p.pa_apellidos, 
            p.pa_telefono, 
            c.id_casos, 
            c.cc_descripcion, 
            c.cc_diagnostico, 
            c.cc_tratamiento, 
            c.cc_fecha_consulta, 
            c.cc_estado
        FROM tbl_casos_clinicos c
        INNER JOIN tbl_pacientes p ON c.id_pacientes = p.id_paciente
    ')
 3 APPPATH\Models\ModeloGeneral.php(204): CodeIgniter\Database\BaseConnection->query('
        SELECT 
            p.id_paciente, 
            p.pa_nombres, 
            p.pa_apellidos, 
            p.pa_telefono, 
            c.id_casos, 
            c.cc_descripcion, 
            c.cc_diagnostico, 
            c.cc_tratamiento, 
            c.cc_fecha_consulta, 
            c.cc_estado
        FROM tbl_casos_clinicos c
        INNER JOIN tbl_pacientes p ON c.id_pacientes = p.id_paciente
    ')
 4 APPPATH\Controllers\CCasos.php(99): App\Models\ModeloGeneral->ObtenerCasosConPacientes()
 5 SYSTEMPATH\CodeIgniter.php(933): App\Controllers\CCasos->MostrarCasosConPacientes()
 6 SYSTEMPATH\CodeIgniter.php(509): CodeIgniter\CodeIgniter->runController(Object(App\Controllers\CCasos))
 7 SYSTEMPATH\CodeIgniter.php(355): CodeIgniter\CodeIgniter->handleRequest(null, Object(Config\Cache), false)
 8 SYSTEMPATH\Boot.php(325): CodeIgniter\CodeIgniter->run()
 9 SYSTEMPATH\Boot.php(67): CodeIgniter\Boot::runCodeIgniter(Object(CodeIgniter\CodeIgniter))
10 FCPATH\index.php(56): CodeIgniter\Boot::bootWeb(Object(Config\Paths))
CRITICAL - 2025-02-11 03:33:35 --> [Caused by] mysqli_sql_exception: Unknown column 'c.id_pacientes' in 'on clause'
in SYSTEMPATH\Database\MySQLi\Connection.php on line 312.
 1 SYSTEMPATH\Database\MySQLi\Connection.php(312): mysqli->query('
        SELECT 
            p.id_paciente, 
            p.pa_nombres, 
            p.pa_apellidos, 
            p.pa_telefono, 
            c.id_casos, 
            c.cc_descripcion, 
            c.cc_diagnostico, 
            c.cc_tratamiento, 
            c.cc_fecha_consulta, 
            c.cc_estado
        FROM tbl_casos_clinicos c
        INNER JOIN tbl_pacientes p ON c.id_pacientes = p.id_paciente
    ', 0)
 2 SYSTEMPATH\Database\BaseConnection.php(734): CodeIgniter\Database\MySQLi\Connection->execute('
        SELECT 
            p.id_paciente, 
            p.pa_nombres, 
            p.pa_apellidos, 
            p.pa_telefono, 
            c.id_casos, 
            c.cc_descripcion, 
            c.cc_diagnostico, 
            c.cc_tratamiento, 
            c.cc_fecha_consulta, 
            c.cc_estado
        FROM tbl_casos_clinicos c
        INNER JOIN tbl_pacientes p ON c.id_pacientes = p.id_paciente
    ')
 3 SYSTEMPATH\Database\BaseConnection.php(648): CodeIgniter\Database\BaseConnection->simpleQuery('
        SELECT 
            p.id_paciente, 
            p.pa_nombres, 
            p.pa_apellidos, 
            p.pa_telefono, 
            c.id_casos, 
            c.cc_descripcion, 
            c.cc_diagnostico, 
            c.cc_tratamiento, 
            c.cc_fecha_consulta, 
            c.cc_estado
        FROM tbl_casos_clinicos c
        INNER JOIN tbl_pacientes p ON c.id_pacientes = p.id_paciente
    ')
 4 APPPATH\Models\ModeloGeneral.php(204): CodeIgniter\Database\BaseConnection->query('
        SELECT 
            p.id_paciente, 
            p.pa_nombres, 
            p.pa_apellidos, 
            p.pa_telefono, 
            c.id_casos, 
            c.cc_descripcion, 
            c.cc_diagnostico, 
            c.cc_tratamiento, 
            c.cc_fecha_consulta, 
            c.cc_estado
        FROM tbl_casos_clinicos c
        INNER JOIN tbl_pacientes p ON c.id_pacientes = p.id_paciente
    ')
 5 APPPATH\Controllers\CCasos.php(99): App\Models\ModeloGeneral->ObtenerCasosConPacientes()
 6 SYSTEMPATH\CodeIgniter.php(933): App\Controllers\CCasos->MostrarCasosConPacientes()
 7 SYSTEMPATH\CodeIgniter.php(509): CodeIgniter\CodeIgniter->runController(Object(App\Controllers\CCasos))
 8 SYSTEMPATH\CodeIgniter.php(355): CodeIgniter\CodeIgniter->handleRequest(null, Object(Config\Cache), false)
 9 SYSTEMPATH\Boot.php(325): CodeIgniter\CodeIgniter->run()
10 SYSTEMPATH\Boot.php(67): CodeIgniter\Boot::runCodeIgniter(Object(CodeIgniter\CodeIgniter))
11 FCPATH\index.php(56): CodeIgniter\Boot::bootWeb(Object(Config\Paths))
CRITICAL - 2025-02-11 03:33:47 --> ErrorException: Undefined property: stdClass::$pa_id
[Method: GET, Route: CasosPacientes]
in APPPATH\Views\VistaCasosPacientes.php on line 30.
 1 APPPATH\Views\VistaCasosPacientes.php(30): CodeIgniter\Debug\Exceptions->errorHandler(2, 'Undefined property: stdClass::$pa_id', 'C:\\xampp\\htdocs\\sisOdon\\app\\Views\\VistaCasosPacientes.php', 30)
 2 SYSTEMPATH\View\View.php(234): include('C:\\xampp\\htdocs\\sisOdon\\app\\Views\\VistaCasosPacientes.php')
 3 SYSTEMPATH\View\View.php(237): CodeIgniter\View\View->CodeIgniter\View\{closure}()
 4 SYSTEMPATH\Common.php(1171): CodeIgniter\View\View->render('VistaCasosPacientes', [], true)
 5 APPPATH\Controllers\CCasos.php(101): view('VistaCasosPacientes', [...])
 6 SYSTEMPATH\CodeIgniter.php(933): App\Controllers\CCasos->MostrarCasosConPacientes()
 7 SYSTEMPATH\CodeIgniter.php(509): CodeIgniter\CodeIgniter->runController(Object(App\Controllers\CCasos))
 8 SYSTEMPATH\CodeIgniter.php(355): CodeIgniter\CodeIgniter->handleRequest(null, Object(Config\Cache), false)
 9 SYSTEMPATH\Boot.php(325): CodeIgniter\CodeIgniter->run()
10 SYSTEMPATH\Boot.php(67): CodeIgniter\Boot::runCodeIgniter(Object(CodeIgniter\CodeIgniter))
11 FCPATH\index.php(56): CodeIgniter\Boot::bootWeb(Object(Config\Paths))
CRITICAL - 2025-02-11 21:40:20 --> Error: Call to undefined method CodeIgniter\Database\Database::connect()
[Method: GET, Route: test-oracle]
in APPPATH\Controllers\COracle.php on line 13.
 1 SYSTEMPATH\CodeIgniter.php(933): App\Controllers\COracle->index()
 2 SYSTEMPATH\CodeIgniter.php(509): CodeIgniter\CodeIgniter->runController(Object(App\Controllers\COracle))
 3 SYSTEMPATH\CodeIgniter.php(355): CodeIgniter\CodeIgniter->handleRequest(null, Object(Config\Cache), false)
 4 SYSTEMPATH\Boot.php(325): CodeIgniter\CodeIgniter->run()
 5 SYSTEMPATH\Boot.php(67): CodeIgniter\Boot::runCodeIgniter(Object(CodeIgniter\CodeIgniter))
 6 FCPATH\index.php(56): CodeIgniter\Boot::bootWeb(Object(Config\Paths))
CRITICAL - 2025-02-11 22:04:10 --> Error: Call to undefined method CodeIgniter\Database\Database::connect()
[Method: GET, Route: test-oracle]
in APPPATH\Controllers\COracle.php on line 14.
 1 SYSTEMPATH\CodeIgniter.php(933): App\Controllers\COracle->PruebaOracle()
 2 SYSTEMPATH\CodeIgniter.php(509): CodeIgniter\CodeIgniter->runController(Object(App\Controllers\COracle))
 3 SYSTEMPATH\CodeIgniter.php(355): CodeIgniter\CodeIgniter->handleRequest(null, Object(Config\Cache), false)
 4 SYSTEMPATH\Boot.php(325): CodeIgniter\CodeIgniter->run()
 5 SYSTEMPATH\Boot.php(67): CodeIgniter\Boot::runCodeIgniter(Object(CodeIgniter\CodeIgniter))
 6 FCPATH\index.php(56): CodeIgniter\Boot::bootWeb(Object(Config\Paths))
CRITICAL - 2025-02-11 22:11:04 --> CodeIgniter\Exceptions\CriticalError: The required PHP extension "oci8" is not loaded. Install and enable it to use "OCI8" driver.
[Method: GET, Route: test-oracle]
in SYSTEMPATH\Database\Database.php on line 182.
 1 SYSTEMPATH\Database\Database.php(59): CodeIgniter\Database\Database->checkDbExtension('OCI8')
 2 SYSTEMPATH\Database\Config.php(84): CodeIgniter\Database\Database->load([...], 'oracle')
 3 APPPATH\Controllers\COracle.php(14): CodeIgniter\Database\Config::connect('oracle')
 4 SYSTEMPATH\CodeIgniter.php(933): App\Controllers\COracle->PruebaOracle()
 5 SYSTEMPATH\CodeIgniter.php(509): CodeIgniter\CodeIgniter->runController(Object(App\Controllers\COracle))
 6 SYSTEMPATH\CodeIgniter.php(355): CodeIgniter\CodeIgniter->handleRequest(null, Object(Config\Cache), false)
 7 SYSTEMPATH\Boot.php(325): CodeIgniter\CodeIgniter->run()
 8 SYSTEMPATH\Boot.php(67): CodeIgniter\Boot::runCodeIgniter(Object(CodeIgniter\CodeIgniter))
 9 FCPATH\index.php(56): CodeIgniter\Boot::bootWeb(Object(Config\Paths))
