WARNING - 2025-07-07 01:06:03 --> [DEPRECATED] json_decode(): Passing null to parameter #1 ($json) of type string is deprecated in APPPATH\Views\VistaSelectCasos.php on line 93.
 1 APPPATH\Views\VistaSelectCasos.php(93): json_decode(null, true)
 2 SYSTEMPATH\View\View.php(234): include('C:\\xampp\\htdocs\\SisOdontoMandy\\app\\Views\\VistaSelectCasos.php')
 3 SYSTEMPATH\View\View.php(237): CodeIgniter\View\View->CodeIgniter\View\{closure}()
 4 SYSTEMPATH\Common.php(1171): CodeIgniter\View\View->render('VistaSelectCasos', [], true)
 5 APPPATH\Controllers\CCasos.php(55): view('VistaSelectCasos', [...])
 6 SYSTEMPATH\CodeIgniter.php(933): App\Controllers\CCasos->SelectCasosFC()
 7 SYSTEMPATH\CodeIgniter.php(509): CodeIgniter\CodeIgniter->runController(Object(App\Controllers\CCasos))
 8 SYSTEMPATH\CodeIgniter.php(355): CodeIgniter\CodeIgniter->handleRequest(null, Object(Config\Cache), false)
 9 SYSTEMPATH\Boot.php(325): CodeIgniter\CodeIgniter->run()
10 SYSTEMPATH\Boot.php(67): CodeIgniter\Boot::runCodeIgniter(Object(CodeIgniter\CodeIgniter))
11 FCPATH\index.php(56): CodeIgniter\Boot::bootWeb(Object(Config\Paths))
WARNING - 2025-07-07 01:06:03 --> [DEPRECATED] json_decode(): Passing null to parameter #1 ($json) of type string is deprecated in APPPATH\Views\VistaSelectCasos.php on line 93.
 1 APPPATH\Views\VistaSelectCasos.php(93): json_decode(null, true)
 2 SYSTEMPATH\View\View.php(234): include('C:\\xampp\\htdocs\\SisOdontoMandy\\app\\Views\\VistaSelectCasos.php')
 3 SYSTEMPATH\View\View.php(237): CodeIgniter\View\View->CodeIgniter\View\{closure}()
 4 SYSTEMPATH\Common.php(1171): CodeIgniter\View\View->render('VistaSelectCasos', [], true)
 5 APPPATH\Controllers\CCasos.php(55): view('VistaSelectCasos', [...])
 6 SYSTEMPATH\CodeIgniter.php(933): App\Controllers\CCasos->SelectCasosFC()
 7 SYSTEMPATH\CodeIgniter.php(509): CodeIgniter\CodeIgniter->runController(Object(App\Controllers\CCasos))
 8 SYSTEMPATH\CodeIgniter.php(355): CodeIgniter\CodeIgniter->handleRequest(null, Object(Config\Cache), false)
 9 SYSTEMPATH\Boot.php(325): CodeIgniter\CodeIgniter->run()
10 SYSTEMPATH\Boot.php(67): CodeIgniter\Boot::runCodeIgniter(Object(CodeIgniter\CodeIgniter))
11 FCPATH\index.php(56): CodeIgniter\Boot::bootWeb(Object(Config\Paths))
WARNING - 2025-07-07 01:06:03 --> [DEPRECATED] json_decode(): Passing null to parameter #1 ($json) of type string is deprecated in APPPATH\Views\VistaSelectCasos.php on line 93.
 1 APPPATH\Views\VistaSelectCasos.php(93): json_decode(null, true)
 2 SYSTEMPATH\View\View.php(234): include('C:\\xampp\\htdocs\\SisOdontoMandy\\app\\Views\\VistaSelectCasos.php')
 3 SYSTEMPATH\View\View.php(237): CodeIgniter\View\View->CodeIgniter\View\{closure}()
 4 SYSTEMPATH\Common.php(1171): CodeIgniter\View\View->render('VistaSelectCasos', [], true)
 5 APPPATH\Controllers\CCasos.php(55): view('VistaSelectCasos', [...])
 6 SYSTEMPATH\CodeIgniter.php(933): App\Controllers\CCasos->SelectCasosFC()
 7 SYSTEMPATH\CodeIgniter.php(509): CodeIgniter\CodeIgniter->runController(Object(App\Controllers\CCasos))
 8 SYSTEMPATH\CodeIgniter.php(355): CodeIgniter\CodeIgniter->handleRequest(null, Object(Config\Cache), false)
 9 SYSTEMPATH\Boot.php(325): CodeIgniter\CodeIgniter->run()
10 SYSTEMPATH\Boot.php(67): CodeIgniter\Boot::runCodeIgniter(Object(CodeIgniter\CodeIgniter))
11 FCPATH\index.php(56): CodeIgniter\Boot::bootWeb(Object(Config\Paths))
WARNING - 2025-07-07 01:06:03 --> [DEPRECATED] json_decode(): Passing null to parameter #1 ($json) of type string is deprecated in APPPATH\Views\VistaSelectCasos.php on line 93.
 1 APPPATH\Views\VistaSelectCasos.php(93): json_decode(null, true)
 2 SYSTEMPATH\View\View.php(234): include('C:\\xampp\\htdocs\\SisOdontoMandy\\app\\Views\\VistaSelectCasos.php')
 3 SYSTEMPATH\View\View.php(237): CodeIgniter\View\View->CodeIgniter\View\{closure}()
 4 SYSTEMPATH\Common.php(1171): CodeIgniter\View\View->render('VistaSelectCasos', [], true)
 5 APPPATH\Controllers\CCasos.php(55): view('VistaSelectCasos', [...])
 6 SYSTEMPATH\CodeIgniter.php(933): App\Controllers\CCasos->SelectCasosFC()
 7 SYSTEMPATH\CodeIgniter.php(509): CodeIgniter\CodeIgniter->runController(Object(App\Controllers\CCasos))
 8 SYSTEMPATH\CodeIgniter.php(355): CodeIgniter\CodeIgniter->handleRequest(null, Object(Config\Cache), false)
 9 SYSTEMPATH\Boot.php(325): CodeIgniter\CodeIgniter->run()
10 SYSTEMPATH\Boot.php(67): CodeIgniter\Boot::runCodeIgniter(Object(CodeIgniter\CodeIgniter))
11 FCPATH\index.php(56): CodeIgniter\Boot::bootWeb(Object(Config\Paths))
WARNING - 2025-07-07 01:06:03 --> [DEPRECATED] json_decode(): Passing null to parameter #1 ($json) of type string is deprecated in APPPATH\Views\VistaSelectCasos.php on line 93.
 1 APPPATH\Views\VistaSelectCasos.php(93): json_decode(null, true)
 2 SYSTEMPATH\View\View.php(234): include('C:\\xampp\\htdocs\\SisOdontoMandy\\app\\Views\\VistaSelectCasos.php')
 3 SYSTEMPATH\View\View.php(237): CodeIgniter\View\View->CodeIgniter\View\{closure}()
 4 SYSTEMPATH\Common.php(1171): CodeIgniter\View\View->render('VistaSelectCasos', [], true)
 5 APPPATH\Controllers\CCasos.php(55): view('VistaSelectCasos', [...])
 6 SYSTEMPATH\CodeIgniter.php(933): App\Controllers\CCasos->SelectCasosFC()
 7 SYSTEMPATH\CodeIgniter.php(509): CodeIgniter\CodeIgniter->runController(Object(App\Controllers\CCasos))
 8 SYSTEMPATH\CodeIgniter.php(355): CodeIgniter\CodeIgniter->handleRequest(null, Object(Config\Cache), false)
 9 SYSTEMPATH\Boot.php(325): CodeIgniter\CodeIgniter->run()
10 SYSTEMPATH\Boot.php(67): CodeIgniter\Boot::runCodeIgniter(Object(CodeIgniter\CodeIgniter))
11 FCPATH\index.php(56): CodeIgniter\Boot::bootWeb(Object(Config\Paths))
CRITICAL - 2025-07-07 01:06:21 --> ErrorException: Undefined property: stdClass::$id_casos
[Method: GET, Route: ActualizarCaso/26]
in APPPATH\Views\VistaActualizarCaso.php on line 107.
 1 APPPATH\Views\VistaActualizarCaso.php(107): CodeIgniter\Debug\Exceptions->errorHandler(2, 'Undefined property: stdClass::$id_casos', 'C:\\xampp\\htdocs\\SisOdontoMandy\\app\\Views\\VistaActualizarCaso.php', 107)
 2 SYSTEMPATH\View\View.php(234): include('C:\\xampp\\htdocs\\SisOdontoMandy\\app\\Views\\VistaActualizarCaso.php')
 3 SYSTEMPATH\View\View.php(237): CodeIgniter\View\View->CodeIgniter\View\{closure}()
 4 SYSTEMPATH\Common.php(1171): CodeIgniter\View\View->render('VistaActualizarCaso', [], true)
 5 APPPATH\Controllers\CCasos.php(67): view('VistaActualizarCaso', [...])
 6 SYSTEMPATH\CodeIgniter.php(933): App\Controllers\CCasos->ExtraerSelectCasoFC('26')
 7 SYSTEMPATH\CodeIgniter.php(509): CodeIgniter\CodeIgniter->runController(Object(App\Controllers\CCasos))
 8 SYSTEMPATH\CodeIgniter.php(355): CodeIgniter\CodeIgniter->handleRequest(null, Object(Config\Cache), false)
 9 SYSTEMPATH\Boot.php(325): CodeIgniter\CodeIgniter->run()
10 SYSTEMPATH\Boot.php(67): CodeIgniter\Boot::runCodeIgniter(Object(CodeIgniter\CodeIgniter))
11 FCPATH\index.php(56): CodeIgniter\Boot::bootWeb(Object(Config\Paths))
WARNING - 2025-07-07 01:10:13 --> [DEPRECATED] json_decode(): Passing null to parameter #1 ($json) of type string is deprecated in APPPATH\Views\VistaSelectCasos.php on line 93.
 1 APPPATH\Views\VistaSelectCasos.php(93): json_decode(null, true)
 2 SYSTEMPATH\View\View.php(234): include('C:\\xampp\\htdocs\\SisOdontoMandy\\app\\Views\\VistaSelectCasos.php')
 3 SYSTEMPATH\View\View.php(237): CodeIgniter\View\View->CodeIgniter\View\{closure}()
 4 SYSTEMPATH\Common.php(1171): CodeIgniter\View\View->render('VistaSelectCasos', [], true)
 5 APPPATH\Controllers\CCasos.php(55): view('VistaSelectCasos', [...])
 6 SYSTEMPATH\CodeIgniter.php(933): App\Controllers\CCasos->SelectCasosFC()
 7 SYSTEMPATH\CodeIgniter.php(509): CodeIgniter\CodeIgniter->runController(Object(App\Controllers\CCasos))
 8 SYSTEMPATH\CodeIgniter.php(355): CodeIgniter\CodeIgniter->handleRequest(null, Object(Config\Cache), false)
 9 SYSTEMPATH\Boot.php(325): CodeIgniter\CodeIgniter->run()
10 SYSTEMPATH\Boot.php(67): CodeIgniter\Boot::runCodeIgniter(Object(CodeIgniter\CodeIgniter))
11 FCPATH\index.php(56): CodeIgniter\Boot::bootWeb(Object(Config\Paths))
WARNING - 2025-07-07 01:10:13 --> [DEPRECATED] json_decode(): Passing null to parameter #1 ($json) of type string is deprecated in APPPATH\Views\VistaSelectCasos.php on line 93.
 1 APPPATH\Views\VistaSelectCasos.php(93): json_decode(null, true)
 2 SYSTEMPATH\View\View.php(234): include('C:\\xampp\\htdocs\\SisOdontoMandy\\app\\Views\\VistaSelectCasos.php')
 3 SYSTEMPATH\View\View.php(237): CodeIgniter\View\View->CodeIgniter\View\{closure}()
 4 SYSTEMPATH\Common.php(1171): CodeIgniter\View\View->render('VistaSelectCasos', [], true)
 5 APPPATH\Controllers\CCasos.php(55): view('VistaSelectCasos', [...])
 6 SYSTEMPATH\CodeIgniter.php(933): App\Controllers\CCasos->SelectCasosFC()
 7 SYSTEMPATH\CodeIgniter.php(509): CodeIgniter\CodeIgniter->runController(Object(App\Controllers\CCasos))
 8 SYSTEMPATH\CodeIgniter.php(355): CodeIgniter\CodeIgniter->handleRequest(null, Object(Config\Cache), false)
 9 SYSTEMPATH\Boot.php(325): CodeIgniter\CodeIgniter->run()
10 SYSTEMPATH\Boot.php(67): CodeIgniter\Boot::runCodeIgniter(Object(CodeIgniter\CodeIgniter))
11 FCPATH\index.php(56): CodeIgniter\Boot::bootWeb(Object(Config\Paths))
WARNING - 2025-07-07 01:10:13 --> [DEPRECATED] json_decode(): Passing null to parameter #1 ($json) of type string is deprecated in APPPATH\Views\VistaSelectCasos.php on line 93.
 1 APPPATH\Views\VistaSelectCasos.php(93): json_decode(null, true)
 2 SYSTEMPATH\View\View.php(234): include('C:\\xampp\\htdocs\\SisOdontoMandy\\app\\Views\\VistaSelectCasos.php')
 3 SYSTEMPATH\View\View.php(237): CodeIgniter\View\View->CodeIgniter\View\{closure}()
 4 SYSTEMPATH\Common.php(1171): CodeIgniter\View\View->render('VistaSelectCasos', [], true)
 5 APPPATH\Controllers\CCasos.php(55): view('VistaSelectCasos', [...])
 6 SYSTEMPATH\CodeIgniter.php(933): App\Controllers\CCasos->SelectCasosFC()
 7 SYSTEMPATH\CodeIgniter.php(509): CodeIgniter\CodeIgniter->runController(Object(App\Controllers\CCasos))
 8 SYSTEMPATH\CodeIgniter.php(355): CodeIgniter\CodeIgniter->handleRequest(null, Object(Config\Cache), false)
 9 SYSTEMPATH\Boot.php(325): CodeIgniter\CodeIgniter->run()
10 SYSTEMPATH\Boot.php(67): CodeIgniter\Boot::runCodeIgniter(Object(CodeIgniter\CodeIgniter))
11 FCPATH\index.php(56): CodeIgniter\Boot::bootWeb(Object(Config\Paths))
WARNING - 2025-07-07 01:10:13 --> [DEPRECATED] json_decode(): Passing null to parameter #1 ($json) of type string is deprecated in APPPATH\Views\VistaSelectCasos.php on line 93.
 1 APPPATH\Views\VistaSelectCasos.php(93): json_decode(null, true)
 2 SYSTEMPATH\View\View.php(234): include('C:\\xampp\\htdocs\\SisOdontoMandy\\app\\Views\\VistaSelectCasos.php')
 3 SYSTEMPATH\View\View.php(237): CodeIgniter\View\View->CodeIgniter\View\{closure}()
 4 SYSTEMPATH\Common.php(1171): CodeIgniter\View\View->render('VistaSelectCasos', [], true)
 5 APPPATH\Controllers\CCasos.php(55): view('VistaSelectCasos', [...])
 6 SYSTEMPATH\CodeIgniter.php(933): App\Controllers\CCasos->SelectCasosFC()
 7 SYSTEMPATH\CodeIgniter.php(509): CodeIgniter\CodeIgniter->runController(Object(App\Controllers\CCasos))
 8 SYSTEMPATH\CodeIgniter.php(355): CodeIgniter\CodeIgniter->handleRequest(null, Object(Config\Cache), false)
 9 SYSTEMPATH\Boot.php(325): CodeIgniter\CodeIgniter->run()
10 SYSTEMPATH\Boot.php(67): CodeIgniter\Boot::runCodeIgniter(Object(CodeIgniter\CodeIgniter))
11 FCPATH\index.php(56): CodeIgniter\Boot::bootWeb(Object(Config\Paths))
WARNING - 2025-07-07 01:10:13 --> [DEPRECATED] json_decode(): Passing null to parameter #1 ($json) of type string is deprecated in APPPATH\Views\VistaSelectCasos.php on line 93.
 1 APPPATH\Views\VistaSelectCasos.php(93): json_decode(null, true)
 2 SYSTEMPATH\View\View.php(234): include('C:\\xampp\\htdocs\\SisOdontoMandy\\app\\Views\\VistaSelectCasos.php')
 3 SYSTEMPATH\View\View.php(237): CodeIgniter\View\View->CodeIgniter\View\{closure}()
 4 SYSTEMPATH\Common.php(1171): CodeIgniter\View\View->render('VistaSelectCasos', [], true)
 5 APPPATH\Controllers\CCasos.php(55): view('VistaSelectCasos', [...])
 6 SYSTEMPATH\CodeIgniter.php(933): App\Controllers\CCasos->SelectCasosFC()
 7 SYSTEMPATH\CodeIgniter.php(509): CodeIgniter\CodeIgniter->runController(Object(App\Controllers\CCasos))
 8 SYSTEMPATH\CodeIgniter.php(355): CodeIgniter\CodeIgniter->handleRequest(null, Object(Config\Cache), false)
 9 SYSTEMPATH\Boot.php(325): CodeIgniter\CodeIgniter->run()
10 SYSTEMPATH\Boot.php(67): CodeIgniter\Boot::runCodeIgniter(Object(CodeIgniter\CodeIgniter))
11 FCPATH\index.php(56): CodeIgniter\Boot::bootWeb(Object(Config\Paths))
WARNING - 2025-07-07 01:12:14 --> [DEPRECATED] json_decode(): Passing null to parameter #1 ($json) of type string is deprecated in APPPATH\Views\VistaSelectCasos.php on line 93.
 1 APPPATH\Views\VistaSelectCasos.php(93): json_decode(null, true)
 2 SYSTEMPATH\View\View.php(234): include('C:\\xampp\\htdocs\\SisOdontoMandy\\app\\Views\\VistaSelectCasos.php')
 3 SYSTEMPATH\View\View.php(237): CodeIgniter\View\View->CodeIgniter\View\{closure}()
 4 SYSTEMPATH\Common.php(1171): CodeIgniter\View\View->render('VistaSelectCasos', [], true)
 5 APPPATH\Controllers\CCasos.php(55): view('VistaSelectCasos', [...])
 6 SYSTEMPATH\CodeIgniter.php(933): App\Controllers\CCasos->SelectCasosFC()
 7 SYSTEMPATH\CodeIgniter.php(509): CodeIgniter\CodeIgniter->runController(Object(App\Controllers\CCasos))
 8 SYSTEMPATH\CodeIgniter.php(355): CodeIgniter\CodeIgniter->handleRequest(null, Object(Config\Cache), false)
 9 SYSTEMPATH\Boot.php(325): CodeIgniter\CodeIgniter->run()
10 SYSTEMPATH\Boot.php(67): CodeIgniter\Boot::runCodeIgniter(Object(CodeIgniter\CodeIgniter))
11 FCPATH\index.php(56): CodeIgniter\Boot::bootWeb(Object(Config\Paths))
WARNING - 2025-07-07 01:12:14 --> [DEPRECATED] json_decode(): Passing null to parameter #1 ($json) of type string is deprecated in APPPATH\Views\VistaSelectCasos.php on line 93.
 1 APPPATH\Views\VistaSelectCasos.php(93): json_decode(null, true)
 2 SYSTEMPATH\View\View.php(234): include('C:\\xampp\\htdocs\\SisOdontoMandy\\app\\Views\\VistaSelectCasos.php')
 3 SYSTEMPATH\View\View.php(237): CodeIgniter\View\View->CodeIgniter\View\{closure}()
 4 SYSTEMPATH\Common.php(1171): CodeIgniter\View\View->render('VistaSelectCasos', [], true)
 5 APPPATH\Controllers\CCasos.php(55): view('VistaSelectCasos', [...])
 6 SYSTEMPATH\CodeIgniter.php(933): App\Controllers\CCasos->SelectCasosFC()
 7 SYSTEMPATH\CodeIgniter.php(509): CodeIgniter\CodeIgniter->runController(Object(App\Controllers\CCasos))
 8 SYSTEMPATH\CodeIgniter.php(355): CodeIgniter\CodeIgniter->handleRequest(null, Object(Config\Cache), false)
 9 SYSTEMPATH\Boot.php(325): CodeIgniter\CodeIgniter->run()
10 SYSTEMPATH\Boot.php(67): CodeIgniter\Boot::runCodeIgniter(Object(CodeIgniter\CodeIgniter))
11 FCPATH\index.php(56): CodeIgniter\Boot::bootWeb(Object(Config\Paths))
WARNING - 2025-07-07 01:12:14 --> [DEPRECATED] json_decode(): Passing null to parameter #1 ($json) of type string is deprecated in APPPATH\Views\VistaSelectCasos.php on line 93.
 1 APPPATH\Views\VistaSelectCasos.php(93): json_decode(null, true)
 2 SYSTEMPATH\View\View.php(234): include('C:\\xampp\\htdocs\\SisOdontoMandy\\app\\Views\\VistaSelectCasos.php')
 3 SYSTEMPATH\View\View.php(237): CodeIgniter\View\View->CodeIgniter\View\{closure}()
 4 SYSTEMPATH\Common.php(1171): CodeIgniter\View\View->render('VistaSelectCasos', [], true)
 5 APPPATH\Controllers\CCasos.php(55): view('VistaSelectCasos', [...])
 6 SYSTEMPATH\CodeIgniter.php(933): App\Controllers\CCasos->SelectCasosFC()
 7 SYSTEMPATH\CodeIgniter.php(509): CodeIgniter\CodeIgniter->runController(Object(App\Controllers\CCasos))
 8 SYSTEMPATH\CodeIgniter.php(355): CodeIgniter\CodeIgniter->handleRequest(null, Object(Config\Cache), false)
 9 SYSTEMPATH\Boot.php(325): CodeIgniter\CodeIgniter->run()
10 SYSTEMPATH\Boot.php(67): CodeIgniter\Boot::runCodeIgniter(Object(CodeIgniter\CodeIgniter))
11 FCPATH\index.php(56): CodeIgniter\Boot::bootWeb(Object(Config\Paths))
WARNING - 2025-07-07 01:12:14 --> [DEPRECATED] json_decode(): Passing null to parameter #1 ($json) of type string is deprecated in APPPATH\Views\VistaSelectCasos.php on line 93.
 1 APPPATH\Views\VistaSelectCasos.php(93): json_decode(null, true)
 2 SYSTEMPATH\View\View.php(234): include('C:\\xampp\\htdocs\\SisOdontoMandy\\app\\Views\\VistaSelectCasos.php')
 3 SYSTEMPATH\View\View.php(237): CodeIgniter\View\View->CodeIgniter\View\{closure}()
 4 SYSTEMPATH\Common.php(1171): CodeIgniter\View\View->render('VistaSelectCasos', [], true)
 5 APPPATH\Controllers\CCasos.php(55): view('VistaSelectCasos', [...])
 6 SYSTEMPATH\CodeIgniter.php(933): App\Controllers\CCasos->SelectCasosFC()
 7 SYSTEMPATH\CodeIgniter.php(509): CodeIgniter\CodeIgniter->runController(Object(App\Controllers\CCasos))
 8 SYSTEMPATH\CodeIgniter.php(355): CodeIgniter\CodeIgniter->handleRequest(null, Object(Config\Cache), false)
 9 SYSTEMPATH\Boot.php(325): CodeIgniter\CodeIgniter->run()
10 SYSTEMPATH\Boot.php(67): CodeIgniter\Boot::runCodeIgniter(Object(CodeIgniter\CodeIgniter))
11 FCPATH\index.php(56): CodeIgniter\Boot::bootWeb(Object(Config\Paths))
WARNING - 2025-07-07 01:12:14 --> [DEPRECATED] json_decode(): Passing null to parameter #1 ($json) of type string is deprecated in APPPATH\Views\VistaSelectCasos.php on line 93.
 1 APPPATH\Views\VistaSelectCasos.php(93): json_decode(null, true)
 2 SYSTEMPATH\View\View.php(234): include('C:\\xampp\\htdocs\\SisOdontoMandy\\app\\Views\\VistaSelectCasos.php')
 3 SYSTEMPATH\View\View.php(237): CodeIgniter\View\View->CodeIgniter\View\{closure}()
 4 SYSTEMPATH\Common.php(1171): CodeIgniter\View\View->render('VistaSelectCasos', [], true)
 5 APPPATH\Controllers\CCasos.php(55): view('VistaSelectCasos', [...])
 6 SYSTEMPATH\CodeIgniter.php(933): App\Controllers\CCasos->SelectCasosFC()
 7 SYSTEMPATH\CodeIgniter.php(509): CodeIgniter\CodeIgniter->runController(Object(App\Controllers\CCasos))
 8 SYSTEMPATH\CodeIgniter.php(355): CodeIgniter\CodeIgniter->handleRequest(null, Object(Config\Cache), false)
 9 SYSTEMPATH\Boot.php(325): CodeIgniter\CodeIgniter->run()
10 SYSTEMPATH\Boot.php(67): CodeIgniter\Boot::runCodeIgniter(Object(CodeIgniter\CodeIgniter))
11 FCPATH\index.php(56): CodeIgniter\Boot::bootWeb(Object(Config\Paths))
WARNING - 2025-07-07 01:20:03 --> [DEPRECATED] json_decode(): Passing null to parameter #1 ($json) of type string is deprecated in APPPATH\Views\VistaSelectCasos.php on line 93.
 1 APPPATH\Views\VistaSelectCasos.php(93): json_decode(null, true)
 2 SYSTEMPATH\View\View.php(234): include('C:\\xampp\\htdocs\\SisOdontoMandy\\app\\Views\\VistaSelectCasos.php')
 3 SYSTEMPATH\View\View.php(237): CodeIgniter\View\View->CodeIgniter\View\{closure}()
 4 SYSTEMPATH\Common.php(1171): CodeIgniter\View\View->render('VistaSelectCasos', [], true)
 5 APPPATH\Controllers\CCasos.php(55): view('VistaSelectCasos', [...])
 6 SYSTEMPATH\CodeIgniter.php(933): App\Controllers\CCasos->SelectCasosFC()
 7 SYSTEMPATH\CodeIgniter.php(509): CodeIgniter\CodeIgniter->runController(Object(App\Controllers\CCasos))
 8 SYSTEMPATH\CodeIgniter.php(355): CodeIgniter\CodeIgniter->handleRequest(null, Object(Config\Cache), false)
 9 SYSTEMPATH\Boot.php(325): CodeIgniter\CodeIgniter->run()
10 SYSTEMPATH\Boot.php(67): CodeIgniter\Boot::runCodeIgniter(Object(CodeIgniter\CodeIgniter))
11 FCPATH\index.php(56): CodeIgniter\Boot::bootWeb(Object(Config\Paths))
WARNING - 2025-07-07 01:20:03 --> [DEPRECATED] json_decode(): Passing null to parameter #1 ($json) of type string is deprecated in APPPATH\Views\VistaSelectCasos.php on line 93.
 1 APPPATH\Views\VistaSelectCasos.php(93): json_decode(null, true)
 2 SYSTEMPATH\View\View.php(234): include('C:\\xampp\\htdocs\\SisOdontoMandy\\app\\Views\\VistaSelectCasos.php')
 3 SYSTEMPATH\View\View.php(237): CodeIgniter\View\View->CodeIgniter\View\{closure}()
 4 SYSTEMPATH\Common.php(1171): CodeIgniter\View\View->render('VistaSelectCasos', [], true)
 5 APPPATH\Controllers\CCasos.php(55): view('VistaSelectCasos', [...])
 6 SYSTEMPATH\CodeIgniter.php(933): App\Controllers\CCasos->SelectCasosFC()
 7 SYSTEMPATH\CodeIgniter.php(509): CodeIgniter\CodeIgniter->runController(Object(App\Controllers\CCasos))
 8 SYSTEMPATH\CodeIgniter.php(355): CodeIgniter\CodeIgniter->handleRequest(null, Object(Config\Cache), false)
 9 SYSTEMPATH\Boot.php(325): CodeIgniter\CodeIgniter->run()
10 SYSTEMPATH\Boot.php(67): CodeIgniter\Boot::runCodeIgniter(Object(CodeIgniter\CodeIgniter))
11 FCPATH\index.php(56): CodeIgniter\Boot::bootWeb(Object(Config\Paths))
WARNING - 2025-07-07 01:20:03 --> [DEPRECATED] json_decode(): Passing null to parameter #1 ($json) of type string is deprecated in APPPATH\Views\VistaSelectCasos.php on line 93.
 1 APPPATH\Views\VistaSelectCasos.php(93): json_decode(null, true)
 2 SYSTEMPATH\View\View.php(234): include('C:\\xampp\\htdocs\\SisOdontoMandy\\app\\Views\\VistaSelectCasos.php')
 3 SYSTEMPATH\View\View.php(237): CodeIgniter\View\View->CodeIgniter\View\{closure}()
 4 SYSTEMPATH\Common.php(1171): CodeIgniter\View\View->render('VistaSelectCasos', [], true)
 5 APPPATH\Controllers\CCasos.php(55): view('VistaSelectCasos', [...])
 6 SYSTEMPATH\CodeIgniter.php(933): App\Controllers\CCasos->SelectCasosFC()
 7 SYSTEMPATH\CodeIgniter.php(509): CodeIgniter\CodeIgniter->runController(Object(App\Controllers\CCasos))
 8 SYSTEMPATH\CodeIgniter.php(355): CodeIgniter\CodeIgniter->handleRequest(null, Object(Config\Cache), false)
 9 SYSTEMPATH\Boot.php(325): CodeIgniter\CodeIgniter->run()
10 SYSTEMPATH\Boot.php(67): CodeIgniter\Boot::runCodeIgniter(Object(CodeIgniter\CodeIgniter))
11 FCPATH\index.php(56): CodeIgniter\Boot::bootWeb(Object(Config\Paths))
WARNING - 2025-07-07 01:20:03 --> [DEPRECATED] json_decode(): Passing null to parameter #1 ($json) of type string is deprecated in APPPATH\Views\VistaSelectCasos.php on line 93.
 1 APPPATH\Views\VistaSelectCasos.php(93): json_decode(null, true)
 2 SYSTEMPATH\View\View.php(234): include('C:\\xampp\\htdocs\\SisOdontoMandy\\app\\Views\\VistaSelectCasos.php')
 3 SYSTEMPATH\View\View.php(237): CodeIgniter\View\View->CodeIgniter\View\{closure}()
 4 SYSTEMPATH\Common.php(1171): CodeIgniter\View\View->render('VistaSelectCasos', [], true)
 5 APPPATH\Controllers\CCasos.php(55): view('VistaSelectCasos', [...])
 6 SYSTEMPATH\CodeIgniter.php(933): App\Controllers\CCasos->SelectCasosFC()
 7 SYSTEMPATH\CodeIgniter.php(509): CodeIgniter\CodeIgniter->runController(Object(App\Controllers\CCasos))
 8 SYSTEMPATH\CodeIgniter.php(355): CodeIgniter\CodeIgniter->handleRequest(null, Object(Config\Cache), false)
 9 SYSTEMPATH\Boot.php(325): CodeIgniter\CodeIgniter->run()
10 SYSTEMPATH\Boot.php(67): CodeIgniter\Boot::runCodeIgniter(Object(CodeIgniter\CodeIgniter))
11 FCPATH\index.php(56): CodeIgniter\Boot::bootWeb(Object(Config\Paths))
WARNING - 2025-07-07 01:20:03 --> [DEPRECATED] json_decode(): Passing null to parameter #1 ($json) of type string is deprecated in APPPATH\Views\VistaSelectCasos.php on line 93.
 1 APPPATH\Views\VistaSelectCasos.php(93): json_decode(null, true)
 2 SYSTEMPATH\View\View.php(234): include('C:\\xampp\\htdocs\\SisOdontoMandy\\app\\Views\\VistaSelectCasos.php')
 3 SYSTEMPATH\View\View.php(237): CodeIgniter\View\View->CodeIgniter\View\{closure}()
 4 SYSTEMPATH\Common.php(1171): CodeIgniter\View\View->render('VistaSelectCasos', [], true)
 5 APPPATH\Controllers\CCasos.php(55): view('VistaSelectCasos', [...])
 6 SYSTEMPATH\CodeIgniter.php(933): App\Controllers\CCasos->SelectCasosFC()
 7 SYSTEMPATH\CodeIgniter.php(509): CodeIgniter\CodeIgniter->runController(Object(App\Controllers\CCasos))
 8 SYSTEMPATH\CodeIgniter.php(355): CodeIgniter\CodeIgniter->handleRequest(null, Object(Config\Cache), false)
 9 SYSTEMPATH\Boot.php(325): CodeIgniter\CodeIgniter->run()
10 SYSTEMPATH\Boot.php(67): CodeIgniter\Boot::runCodeIgniter(Object(CodeIgniter\CodeIgniter))
11 FCPATH\index.php(56): CodeIgniter\Boot::bootWeb(Object(Config\Paths))
WARNING - 2025-07-07 01:21:14 --> [DEPRECATED] json_decode(): Passing null to parameter #1 ($json) of type string is deprecated in APPPATH\Views\VistaSelectCasos.php on line 93.
 1 APPPATH\Views\VistaSelectCasos.php(93): json_decode(null, true)
 2 SYSTEMPATH\View\View.php(234): include('C:\\xampp\\htdocs\\SisOdontoMandy\\app\\Views\\VistaSelectCasos.php')
 3 SYSTEMPATH\View\View.php(237): CodeIgniter\View\View->CodeIgniter\View\{closure}()
 4 SYSTEMPATH\Common.php(1171): CodeIgniter\View\View->render('VistaSelectCasos', [], true)
 5 APPPATH\Controllers\CCasos.php(55): view('VistaSelectCasos', [...])
 6 SYSTEMPATH\CodeIgniter.php(933): App\Controllers\CCasos->SelectCasosFC()
 7 SYSTEMPATH\CodeIgniter.php(509): CodeIgniter\CodeIgniter->runController(Object(App\Controllers\CCasos))
 8 SYSTEMPATH\CodeIgniter.php(355): CodeIgniter\CodeIgniter->handleRequest(null, Object(Config\Cache), false)
 9 SYSTEMPATH\Boot.php(325): CodeIgniter\CodeIgniter->run()
10 SYSTEMPATH\Boot.php(67): CodeIgniter\Boot::runCodeIgniter(Object(CodeIgniter\CodeIgniter))
11 FCPATH\index.php(56): CodeIgniter\Boot::bootWeb(Object(Config\Paths))
WARNING - 2025-07-07 01:21:14 --> [DEPRECATED] json_decode(): Passing null to parameter #1 ($json) of type string is deprecated in APPPATH\Views\VistaSelectCasos.php on line 93.
 1 APPPATH\Views\VistaSelectCasos.php(93): json_decode(null, true)
 2 SYSTEMPATH\View\View.php(234): include('C:\\xampp\\htdocs\\SisOdontoMandy\\app\\Views\\VistaSelectCasos.php')
 3 SYSTEMPATH\View\View.php(237): CodeIgniter\View\View->CodeIgniter\View\{closure}()
 4 SYSTEMPATH\Common.php(1171): CodeIgniter\View\View->render('VistaSelectCasos', [], true)
 5 APPPATH\Controllers\CCasos.php(55): view('VistaSelectCasos', [...])
 6 SYSTEMPATH\CodeIgniter.php(933): App\Controllers\CCasos->SelectCasosFC()
 7 SYSTEMPATH\CodeIgniter.php(509): CodeIgniter\CodeIgniter->runController(Object(App\Controllers\CCasos))
 8 SYSTEMPATH\CodeIgniter.php(355): CodeIgniter\CodeIgniter->handleRequest(null, Object(Config\Cache), false)
 9 SYSTEMPATH\Boot.php(325): CodeIgniter\CodeIgniter->run()
10 SYSTEMPATH\Boot.php(67): CodeIgniter\Boot::runCodeIgniter(Object(CodeIgniter\CodeIgniter))
11 FCPATH\index.php(56): CodeIgniter\Boot::bootWeb(Object(Config\Paths))
WARNING - 2025-07-07 01:21:14 --> [DEPRECATED] json_decode(): Passing null to parameter #1 ($json) of type string is deprecated in APPPATH\Views\VistaSelectCasos.php on line 93.
 1 APPPATH\Views\VistaSelectCasos.php(93): json_decode(null, true)
 2 SYSTEMPATH\View\View.php(234): include('C:\\xampp\\htdocs\\SisOdontoMandy\\app\\Views\\VistaSelectCasos.php')
 3 SYSTEMPATH\View\View.php(237): CodeIgniter\View\View->CodeIgniter\View\{closure}()
 4 SYSTEMPATH\Common.php(1171): CodeIgniter\View\View->render('VistaSelectCasos', [], true)
 5 APPPATH\Controllers\CCasos.php(55): view('VistaSelectCasos', [...])
 6 SYSTEMPATH\CodeIgniter.php(933): App\Controllers\CCasos->SelectCasosFC()
 7 SYSTEMPATH\CodeIgniter.php(509): CodeIgniter\CodeIgniter->runController(Object(App\Controllers\CCasos))
 8 SYSTEMPATH\CodeIgniter.php(355): CodeIgniter\CodeIgniter->handleRequest(null, Object(Config\Cache), false)
 9 SYSTEMPATH\Boot.php(325): CodeIgniter\CodeIgniter->run()
10 SYSTEMPATH\Boot.php(67): CodeIgniter\Boot::runCodeIgniter(Object(CodeIgniter\CodeIgniter))
11 FCPATH\index.php(56): CodeIgniter\Boot::bootWeb(Object(Config\Paths))
WARNING - 2025-07-07 01:21:14 --> [DEPRECATED] json_decode(): Passing null to parameter #1 ($json) of type string is deprecated in APPPATH\Views\VistaSelectCasos.php on line 93.
 1 APPPATH\Views\VistaSelectCasos.php(93): json_decode(null, true)
 2 SYSTEMPATH\View\View.php(234): include('C:\\xampp\\htdocs\\SisOdontoMandy\\app\\Views\\VistaSelectCasos.php')
 3 SYSTEMPATH\View\View.php(237): CodeIgniter\View\View->CodeIgniter\View\{closure}()
 4 SYSTEMPATH\Common.php(1171): CodeIgniter\View\View->render('VistaSelectCasos', [], true)
 5 APPPATH\Controllers\CCasos.php(55): view('VistaSelectCasos', [...])
 6 SYSTEMPATH\CodeIgniter.php(933): App\Controllers\CCasos->SelectCasosFC()
 7 SYSTEMPATH\CodeIgniter.php(509): CodeIgniter\CodeIgniter->runController(Object(App\Controllers\CCasos))
 8 SYSTEMPATH\CodeIgniter.php(355): CodeIgniter\CodeIgniter->handleRequest(null, Object(Config\Cache), false)
 9 SYSTEMPATH\Boot.php(325): CodeIgniter\CodeIgniter->run()
10 SYSTEMPATH\Boot.php(67): CodeIgniter\Boot::runCodeIgniter(Object(CodeIgniter\CodeIgniter))
11 FCPATH\index.php(56): CodeIgniter\Boot::bootWeb(Object(Config\Paths))
WARNING - 2025-07-07 01:21:14 --> [DEPRECATED] json_decode(): Passing null to parameter #1 ($json) of type string is deprecated in APPPATH\Views\VistaSelectCasos.php on line 93.
 1 APPPATH\Views\VistaSelectCasos.php(93): json_decode(null, true)
 2 SYSTEMPATH\View\View.php(234): include('C:\\xampp\\htdocs\\SisOdontoMandy\\app\\Views\\VistaSelectCasos.php')
 3 SYSTEMPATH\View\View.php(237): CodeIgniter\View\View->CodeIgniter\View\{closure}()
 4 SYSTEMPATH\Common.php(1171): CodeIgniter\View\View->render('VistaSelectCasos', [], true)
 5 APPPATH\Controllers\CCasos.php(55): view('VistaSelectCasos', [...])
 6 SYSTEMPATH\CodeIgniter.php(933): App\Controllers\CCasos->SelectCasosFC()
 7 SYSTEMPATH\CodeIgniter.php(509): CodeIgniter\CodeIgniter->runController(Object(App\Controllers\CCasos))
 8 SYSTEMPATH\CodeIgniter.php(355): CodeIgniter\CodeIgniter->handleRequest(null, Object(Config\Cache), false)
 9 SYSTEMPATH\Boot.php(325): CodeIgniter\CodeIgniter->run()
10 SYSTEMPATH\Boot.php(67): CodeIgniter\Boot::runCodeIgniter(Object(CodeIgniter\CodeIgniter))
11 FCPATH\index.php(56): CodeIgniter\Boot::bootWeb(Object(Config\Paths))
WARNING - 2025-07-07 01:22:27 --> [DEPRECATED] json_decode(): Passing null to parameter #1 ($json) of type string is deprecated in APPPATH\Views\VistaSelectCasos.php on line 93.
 1 APPPATH\Views\VistaSelectCasos.php(93): json_decode(null, true)
 2 SYSTEMPATH\View\View.php(234): include('C:\\xampp\\htdocs\\SisOdontoMandy\\app\\Views\\VistaSelectCasos.php')
 3 SYSTEMPATH\View\View.php(237): CodeIgniter\View\View->CodeIgniter\View\{closure}()
 4 SYSTEMPATH\Common.php(1171): CodeIgniter\View\View->render('VistaSelectCasos', [], true)
 5 APPPATH\Controllers\CCasos.php(55): view('VistaSelectCasos', [...])
 6 SYSTEMPATH\CodeIgniter.php(933): App\Controllers\CCasos->SelectCasosFC()
 7 SYSTEMPATH\CodeIgniter.php(509): CodeIgniter\CodeIgniter->runController(Object(App\Controllers\CCasos))
 8 SYSTEMPATH\CodeIgniter.php(355): CodeIgniter\CodeIgniter->handleRequest(null, Object(Config\Cache), false)
 9 SYSTEMPATH\Boot.php(325): CodeIgniter\CodeIgniter->run()
10 SYSTEMPATH\Boot.php(67): CodeIgniter\Boot::runCodeIgniter(Object(CodeIgniter\CodeIgniter))
11 FCPATH\index.php(56): CodeIgniter\Boot::bootWeb(Object(Config\Paths))
WARNING - 2025-07-07 01:22:27 --> [DEPRECATED] json_decode(): Passing null to parameter #1 ($json) of type string is deprecated in APPPATH\Views\VistaSelectCasos.php on line 93.
 1 APPPATH\Views\VistaSelectCasos.php(93): json_decode(null, true)
 2 SYSTEMPATH\View\View.php(234): include('C:\\xampp\\htdocs\\SisOdontoMandy\\app\\Views\\VistaSelectCasos.php')
 3 SYSTEMPATH\View\View.php(237): CodeIgniter\View\View->CodeIgniter\View\{closure}()
 4 SYSTEMPATH\Common.php(1171): CodeIgniter\View\View->render('VistaSelectCasos', [], true)
 5 APPPATH\Controllers\CCasos.php(55): view('VistaSelectCasos', [...])
 6 SYSTEMPATH\CodeIgniter.php(933): App\Controllers\CCasos->SelectCasosFC()
 7 SYSTEMPATH\CodeIgniter.php(509): CodeIgniter\CodeIgniter->runController(Object(App\Controllers\CCasos))
 8 SYSTEMPATH\CodeIgniter.php(355): CodeIgniter\CodeIgniter->handleRequest(null, Object(Config\Cache), false)
 9 SYSTEMPATH\Boot.php(325): CodeIgniter\CodeIgniter->run()
10 SYSTEMPATH\Boot.php(67): CodeIgniter\Boot::runCodeIgniter(Object(CodeIgniter\CodeIgniter))
11 FCPATH\index.php(56): CodeIgniter\Boot::bootWeb(Object(Config\Paths))
WARNING - 2025-07-07 01:22:27 --> [DEPRECATED] json_decode(): Passing null to parameter #1 ($json) of type string is deprecated in APPPATH\Views\VistaSelectCasos.php on line 93.
 1 APPPATH\Views\VistaSelectCasos.php(93): json_decode(null, true)
 2 SYSTEMPATH\View\View.php(234): include('C:\\xampp\\htdocs\\SisOdontoMandy\\app\\Views\\VistaSelectCasos.php')
 3 SYSTEMPATH\View\View.php(237): CodeIgniter\View\View->CodeIgniter\View\{closure}()
 4 SYSTEMPATH\Common.php(1171): CodeIgniter\View\View->render('VistaSelectCasos', [], true)
 5 APPPATH\Controllers\CCasos.php(55): view('VistaSelectCasos', [...])
 6 SYSTEMPATH\CodeIgniter.php(933): App\Controllers\CCasos->SelectCasosFC()
 7 SYSTEMPATH\CodeIgniter.php(509): CodeIgniter\CodeIgniter->runController(Object(App\Controllers\CCasos))
 8 SYSTEMPATH\CodeIgniter.php(355): CodeIgniter\CodeIgniter->handleRequest(null, Object(Config\Cache), false)
 9 SYSTEMPATH\Boot.php(325): CodeIgniter\CodeIgniter->run()
10 SYSTEMPATH\Boot.php(67): CodeIgniter\Boot::runCodeIgniter(Object(CodeIgniter\CodeIgniter))
11 FCPATH\index.php(56): CodeIgniter\Boot::bootWeb(Object(Config\Paths))
WARNING - 2025-07-07 01:22:27 --> [DEPRECATED] json_decode(): Passing null to parameter #1 ($json) of type string is deprecated in APPPATH\Views\VistaSelectCasos.php on line 93.
 1 APPPATH\Views\VistaSelectCasos.php(93): json_decode(null, true)
 2 SYSTEMPATH\View\View.php(234): include('C:\\xampp\\htdocs\\SisOdontoMandy\\app\\Views\\VistaSelectCasos.php')
 3 SYSTEMPATH\View\View.php(237): CodeIgniter\View\View->CodeIgniter\View\{closure}()
 4 SYSTEMPATH\Common.php(1171): CodeIgniter\View\View->render('VistaSelectCasos', [], true)
 5 APPPATH\Controllers\CCasos.php(55): view('VistaSelectCasos', [...])
 6 SYSTEMPATH\CodeIgniter.php(933): App\Controllers\CCasos->SelectCasosFC()
 7 SYSTEMPATH\CodeIgniter.php(509): CodeIgniter\CodeIgniter->runController(Object(App\Controllers\CCasos))
 8 SYSTEMPATH\CodeIgniter.php(355): CodeIgniter\CodeIgniter->handleRequest(null, Object(Config\Cache), false)
 9 SYSTEMPATH\Boot.php(325): CodeIgniter\CodeIgniter->run()
10 SYSTEMPATH\Boot.php(67): CodeIgniter\Boot::runCodeIgniter(Object(CodeIgniter\CodeIgniter))
11 FCPATH\index.php(56): CodeIgniter\Boot::bootWeb(Object(Config\Paths))
WARNING - 2025-07-07 01:22:27 --> [DEPRECATED] json_decode(): Passing null to parameter #1 ($json) of type string is deprecated in APPPATH\Views\VistaSelectCasos.php on line 93.
 1 APPPATH\Views\VistaSelectCasos.php(93): json_decode(null, true)
 2 SYSTEMPATH\View\View.php(234): include('C:\\xampp\\htdocs\\SisOdontoMandy\\app\\Views\\VistaSelectCasos.php')
 3 SYSTEMPATH\View\View.php(237): CodeIgniter\View\View->CodeIgniter\View\{closure}()
 4 SYSTEMPATH\Common.php(1171): CodeIgniter\View\View->render('VistaSelectCasos', [], true)
 5 APPPATH\Controllers\CCasos.php(55): view('VistaSelectCasos', [...])
 6 SYSTEMPATH\CodeIgniter.php(933): App\Controllers\CCasos->SelectCasosFC()
 7 SYSTEMPATH\CodeIgniter.php(509): CodeIgniter\CodeIgniter->runController(Object(App\Controllers\CCasos))
 8 SYSTEMPATH\CodeIgniter.php(355): CodeIgniter\CodeIgniter->handleRequest(null, Object(Config\Cache), false)
 9 SYSTEMPATH\Boot.php(325): CodeIgniter\CodeIgniter->run()
10 SYSTEMPATH\Boot.php(67): CodeIgniter\Boot::runCodeIgniter(Object(CodeIgniter\CodeIgniter))
11 FCPATH\index.php(56): CodeIgniter\Boot::bootWeb(Object(Config\Paths))
WARNING - 2025-07-07 01:22:53 --> [DEPRECATED] json_decode(): Passing null to parameter #1 ($json) of type string is deprecated in APPPATH\Views\VistaSelectCasos.php on line 93.
 1 APPPATH\Views\VistaSelectCasos.php(93): json_decode(null, true)
 2 SYSTEMPATH\View\View.php(234): include('C:\\xampp\\htdocs\\SisOdontoMandy\\app\\Views\\VistaSelectCasos.php')
 3 SYSTEMPATH\View\View.php(237): CodeIgniter\View\View->CodeIgniter\View\{closure}()
 4 SYSTEMPATH\Common.php(1171): CodeIgniter\View\View->render('VistaSelectCasos', [], true)
 5 APPPATH\Controllers\CCasos.php(55): view('VistaSelectCasos', [...])
 6 SYSTEMPATH\CodeIgniter.php(933): App\Controllers\CCasos->SelectCasosFC()
 7 SYSTEMPATH\CodeIgniter.php(509): CodeIgniter\CodeIgniter->runController(Object(App\Controllers\CCasos))
 8 SYSTEMPATH\CodeIgniter.php(355): CodeIgniter\CodeIgniter->handleRequest(null, Object(Config\Cache), false)
 9 SYSTEMPATH\Boot.php(325): CodeIgniter\CodeIgniter->run()
10 SYSTEMPATH\Boot.php(67): CodeIgniter\Boot::runCodeIgniter(Object(CodeIgniter\CodeIgniter))
11 FCPATH\index.php(56): CodeIgniter\Boot::bootWeb(Object(Config\Paths))
WARNING - 2025-07-07 01:22:53 --> [DEPRECATED] json_decode(): Passing null to parameter #1 ($json) of type string is deprecated in APPPATH\Views\VistaSelectCasos.php on line 93.
 1 APPPATH\Views\VistaSelectCasos.php(93): json_decode(null, true)
 2 SYSTEMPATH\View\View.php(234): include('C:\\xampp\\htdocs\\SisOdontoMandy\\app\\Views\\VistaSelectCasos.php')
 3 SYSTEMPATH\View\View.php(237): CodeIgniter\View\View->CodeIgniter\View\{closure}()
 4 SYSTEMPATH\Common.php(1171): CodeIgniter\View\View->render('VistaSelectCasos', [], true)
 5 APPPATH\Controllers\CCasos.php(55): view('VistaSelectCasos', [...])
 6 SYSTEMPATH\CodeIgniter.php(933): App\Controllers\CCasos->SelectCasosFC()
 7 SYSTEMPATH\CodeIgniter.php(509): CodeIgniter\CodeIgniter->runController(Object(App\Controllers\CCasos))
 8 SYSTEMPATH\CodeIgniter.php(355): CodeIgniter\CodeIgniter->handleRequest(null, Object(Config\Cache), false)
 9 SYSTEMPATH\Boot.php(325): CodeIgniter\CodeIgniter->run()
10 SYSTEMPATH\Boot.php(67): CodeIgniter\Boot::runCodeIgniter(Object(CodeIgniter\CodeIgniter))
11 FCPATH\index.php(56): CodeIgniter\Boot::bootWeb(Object(Config\Paths))
WARNING - 2025-07-07 01:22:53 --> [DEPRECATED] json_decode(): Passing null to parameter #1 ($json) of type string is deprecated in APPPATH\Views\VistaSelectCasos.php on line 93.
 1 APPPATH\Views\VistaSelectCasos.php(93): json_decode(null, true)
 2 SYSTEMPATH\View\View.php(234): include('C:\\xampp\\htdocs\\SisOdontoMandy\\app\\Views\\VistaSelectCasos.php')
 3 SYSTEMPATH\View\View.php(237): CodeIgniter\View\View->CodeIgniter\View\{closure}()
 4 SYSTEMPATH\Common.php(1171): CodeIgniter\View\View->render('VistaSelectCasos', [], true)
 5 APPPATH\Controllers\CCasos.php(55): view('VistaSelectCasos', [...])
 6 SYSTEMPATH\CodeIgniter.php(933): App\Controllers\CCasos->SelectCasosFC()
 7 SYSTEMPATH\CodeIgniter.php(509): CodeIgniter\CodeIgniter->runController(Object(App\Controllers\CCasos))
 8 SYSTEMPATH\CodeIgniter.php(355): CodeIgniter\CodeIgniter->handleRequest(null, Object(Config\Cache), false)
 9 SYSTEMPATH\Boot.php(325): CodeIgniter\CodeIgniter->run()
10 SYSTEMPATH\Boot.php(67): CodeIgniter\Boot::runCodeIgniter(Object(CodeIgniter\CodeIgniter))
11 FCPATH\index.php(56): CodeIgniter\Boot::bootWeb(Object(Config\Paths))
WARNING - 2025-07-07 01:22:53 --> [DEPRECATED] json_decode(): Passing null to parameter #1 ($json) of type string is deprecated in APPPATH\Views\VistaSelectCasos.php on line 93.
 1 APPPATH\Views\VistaSelectCasos.php(93): json_decode(null, true)
 2 SYSTEMPATH\View\View.php(234): include('C:\\xampp\\htdocs\\SisOdontoMandy\\app\\Views\\VistaSelectCasos.php')
 3 SYSTEMPATH\View\View.php(237): CodeIgniter\View\View->CodeIgniter\View\{closure}()
 4 SYSTEMPATH\Common.php(1171): CodeIgniter\View\View->render('VistaSelectCasos', [], true)
 5 APPPATH\Controllers\CCasos.php(55): view('VistaSelectCasos', [...])
 6 SYSTEMPATH\CodeIgniter.php(933): App\Controllers\CCasos->SelectCasosFC()
 7 SYSTEMPATH\CodeIgniter.php(509): CodeIgniter\CodeIgniter->runController(Object(App\Controllers\CCasos))
 8 SYSTEMPATH\CodeIgniter.php(355): CodeIgniter\CodeIgniter->handleRequest(null, Object(Config\Cache), false)
 9 SYSTEMPATH\Boot.php(325): CodeIgniter\CodeIgniter->run()
10 SYSTEMPATH\Boot.php(67): CodeIgniter\Boot::runCodeIgniter(Object(CodeIgniter\CodeIgniter))
11 FCPATH\index.php(56): CodeIgniter\Boot::bootWeb(Object(Config\Paths))
WARNING - 2025-07-07 01:22:53 --> [DEPRECATED] json_decode(): Passing null to parameter #1 ($json) of type string is deprecated in APPPATH\Views\VistaSelectCasos.php on line 93.
 1 APPPATH\Views\VistaSelectCasos.php(93): json_decode(null, true)
 2 SYSTEMPATH\View\View.php(234): include('C:\\xampp\\htdocs\\SisOdontoMandy\\app\\Views\\VistaSelectCasos.php')
 3 SYSTEMPATH\View\View.php(237): CodeIgniter\View\View->CodeIgniter\View\{closure}()
 4 SYSTEMPATH\Common.php(1171): CodeIgniter\View\View->render('VistaSelectCasos', [], true)
 5 APPPATH\Controllers\CCasos.php(55): view('VistaSelectCasos', [...])
 6 SYSTEMPATH\CodeIgniter.php(933): App\Controllers\CCasos->SelectCasosFC()
 7 SYSTEMPATH\CodeIgniter.php(509): CodeIgniter\CodeIgniter->runController(Object(App\Controllers\CCasos))
 8 SYSTEMPATH\CodeIgniter.php(355): CodeIgniter\CodeIgniter->handleRequest(null, Object(Config\Cache), false)
 9 SYSTEMPATH\Boot.php(325): CodeIgniter\CodeIgniter->run()
10 SYSTEMPATH\Boot.php(67): CodeIgniter\Boot::runCodeIgniter(Object(CodeIgniter\CodeIgniter))
11 FCPATH\index.php(56): CodeIgniter\Boot::bootWeb(Object(Config\Paths))
CRITICAL - 2025-07-07 01:26:50 --> CodeIgniter\Security\Exceptions\SecurityException: The action you requested is not allowed.
[Method: POST, Route: InsertCC]
in SYSTEMPATH\Security\Security.php on line 262.
 1 SYSTEMPATH\Security\Security.php(262): CodeIgniter\Security\Exceptions\SecurityException::forDisallowedAction()
 2 SYSTEMPATH\Filters\CSRF.php(52): CodeIgniter\Security\Security->verify(Object(CodeIgniter\HTTP\IncomingRequest))
 3 SYSTEMPATH\Filters\Filters.php(203): CodeIgniter\Filters\CSRF->before(Object(CodeIgniter\HTTP\IncomingRequest), null)
 4 SYSTEMPATH\Filters\Filters.php(184): CodeIgniter\Filters\Filters->runBefore([...])
 5 SYSTEMPATH\CodeIgniter.php(481): CodeIgniter\Filters\Filters->run('InsertCC', 'before')
 6 SYSTEMPATH\CodeIgniter.php(355): CodeIgniter\CodeIgniter->handleRequest(null, Object(Config\Cache), false)
 7 SYSTEMPATH\Boot.php(325): CodeIgniter\CodeIgniter->run()
 8 SYSTEMPATH\Boot.php(67): CodeIgniter\Boot::runCodeIgniter(Object(CodeIgniter\CodeIgniter))
 9 FCPATH\index.php(56): CodeIgniter\Boot::bootWeb(Object(Config\Paths))
CRITICAL - 2025-07-07 01:28:29 --> CodeIgniter\Security\Exceptions\SecurityException: The action you requested is not allowed.
[Method: POST, Route: InsertCC]
in SYSTEMPATH\Security\Security.php on line 262.
 1 SYSTEMPATH\Security\Security.php(262): CodeIgniter\Security\Exceptions\SecurityException::forDisallowedAction()
 2 SYSTEMPATH\Filters\CSRF.php(52): CodeIgniter\Security\Security->verify(Object(CodeIgniter\HTTP\IncomingRequest))
 3 SYSTEMPATH\Filters\Filters.php(203): CodeIgniter\Filters\CSRF->before(Object(CodeIgniter\HTTP\IncomingRequest), null)
 4 SYSTEMPATH\Filters\Filters.php(184): CodeIgniter\Filters\Filters->runBefore([...])
 5 SYSTEMPATH\CodeIgniter.php(481): CodeIgniter\Filters\Filters->run('InsertCC', 'before')
 6 SYSTEMPATH\CodeIgniter.php(355): CodeIgniter\CodeIgniter->handleRequest(null, Object(Config\Cache), false)
 7 SYSTEMPATH\Boot.php(325): CodeIgniter\CodeIgniter->run()
 8 SYSTEMPATH\Boot.php(67): CodeIgniter\Boot::runCodeIgniter(Object(CodeIgniter\CodeIgniter))
 9 FCPATH\index.php(56): CodeIgniter\Boot::bootWeb(Object(Config\Paths))
INFO - 2025-07-07 01:29:06 --> CSRF token verified.
WARNING - 2025-07-07 01:29:06 --> [DEPRECATED] json_decode(): Passing null to parameter #1 ($json) of type string is deprecated in APPPATH\Views\VistaSelectCasos.php on line 93.
 1 APPPATH\Views\VistaSelectCasos.php(93): json_decode(null, true)
 2 SYSTEMPATH\View\View.php(234): include('C:\\xampp\\htdocs\\SisOdontoMandy\\app\\Views\\VistaSelectCasos.php')
 3 SYSTEMPATH\View\View.php(237): CodeIgniter\View\View->CodeIgniter\View\{closure}()
 4 SYSTEMPATH\Common.php(1171): CodeIgniter\View\View->render('VistaSelectCasos', [], true)
 5 APPPATH\Controllers\CCasos.php(55): view('VistaSelectCasos', [...])
 6 SYSTEMPATH\CodeIgniter.php(933): App\Controllers\CCasos->SelectCasosFC()
 7 SYSTEMPATH\CodeIgniter.php(509): CodeIgniter\CodeIgniter->runController(Object(App\Controllers\CCasos))
 8 SYSTEMPATH\CodeIgniter.php(355): CodeIgniter\CodeIgniter->handleRequest(null, Object(Config\Cache), false)
 9 SYSTEMPATH\Boot.php(325): CodeIgniter\CodeIgniter->run()
10 SYSTEMPATH\Boot.php(67): CodeIgniter\Boot::runCodeIgniter(Object(CodeIgniter\CodeIgniter))
11 FCPATH\index.php(56): CodeIgniter\Boot::bootWeb(Object(Config\Paths))
WARNING - 2025-07-07 01:29:06 --> [DEPRECATED] json_decode(): Passing null to parameter #1 ($json) of type string is deprecated in APPPATH\Views\VistaSelectCasos.php on line 93.
 1 APPPATH\Views\VistaSelectCasos.php(93): json_decode(null, true)
 2 SYSTEMPATH\View\View.php(234): include('C:\\xampp\\htdocs\\SisOdontoMandy\\app\\Views\\VistaSelectCasos.php')
 3 SYSTEMPATH\View\View.php(237): CodeIgniter\View\View->CodeIgniter\View\{closure}()
 4 SYSTEMPATH\Common.php(1171): CodeIgniter\View\View->render('VistaSelectCasos', [], true)
 5 APPPATH\Controllers\CCasos.php(55): view('VistaSelectCasos', [...])
 6 SYSTEMPATH\CodeIgniter.php(933): App\Controllers\CCasos->SelectCasosFC()
 7 SYSTEMPATH\CodeIgniter.php(509): CodeIgniter\CodeIgniter->runController(Object(App\Controllers\CCasos))
 8 SYSTEMPATH\CodeIgniter.php(355): CodeIgniter\CodeIgniter->handleRequest(null, Object(Config\Cache), false)
 9 SYSTEMPATH\Boot.php(325): CodeIgniter\CodeIgniter->run()
10 SYSTEMPATH\Boot.php(67): CodeIgniter\Boot::runCodeIgniter(Object(CodeIgniter\CodeIgniter))
11 FCPATH\index.php(56): CodeIgniter\Boot::bootWeb(Object(Config\Paths))
WARNING - 2025-07-07 01:29:06 --> [DEPRECATED] json_decode(): Passing null to parameter #1 ($json) of type string is deprecated in APPPATH\Views\VistaSelectCasos.php on line 93.
 1 APPPATH\Views\VistaSelectCasos.php(93): json_decode(null, true)
 2 SYSTEMPATH\View\View.php(234): include('C:\\xampp\\htdocs\\SisOdontoMandy\\app\\Views\\VistaSelectCasos.php')
 3 SYSTEMPATH\View\View.php(237): CodeIgniter\View\View->CodeIgniter\View\{closure}()
 4 SYSTEMPATH\Common.php(1171): CodeIgniter\View\View->render('VistaSelectCasos', [], true)
 5 APPPATH\Controllers\CCasos.php(55): view('VistaSelectCasos', [...])
 6 SYSTEMPATH\CodeIgniter.php(933): App\Controllers\CCasos->SelectCasosFC()
 7 SYSTEMPATH\CodeIgniter.php(509): CodeIgniter\CodeIgniter->runController(Object(App\Controllers\CCasos))
 8 SYSTEMPATH\CodeIgniter.php(355): CodeIgniter\CodeIgniter->handleRequest(null, Object(Config\Cache), false)
 9 SYSTEMPATH\Boot.php(325): CodeIgniter\CodeIgniter->run()
10 SYSTEMPATH\Boot.php(67): CodeIgniter\Boot::runCodeIgniter(Object(CodeIgniter\CodeIgniter))
11 FCPATH\index.php(56): CodeIgniter\Boot::bootWeb(Object(Config\Paths))
WARNING - 2025-07-07 01:29:06 --> [DEPRECATED] json_decode(): Passing null to parameter #1 ($json) of type string is deprecated in APPPATH\Views\VistaSelectCasos.php on line 93.
 1 APPPATH\Views\VistaSelectCasos.php(93): json_decode(null, true)
 2 SYSTEMPATH\View\View.php(234): include('C:\\xampp\\htdocs\\SisOdontoMandy\\app\\Views\\VistaSelectCasos.php')
 3 SYSTEMPATH\View\View.php(237): CodeIgniter\View\View->CodeIgniter\View\{closure}()
 4 SYSTEMPATH\Common.php(1171): CodeIgniter\View\View->render('VistaSelectCasos', [], true)
 5 APPPATH\Controllers\CCasos.php(55): view('VistaSelectCasos', [...])
 6 SYSTEMPATH\CodeIgniter.php(933): App\Controllers\CCasos->SelectCasosFC()
 7 SYSTEMPATH\CodeIgniter.php(509): CodeIgniter\CodeIgniter->runController(Object(App\Controllers\CCasos))
 8 SYSTEMPATH\CodeIgniter.php(355): CodeIgniter\CodeIgniter->handleRequest(null, Object(Config\Cache), false)
 9 SYSTEMPATH\Boot.php(325): CodeIgniter\CodeIgniter->run()
10 SYSTEMPATH\Boot.php(67): CodeIgniter\Boot::runCodeIgniter(Object(CodeIgniter\CodeIgniter))
11 FCPATH\index.php(56): CodeIgniter\Boot::bootWeb(Object(Config\Paths))
WARNING - 2025-07-07 01:29:06 --> [DEPRECATED] json_decode(): Passing null to parameter #1 ($json) of type string is deprecated in APPPATH\Views\VistaSelectCasos.php on line 93.
 1 APPPATH\Views\VistaSelectCasos.php(93): json_decode(null, true)
 2 SYSTEMPATH\View\View.php(234): include('C:\\xampp\\htdocs\\SisOdontoMandy\\app\\Views\\VistaSelectCasos.php')
 3 SYSTEMPATH\View\View.php(237): CodeIgniter\View\View->CodeIgniter\View\{closure}()
 4 SYSTEMPATH\Common.php(1171): CodeIgniter\View\View->render('VistaSelectCasos', [], true)
 5 APPPATH\Controllers\CCasos.php(55): view('VistaSelectCasos', [...])
 6 SYSTEMPATH\CodeIgniter.php(933): App\Controllers\CCasos->SelectCasosFC()
 7 SYSTEMPATH\CodeIgniter.php(509): CodeIgniter\CodeIgniter->runController(Object(App\Controllers\CCasos))
 8 SYSTEMPATH\CodeIgniter.php(355): CodeIgniter\CodeIgniter->handleRequest(null, Object(Config\Cache), false)
 9 SYSTEMPATH\Boot.php(325): CodeIgniter\CodeIgniter->run()
10 SYSTEMPATH\Boot.php(67): CodeIgniter\Boot::runCodeIgniter(Object(CodeIgniter\CodeIgniter))
11 FCPATH\index.php(56): CodeIgniter\Boot::bootWeb(Object(Config\Paths))
INFO - 2025-07-07 04:40:17 --> CSRF token verified.
CRITICAL - 2025-07-07 04:40:17 --> CodeIgniter\Database\Exceptions\DataException: Allowed fields must be specified for model: "App\Models\ModeloGeneral"
[Method: POST, Route: InsertCC]
in SYSTEMPATH\Model.php on line 824.
 1 SYSTEMPATH\Model.php(824): CodeIgniter\Database\Exceptions\DataException::forInvalidAllowedFields('App\\Models\\ModeloGeneral')
 2 SYSTEMPATH\BaseModel.php(821): CodeIgniter\Model->doProtectFieldsForInsert([...])
 3 SYSTEMPATH\Model.php(802): CodeIgniter\BaseModel->insert([...], true)
 4 APPPATH\Controllers\CCasos.php(37): CodeIgniter\Model->insert([...])
 5 SYSTEMPATH\CodeIgniter.php(933): App\Controllers\CCasos->MetodoInsertarCaso()
 6 SYSTEMPATH\CodeIgniter.php(509): CodeIgniter\CodeIgniter->runController(Object(App\Controllers\CCasos))
 7 SYSTEMPATH\CodeIgniter.php(355): CodeIgniter\CodeIgniter->handleRequest(null, Object(Config\Cache), false)
 8 SYSTEMPATH\Boot.php(325): CodeIgniter\CodeIgniter->run()
 9 SYSTEMPATH\Boot.php(67): CodeIgniter\Boot::runCodeIgniter(Object(CodeIgniter\CodeIgniter))
10 FCPATH\index.php(56): CodeIgniter\Boot::bootWeb(Object(Config\Paths))
INFO - 2025-07-07 05:06:47 --> CSRF token verified.
CRITICAL - 2025-07-07 05:06:47 --> ErrorException: Undefined variable $id_paciente
[Method: GET, Route: MostrarCD]
in APPPATH\Views\historia_clinica_detalle.php on line 68.
 1 APPPATH\Views\historia_clinica_detalle.php(68): CodeIgniter\Debug\Exceptions->errorHandler(2, 'Undefined variable $id_paciente', 'C:\\xampp\\htdocs\\SisOdontoMandy\\app\\Views\\historia_clinica_detalle.php', 68)
 2 SYSTEMPATH\View\View.php(234): include('C:\\xampp\\htdocs\\SisOdontoMandy\\app\\Views\\historia_clinica_detalle.php')
 3 SYSTEMPATH\View\View.php(237): CodeIgniter\View\View->CodeIgniter\View\{closure}()
 4 SYSTEMPATH\Common.php(1171): CodeIgniter\View\View->render('historia_clinica_detalle', [], true)
 5 APPPATH\Controllers\CCasos.php(89): view('historia_clinica_detalle')
 6 SYSTEMPATH\CodeIgniter.php(933): App\Controllers\CCasos->MetodoMostrarCasoDetallado()
 7 SYSTEMPATH\CodeIgniter.php(509): CodeIgniter\CodeIgniter->runController(Object(App\Controllers\CCasos))
 8 SYSTEMPATH\CodeIgniter.php(355): CodeIgniter\CodeIgniter->handleRequest(null, Object(Config\Cache), false)
 9 SYSTEMPATH\Boot.php(325): CodeIgniter\CodeIgniter->run()
10 SYSTEMPATH\Boot.php(67): CodeIgniter\Boot::runCodeIgniter(Object(CodeIgniter\CodeIgniter))
11 FCPATH\index.php(56): CodeIgniter\Boot::bootWeb(Object(Config\Paths))
INFO - 2025-07-07 05:14:06 --> CSRF token verified.
INFO - 2025-07-07 05:18:08 --> CSRF token verified.
WARNING - 2025-07-07 05:18:08 --> [DEPRECATED] json_decode(): Passing null to parameter #1 ($json) of type string is deprecated in APPPATH\Views\VistaSelectCasos.php on line 93.
 1 APPPATH\Views\VistaSelectCasos.php(93): json_decode(null, true)
 2 SYSTEMPATH\View\View.php(234): include('C:\\xampp\\htdocs\\SisOdontoMandy\\app\\Views\\VistaSelectCasos.php')
 3 SYSTEMPATH\View\View.php(237): CodeIgniter\View\View->CodeIgniter\View\{closure}()
 4 SYSTEMPATH\Common.php(1171): CodeIgniter\View\View->render('VistaSelectCasos', [], true)
 5 APPPATH\Controllers\CCasos.php(57): view('VistaSelectCasos', [...])
 6 SYSTEMPATH\CodeIgniter.php(933): App\Controllers\CCasos->SelectCasosFC()
 7 SYSTEMPATH\CodeIgniter.php(509): CodeIgniter\CodeIgniter->runController(Object(App\Controllers\CCasos))
 8 SYSTEMPATH\CodeIgniter.php(355): CodeIgniter\CodeIgniter->handleRequest(null, Object(Config\Cache), false)
 9 SYSTEMPATH\Boot.php(325): CodeIgniter\CodeIgniter->run()
10 SYSTEMPATH\Boot.php(67): CodeIgniter\Boot::runCodeIgniter(Object(CodeIgniter\CodeIgniter))
11 FCPATH\index.php(56): CodeIgniter\Boot::bootWeb(Object(Config\Paths))
WARNING - 2025-07-07 05:18:08 --> [DEPRECATED] json_decode(): Passing null to parameter #1 ($json) of type string is deprecated in APPPATH\Views\VistaSelectCasos.php on line 93.
 1 APPPATH\Views\VistaSelectCasos.php(93): json_decode(null, true)
 2 SYSTEMPATH\View\View.php(234): include('C:\\xampp\\htdocs\\SisOdontoMandy\\app\\Views\\VistaSelectCasos.php')
 3 SYSTEMPATH\View\View.php(237): CodeIgniter\View\View->CodeIgniter\View\{closure}()
 4 SYSTEMPATH\Common.php(1171): CodeIgniter\View\View->render('VistaSelectCasos', [], true)
 5 APPPATH\Controllers\CCasos.php(57): view('VistaSelectCasos', [...])
 6 SYSTEMPATH\CodeIgniter.php(933): App\Controllers\CCasos->SelectCasosFC()
 7 SYSTEMPATH\CodeIgniter.php(509): CodeIgniter\CodeIgniter->runController(Object(App\Controllers\CCasos))
 8 SYSTEMPATH\CodeIgniter.php(355): CodeIgniter\CodeIgniter->handleRequest(null, Object(Config\Cache), false)
 9 SYSTEMPATH\Boot.php(325): CodeIgniter\CodeIgniter->run()
10 SYSTEMPATH\Boot.php(67): CodeIgniter\Boot::runCodeIgniter(Object(CodeIgniter\CodeIgniter))
11 FCPATH\index.php(56): CodeIgniter\Boot::bootWeb(Object(Config\Paths))
WARNING - 2025-07-07 05:18:08 --> [DEPRECATED] json_decode(): Passing null to parameter #1 ($json) of type string is deprecated in APPPATH\Views\VistaSelectCasos.php on line 93.
 1 APPPATH\Views\VistaSelectCasos.php(93): json_decode(null, true)
 2 SYSTEMPATH\View\View.php(234): include('C:\\xampp\\htdocs\\SisOdontoMandy\\app\\Views\\VistaSelectCasos.php')
 3 SYSTEMPATH\View\View.php(237): CodeIgniter\View\View->CodeIgniter\View\{closure}()
 4 SYSTEMPATH\Common.php(1171): CodeIgniter\View\View->render('VistaSelectCasos', [], true)
 5 APPPATH\Controllers\CCasos.php(57): view('VistaSelectCasos', [...])
 6 SYSTEMPATH\CodeIgniter.php(933): App\Controllers\CCasos->SelectCasosFC()
 7 SYSTEMPATH\CodeIgniter.php(509): CodeIgniter\CodeIgniter->runController(Object(App\Controllers\CCasos))
 8 SYSTEMPATH\CodeIgniter.php(355): CodeIgniter\CodeIgniter->handleRequest(null, Object(Config\Cache), false)
 9 SYSTEMPATH\Boot.php(325): CodeIgniter\CodeIgniter->run()
10 SYSTEMPATH\Boot.php(67): CodeIgniter\Boot::runCodeIgniter(Object(CodeIgniter\CodeIgniter))
11 FCPATH\index.php(56): CodeIgniter\Boot::bootWeb(Object(Config\Paths))
WARNING - 2025-07-07 05:18:08 --> [DEPRECATED] json_decode(): Passing null to parameter #1 ($json) of type string is deprecated in APPPATH\Views\VistaSelectCasos.php on line 93.
 1 APPPATH\Views\VistaSelectCasos.php(93): json_decode(null, true)
 2 SYSTEMPATH\View\View.php(234): include('C:\\xampp\\htdocs\\SisOdontoMandy\\app\\Views\\VistaSelectCasos.php')
 3 SYSTEMPATH\View\View.php(237): CodeIgniter\View\View->CodeIgniter\View\{closure}()
 4 SYSTEMPATH\Common.php(1171): CodeIgniter\View\View->render('VistaSelectCasos', [], true)
 5 APPPATH\Controllers\CCasos.php(57): view('VistaSelectCasos', [...])
 6 SYSTEMPATH\CodeIgniter.php(933): App\Controllers\CCasos->SelectCasosFC()
 7 SYSTEMPATH\CodeIgniter.php(509): CodeIgniter\CodeIgniter->runController(Object(App\Controllers\CCasos))
 8 SYSTEMPATH\CodeIgniter.php(355): CodeIgniter\CodeIgniter->handleRequest(null, Object(Config\Cache), false)
 9 SYSTEMPATH\Boot.php(325): CodeIgniter\CodeIgniter->run()
10 SYSTEMPATH\Boot.php(67): CodeIgniter\Boot::runCodeIgniter(Object(CodeIgniter\CodeIgniter))
11 FCPATH\index.php(56): CodeIgniter\Boot::bootWeb(Object(Config\Paths))
WARNING - 2025-07-07 05:18:08 --> [DEPRECATED] json_decode(): Passing null to parameter #1 ($json) of type string is deprecated in APPPATH\Views\VistaSelectCasos.php on line 93.
 1 APPPATH\Views\VistaSelectCasos.php(93): json_decode(null, true)
 2 SYSTEMPATH\View\View.php(234): include('C:\\xampp\\htdocs\\SisOdontoMandy\\app\\Views\\VistaSelectCasos.php')
 3 SYSTEMPATH\View\View.php(237): CodeIgniter\View\View->CodeIgniter\View\{closure}()
 4 SYSTEMPATH\Common.php(1171): CodeIgniter\View\View->render('VistaSelectCasos', [], true)
 5 APPPATH\Controllers\CCasos.php(57): view('VistaSelectCasos', [...])
 6 SYSTEMPATH\CodeIgniter.php(933): App\Controllers\CCasos->SelectCasosFC()
 7 SYSTEMPATH\CodeIgniter.php(509): CodeIgniter\CodeIgniter->runController(Object(App\Controllers\CCasos))
 8 SYSTEMPATH\CodeIgniter.php(355): CodeIgniter\CodeIgniter->handleRequest(null, Object(Config\Cache), false)
 9 SYSTEMPATH\Boot.php(325): CodeIgniter\CodeIgniter->run()
10 SYSTEMPATH\Boot.php(67): CodeIgniter\Boot::runCodeIgniter(Object(CodeIgniter\CodeIgniter))
11 FCPATH\index.php(56): CodeIgniter\Boot::bootWeb(Object(Config\Paths))
